{"meta": {"format": 3, "version": "7.13.2", "timestamp": "2026-01-31T01:20:34.445077", "branch_coverage": false, "show_contexts": false}, "files": {"bblean/__init__.py": {"executed_lines": [7, 8, 9, 10, 11, 13], "summary": {"covered_lines": 6, "num_statements": 6, "percent_covered": 100.0, "percent_covered_display": "100", "missing_lines": 0, "excluded_lines": 0, "percent_statements_covered": 100.0, "percent_statements_covered_display": "100"}, "missing_lines": [], "excluded_lines": [], "functions": {"": {"executed_lines": [7, 8, 9, 10, 11, 13], "summary": {"covered_lines": 6, "num_statements": 6, "percent_covered": 100.0, "percent_covered_display": "100", "missing_lines": 0, "excluded_lines": 0, "percent_statements_covered": 100.0, "percent_statements_covered_display": "100"}, "missing_lines": [], "excluded_lines": [], "start_line": 1}}, "classes": {"": {"executed_lines": [7, 8, 9, 10, 11, 13], "summary": {"covered_lines": 6, "num_statements": 6, "percent_covered": 100.0, "percent_covered_display": "100", "missing_lines": 0, "excluded_lines": 0, "percent_statements_covered": 100.0, "percent_statements_covered_display": "100"}, "missing_lines": [], "excluded_lines": [], "start_line": 1}}}, "bblean/_config.py": {"executed_lines": [3, 4, 5, 6, 7, 8, 9, 10, 12, 14, 15, 22, 23, 24, 25, 26, 27, 28, 29, 30, 31, 34, 36, 39, 42, 43, 44, 46, 47, 48, 49, 50, 51, 52, 53, 55, 60, 61], "summary": {"covered_lines": 38, "num_statements": 40, "percent_covered": 95.0, "percent_covered_display": "95", "missing_lines": 2, "excluded_lines": 0, "percent_statements_covered": 95.0, "percent_statements_covered_display": "95"}, "missing_lines": [56, 57], "excluded_lines": [], "functions": {"collect_system_specs_and_dump_config": {"executed_lines": [42, 43, 44, 46, 47, 48, 49, 50, 51, 52, 53, 55, 60, 61], "summary": {"covered_lines": 14, "num_statements": 16, "percent_covered": 87.5, "percent_covered_display": "88", "missing_lines": 2, "excluded_lines": 0, "percent_statements_covered": 87.5, "percent_statements_covered_display": "88"}, "missing_lines": [56, 57], "excluded_lines": [], "start_line": 39}, "": {"executed_lines": [3, 4, 5, 6, 7, 8, 9, 10, 12, 14, 15, 22, 23, 24, 25, 26, 27, 28, 29, 30, 31, 34, 36, 39], "summary": {"covered_lines": 24, "num_statements": 24, "percent_covered": 100.0, "percent_covered_display": "100", "missing_lines": 0, "excluded_lines": 0, "percent_statements_covered": 100.0, "percent_statements_covered_display": "100"}, "missing_lines": [], "excluded_lines": [], "start_line": 1}}, "classes": {"BitBirchConfig": {"executed_lines": [], "summary": {"covered_lines": 0, "num_statements": 0, "percent_covered": 100.0, "percent_covered_display": "100", "missing_lines": 0, "excluded_lines": 0, "percent_statements_covered": 100.0, "percent_statements_covered_display": "100"}, "missing_lines": [], "excluded_lines": [], "start_line": 23}, "": {"executed_lines": [3, 4, 5, 6, 7, 8, 9, 10, 12, 14, 15, 22, 23, 24, 25, 26, 27, 28, 29, 30, 31, 34, 36, 39, 42, 43, 44, 46, 47, 48, 49, 50, 51, 52, 53, 55, 60, 61], "summary": {"covered_lines": 38, "num_statements": 40, "percent_covered": 95.0, "percent_covered_display": "95", "missing_lines": 2, "excluded_lines": 0, "percent_statements_covered": 95.0, "percent_statements_covered_display": "95"}, "missing_lines": [56, 57], "excluded_lines": [], "start_line": 1}}}, "bblean/_console.py": {"executed_lines": [3, 4, 5, 6, 7, 9, 11, 14, 15, 16, 18, 25, 26, 27, 28, 39, 40, 41, 42, 46, 47, 48, 49, 50, 51, 62, 63, 64, 65, 67, 83, 87, 91, 95, 97, 100, 102, 103, 108, 109, 110, 111, 112, 113, 125, 128, 129, 130, 131, 132, 133, 134, 139, 140, 144, 148, 152, 156, 159, 160, 161, 163, 164, 166, 167, 169, 170, 171, 172, 174, 175, 177, 180, 181, 184, 185, 186, 187], "summary": {"covered_lines": 78, "num_statements": 96, "percent_covered": 81.25, "percent_covered_display": "81", "missing_lines": 18, "excluded_lines": 0, "percent_statements_covered": 81.25, "percent_statements_covered_display": "81"}, "missing_lines": [17, 43, 44, 66, 68, 71, 72, 77, 78, 79, 84, 88, 92, 101, 135, 145, 149, 153], "excluded_lines": [], "functions": {"BBConsole.print_banner": {"executed_lines": [16, 18, 25, 26, 27, 28], "summary": {"covered_lines": 6, "num_statements": 7, "percent_covered": 85.71428571428571, "percent_covered_display": "86", "missing_lines": 1, "excluded_lines": 0, "percent_statements_covered": 85.71428571428571, "percent_statements_covered_display": "86"}, "missing_lines": [17], "excluded_lines": [], "start_line": 15}, "BBConsole.print_peak_mem": {"executed_lines": [40, 41, 42], "summary": {"covered_lines": 3, "num_statements": 5, "percent_covered": 60.0, "percent_covered_display": "60", "missing_lines": 2, "excluded_lines": 0, "percent_statements_covered": 60.0, "percent_statements_covered_display": "60"}, "missing_lines": [43, 44], "excluded_lines": [], "start_line": 39}, "BBConsole.print_config": {"executed_lines": [47, 48, 49, 50, 51, 62, 63, 64, 65, 67, 83, 87, 91, 95], "summary": {"covered_lines": 14, "num_statements": 24, "percent_covered": 58.333333333333336, "percent_covered_display": "58", "missing_lines": 10, "excluded_lines": 0, "percent_statements_covered": 58.333333333333336, "percent_statements_covered_display": "58"}, "missing_lines": [66, 68, 71, 72, 77, 78, 79, 84, 88, 92], "excluded_lines": [], "start_line": 46}, "BBConsole.print_multiround_config": {"executed_lines": [100, 102, 103, 108, 109, 110, 111, 112, 113, 125, 128, 129, 130, 131, 132, 133, 134, 139, 140, 144, 148, 152, 156], "summary": {"covered_lines": 23, "num_statements": 28, "percent_covered": 82.14285714285714, "percent_covered_display": "82", "missing_lines": 5, "excluded_lines": 0, "percent_statements_covered": 82.14285714285714, "percent_statements_covered_display": "82"}, "missing_lines": [101, 135, 145, 149, 153], "excluded_lines": [], "start_line": 97}, "SilentConsole.print": {"executed_lines": [161], "summary": {"covered_lines": 1, "num_statements": 1, "percent_covered": 100.0, "percent_covered_display": "100", "missing_lines": 0, "excluded_lines": 0, "percent_statements_covered": 100.0, "percent_statements_covered_display": "100"}, "missing_lines": [], "excluded_lines": [], "start_line": 160}, "SilentConsole.print_peak_mem": {"executed_lines": [164], "summary": {"covered_lines": 1, "num_statements": 1, "percent_covered": 100.0, "percent_covered_display": "100", "missing_lines": 0, "excluded_lines": 0, "percent_statements_covered": 100.0, "percent_statements_covered_display": "100"}, "missing_lines": [], "excluded_lines": [], "start_line": 163}, "SilentConsole.print_banner": {"executed_lines": [167], "summary": {"covered_lines": 1, "num_statements": 1, "percent_covered": 100.0, "percent_covered_display": "100", "missing_lines": 0, "excluded_lines": 0, "percent_statements_covered": 100.0, "percent_statements_covered_display": "100"}, "missing_lines": [], "excluded_lines": [], "start_line": 166}, "SilentConsole.status": {"executed_lines": [170, 171, 174, 177], "summary": {"covered_lines": 4, "num_statements": 4, "percent_covered": 100.0, "percent_covered_display": "100", "missing_lines": 0, "excluded_lines": 0, "percent_statements_covered": 100.0, "percent_statements_covered_display": "100"}, "missing_lines": [], "excluded_lines": [], "start_line": 169}, "SilentConsole.status.DummyStatus.__enter__": {"executed_lines": [172], "summary": {"covered_lines": 1, "num_statements": 1, "percent_covered": 100.0, "percent_covered_display": "100", "missing_lines": 0, "excluded_lines": 0, "percent_statements_covered": 100.0, "percent_statements_covered_display": "100"}, "missing_lines": [], "excluded_lines": [], "start_line": 171}, "SilentConsole.status.DummyStatus.__exit__": {"executed_lines": [175], "summary": {"covered_lines": 1, "num_statements": 1, "percent_covered": 100.0, "percent_covered_display": "100", "missing_lines": 0, "excluded_lines": 0, "percent_statements_covered": 100.0, "percent_statements_covered_display": "100"}, "missing_lines": [], "excluded_lines": [], "start_line": 174}, "get_console": {"executed_lines": [185, 186, 187], "summary": {"covered_lines": 3, "num_statements": 3, "percent_covered": 100.0, "percent_covered_display": "100", "missing_lines": 0, "excluded_lines": 0, "percent_statements_covered": 100.0, "percent_statements_covered_display": "100"}, "missing_lines": [], "excluded_lines": [], "start_line": 184}, "": {"executed_lines": [3, 4, 5, 6, 7, 9, 11, 14, 15, 39, 46, 97, 159, 160, 163, 166, 169, 180, 181, 184], "summary": {"covered_lines": 20, "num_statements": 20, "percent_covered": 100.0, "percent_covered_display": "100", "missing_lines": 0, "excluded_lines": 0, "percent_statements_covered": 100.0, "percent_statements_covered_display": "100"}, "missing_lines": [], "excluded_lines": [], "start_line": 1}}, "classes": {"BBConsole": {"executed_lines": [16, 18, 25, 26, 27, 28, 40, 41, 42, 47, 48, 49, 50, 51, 62, 63, 64, 65, 67, 83, 87, 91, 95, 100, 102, 103, 108, 109, 110, 111, 112, 113, 125, 128, 129, 130, 131, 132, 133, 134, 139, 140, 144, 148, 152, 156], "summary": {"covered_lines": 46, "num_statements": 64, "percent_covered": 71.875, "percent_covered_display": "72", "missing_lines": 18, "excluded_lines": 0, "percent_statements_covered": 71.875, "percent_statements_covered_display": "72"}, "missing_lines": [17, 43, 44, 66, 68, 71, 72, 77, 78, 79, 84, 88, 92, 101, 135, 145, 149, 153], "excluded_lines": [], "start_line": 14}, "SilentConsole": {"executed_lines": [161, 164, 167, 170, 171, 174, 177], "summary": {"covered_lines": 7, "num_statements": 7, "percent_covered": 100.0, "percent_covered_display": "100", "missing_lines": 0, "excluded_lines": 0, "percent_statements_covered": 100.0, "percent_statements_covered_display": "100"}, "missing_lines": [], "excluded_lines": [], "start_line": 159}, "SilentConsole.status.DummyStatus": {"executed_lines": [172, 175], "summary": {"covered_lines": 2, "num_statements": 2, "percent_covered": 100.0, "percent_covered_display": "100", "missing_lines": 0, "excluded_lines": 0, "percent_statements_covered": 100.0, "percent_statements_covered_display": "100"}, "missing_lines": [], "excluded_lines": [], "start_line": 170}, "": {"executed_lines": [3, 4, 5, 6, 7, 9, 11, 14, 15, 39, 46, 97, 159, 160, 163, 166, 169, 180, 181, 184, 185, 186, 187], "summary": {"covered_lines": 23, "num_statements": 23, "percent_covered": 100.0, "percent_covered_display": "100", "missing_lines": 0, "excluded_lines": 0, "percent_statements_covered": 100.0, "percent_statements_covered_display": "100"}, "missing_lines": [], "excluded_lines": [], "start_line": 1}}}, "bblean/_memory.py": {"executed_lines": [3, 4, 5, 6, 7, 8, 9, 10, 11, 12, 13, 15, 16, 17, 18, 19, 21, 24, 25, 26, 30, 31, 32, 35, 39, 40, 41, 51, 57, 58, 61, 62, 63, 65, 70, 73, 74, 75, 76, 77, 78, 80, 81, 82, 83, 91, 92, 93, 95, 96, 97, 98, 99, 100, 102, 103, 105, 110, 113, 125, 126, 129, 130, 131, 134, 135, 136, 137, 143, 184], "summary": {"covered_lines": 70, "num_statements": 116, "percent_covered": 60.3448275862069, "percent_covered_display": "60", "missing_lines": 46, "excluded_lines": 0, "percent_statements_covered": 60.3448275862069, "percent_statements_covered_display": "60"}, "missing_lines": [42, 43, 45, 52, 64, 66, 67, 106, 107, 138, 139, 140, 146, 147, 148, 150, 151, 152, 153, 154, 155, 156, 157, 160, 161, 163, 164, 165, 166, 168, 169, 170, 171, 172, 173, 174, 175, 176, 177, 178, 179, 180, 181, 187, 188, 189], "excluded_lines": [], "functions": {"_get_libc": {"executed_lines": [40, 41], "summary": {"covered_lines": 2, "num_statements": 5, "percent_covered": 40.0, "percent_covered_display": "40", "missing_lines": 3, "excluded_lines": 0, "percent_statements_covered": 40.0, "percent_statements_covered_display": "40"}, "missing_lines": [42, 43, 45], "excluded_lines": [], "start_line": 39}, "_madvise_dontneed": {"executed_lines": [], "summary": {"covered_lines": 0, "num_statements": 1, "percent_covered": 0.0, "percent_covered_display": "0", "missing_lines": 1, "excluded_lines": 0, "percent_statements_covered": 0.0, "percent_statements_covered_display": "0"}, "missing_lines": [52], "excluded_lines": [], "start_line": 51}, "_madvise_sequential": {"executed_lines": [58], "summary": {"covered_lines": 1, "num_statements": 1, "percent_covered": 100.0, "percent_covered_display": "100", "missing_lines": 0, "excluded_lines": 0, "percent_statements_covered": 100.0, "percent_statements_covered_display": "100"}, "missing_lines": [], "excluded_lines": [], "start_line": 57}, "_madvise": {"executed_lines": [62, 63, 65], "summary": {"covered_lines": 3, "num_statements": 6, "percent_covered": 50.0, "percent_covered_display": "50", "missing_lines": 3, "excluded_lines": 0, "percent_statements_covered": 50.0, "percent_statements_covered_display": "50"}, "missing_lines": [64, 66, 67], "excluded_lines": [], "start_line": 61}, "_ArrayMemPagesManager.from_bb_input": {"executed_lines": [82, 83, 91, 92, 93, 95, 96, 97, 98, 99, 100], "summary": {"covered_lines": 11, "num_statements": 11, "percent_covered": 100.0, "percent_covered_display": "100", "missing_lines": 0, "excluded_lines": 0, "percent_statements_covered": 100.0, "percent_statements_covered_display": "100"}, "missing_lines": [], "excluded_lines": [], "start_line": 81}, "_ArrayMemPagesManager.should_release_curr_page": {"executed_lines": [103], "summary": {"covered_lines": 1, "num_statements": 1, "percent_covered": 100.0, "percent_covered_display": "100", "missing_lines": 0, "excluded_lines": 0, "percent_statements_covered": 100.0, "percent_statements_covered_display": "100"}, "missing_lines": [], "excluded_lines": [], "start_line": 102}, "_ArrayMemPagesManager.release_curr_page_and_update_addr": {"executed_lines": [], "summary": {"covered_lines": 0, "num_statements": 2, "percent_covered": 0.0, "percent_covered_display": "0", "missing_lines": 2, "excluded_lines": 0, "percent_statements_covered": 0.0, "percent_statements_covered_display": "0"}, "missing_lines": [106, 107], "excluded_lines": [], "start_line": 105}, "_mmap_file_and_madvise_sequential": {"executed_lines": [113, 125, 126], "summary": {"covered_lines": 3, "num_statements": 3, "percent_covered": 100.0, "percent_covered_display": "100", "missing_lines": 0, "excluded_lines": 0, "percent_statements_covered": 100.0, "percent_statements_covered_display": "100"}, "missing_lines": [], "excluded_lines": [], "start_line": 110}, "system_mem_gib": {"executed_lines": [130, 131], "summary": {"covered_lines": 2, "num_statements": 2, "percent_covered": 100.0, "percent_covered_display": "100", "missing_lines": 0, "excluded_lines": 0, "percent_statements_covered": 100.0, "percent_statements_covered_display": "100"}, "missing_lines": [], "excluded_lines": [], "start_line": 129}, "get_peak_memory_gib": {"executed_lines": [135, 136, 137], "summary": {"covered_lines": 3, "num_statements": 6, "percent_covered": 50.0, "percent_covered_display": "50", "missing_lines": 3, "excluded_lines": 0, "percent_statements_covered": 50.0, "percent_statements_covered_display": "50"}, "missing_lines": [138, 139, 140], "excluded_lines": [], "start_line": 134}, "monitor_rss_process": {"executed_lines": [], "summary": {"covered_lines": 0, "num_statements": 22, "percent_covered": 0.0, "percent_covered_display": "0", "missing_lines": 22, "excluded_lines": 0, "percent_statements_covered": 0.0, "percent_statements_covered_display": "0"}, "missing_lines": [146, 147, 148, 150, 163, 164, 165, 166, 168, 169, 170, 171, 172, 173, 174, 175, 176, 177, 178, 179, 180, 181], "excluded_lines": [], "start_line": 143}, "monitor_rss_process.total_rss": {"executed_lines": [], "summary": {"covered_lines": 0, "num_statements": 9, "percent_covered": 0.0, "percent_covered_display": "0", "missing_lines": 9, "excluded_lines": 0, "percent_statements_covered": 0.0, "percent_statements_covered_display": "0"}, "missing_lines": [151, 152, 153, 154, 155, 156, 157, 160, 161], "excluded_lines": [], "start_line": 150}, "launch_monitor_rss_daemon": {"executed_lines": [], "summary": {"covered_lines": 0, "num_statements": 3, "percent_covered": 0.0, "percent_covered_display": "0", "missing_lines": 3, "excluded_lines": 0, "percent_statements_covered": 0.0, "percent_statements_covered_display": "0"}, "missing_lines": [187, 188, 189], "excluded_lines": [], "start_line": 184}, "": {"executed_lines": [3, 4, 5, 6, 7, 8, 9, 10, 11, 12, 13, 15, 16, 17, 18, 19, 21, 24, 25, 26, 30, 31, 32, 35, 39, 51, 57, 61, 70, 73, 74, 75, 76, 77, 78, 80, 81, 102, 105, 110, 129, 134, 143, 184], "summary": {"covered_lines": 44, "num_statements": 44, "percent_covered": 100.0, "percent_covered_display": "100", "missing_lines": 0, "excluded_lines": 0, "percent_statements_covered": 100.0, "percent_statements_covered_display": "100"}, "missing_lines": [], "excluded_lines": [], "start_line": 1}}, "classes": {"Madv": {"executed_lines": [], "summary": {"covered_lines": 0, "num_statements": 0, "percent_covered": 100.0, "percent_covered_display": "100", "missing_lines": 0, "excluded_lines": 0, "percent_statements_covered": 100.0, "percent_statements_covered_display": "100"}, "missing_lines": [], "excluded_lines": [], "start_line": 24}, "_ArrayMemPagesManager": {"executed_lines": [82, 83, 91, 92, 93, 95, 96, 97, 98, 99, 100, 103], "summary": {"covered_lines": 12, "num_statements": 14, "percent_covered": 85.71428571428571, "percent_covered_display": "86", "missing_lines": 2, "excluded_lines": 0, "percent_statements_covered": 85.71428571428571, "percent_statements_covered_display": "86"}, "missing_lines": [106, 107], "excluded_lines": [], "start_line": 74}, "": {"executed_lines": [3, 4, 5, 6, 7, 8, 9, 10, 11, 12, 13, 15, 16, 17, 18, 19, 21, 24, 25, 26, 30, 31, 32, 35, 39, 40, 41, 51, 57, 58, 61, 62, 63, 65, 70, 73, 74, 75, 76, 77, 78, 80, 81, 102, 105, 110, 113, 125, 126, 129, 130, 131, 134, 135, 136, 137, 143, 184], "summary": {"covered_lines": 58, "num_statements": 102, "percent_covered": 56.86274509803921, "percent_covered_display": "57", "missing_lines": 44, "excluded_lines": 0, "percent_statements_covered": 56.86274509803921, "percent_statements_covered_display": "57"}, "missing_lines": [42, 43, 45, 52, 64, 66, 67, 138, 139, 140, 146, 147, 148, 150, 151, 152, 153, 154, 155, 156, 157, 160, 161, 163, 164, 165, 166, 168, 169, 170, 171, 172, 173, 174, 175, 176, 177, 178, 179, 180, 181, 187, 188, 189], "excluded_lines": [], "start_line": 1}}}, "bblean/_merges.py": {"executed_lines": [3, 4, 7, 9, 19, 22, 24, 36, 40, 41, 43, 53, 56, 57, 59, 69, 72, 73, 78, 85, 86, 87, 88, 92, 102, 103, 104, 107, 111, 112, 113, 115, 119, 120, 122, 132, 133, 134, 135, 137, 138, 139, 141, 145, 146, 148, 158, 160, 164, 165, 167, 168, 170, 181, 182, 183, 184, 185, 187, 188, 190, 194, 197, 198, 199, 200, 201, 202], "summary": {"covered_lines": 68, "num_statements": 85, "percent_covered": 80.0, "percent_covered_display": "80", "missing_lines": 17, "excluded_lines": 0, "percent_statements_covered": 80.0, "percent_statements_covered_display": "80"}, "missing_lines": [34, 37, 89, 90, 108, 116, 136, 142, 161, 191, 203, 204, 205, 206, 207, 208, 209], "excluded_lines": [], "functions": {"MergeAcceptFunction.__call__": {"executed_lines": [], "summary": {"covered_lines": 0, "num_statements": 1, "percent_covered": 0.0, "percent_covered_display": "0", "missing_lines": 1, "excluded_lines": 0, "percent_statements_covered": 0.0, "percent_statements_covered_display": "0"}, "missing_lines": [34], "excluded_lines": [], "start_line": 24}, "MergeAcceptFunction.__repr__": {"executed_lines": [], "summary": {"covered_lines": 0, "num_statements": 1, "percent_covered": 0.0, "percent_covered_display": "0", "missing_lines": 1, "excluded_lines": 0, "percent_statements_covered": 0.0, "percent_statements_covered_display": "0"}, "missing_lines": [37], "excluded_lines": [], "start_line": 36}, "RadiusMerge.__call__": {"executed_lines": [53], "summary": {"covered_lines": 1, "num_statements": 1, "percent_covered": 100.0, "percent_covered_display": "100", "missing_lines": 0, "excluded_lines": 0, "percent_statements_covered": 100.0, "percent_statements_covered_display": "100"}, "missing_lines": [], "excluded_lines": [], "start_line": 43}, "DiameterMerge.__call__": {"executed_lines": [69], "summary": {"covered_lines": 1, "num_statements": 1, "percent_covered": 100.0, "percent_covered_display": "100", "missing_lines": 0, "excluded_lines": 0, "percent_statements_covered": 100.0, "percent_statements_covered_display": "100"}, "missing_lines": [], "excluded_lines": [], "start_line": 59}, "ToleranceDiameterMerge.__init__": {"executed_lines": [85, 86, 87, 88], "summary": {"covered_lines": 4, "num_statements": 6, "percent_covered": 66.66666666666667, "percent_covered_display": "67", "missing_lines": 2, "excluded_lines": 0, "percent_statements_covered": 66.66666666666667, "percent_statements_covered_display": "67"}, "missing_lines": [89, 90], "excluded_lines": [], "start_line": 78}, "ToleranceDiameterMerge.__call__": {"executed_lines": [102, 103, 104, 107, 111, 112, 113], "summary": {"covered_lines": 7, "num_statements": 8, "percent_covered": 87.5, "percent_covered_display": "88", "missing_lines": 1, "excluded_lines": 0, "percent_statements_covered": 87.5, "percent_statements_covered_display": "88"}, "missing_lines": [108], "excluded_lines": [], "start_line": 92}, "ToleranceDiameterMerge.__repr__": {"executed_lines": [], "summary": {"covered_lines": 0, "num_statements": 1, "percent_covered": 0.0, "percent_covered_display": "0", "missing_lines": 1, "excluded_lines": 0, "percent_statements_covered": 0.0, "percent_statements_covered_display": "0"}, "missing_lines": [116], "excluded_lines": [], "start_line": 115}, "ToleranceRadiusMerge.__call__": {"executed_lines": [132, 133, 134, 135, 137, 138, 139], "summary": {"covered_lines": 7, "num_statements": 8, "percent_covered": 87.5, "percent_covered_display": "88", "missing_lines": 1, "excluded_lines": 0, "percent_statements_covered": 87.5, "percent_statements_covered_display": "88"}, "missing_lines": [136], "excluded_lines": [], "start_line": 122}, "ToleranceRadiusMerge.__repr__": {"executed_lines": [], "summary": {"covered_lines": 0, "num_statements": 1, "percent_covered": 0.0, "percent_covered_display": "0", "missing_lines": 1, "excluded_lines": 0, "percent_statements_covered": 0.0, "percent_statements_covered_display": "0"}, "missing_lines": [142], "excluded_lines": [], "start_line": 141}, "NeverMerge.__call__": {"executed_lines": [158], "summary": {"covered_lines": 1, "num_statements": 1, "percent_covered": 100.0, "percent_covered_display": "100", "missing_lines": 0, "excluded_lines": 0, "percent_statements_covered": 100.0, "percent_statements_covered_display": "100"}, "missing_lines": [], "excluded_lines": [], "start_line": 148}, "NeverMerge.__repr__": {"executed_lines": [], "summary": {"covered_lines": 0, "num_statements": 1, "percent_covered": 0.0, "percent_covered_display": "0", "missing_lines": 1, "excluded_lines": 0, "percent_statements_covered": 0.0, "percent_statements_covered_display": "0"}, "missing_lines": [161], "excluded_lines": [], "start_line": 160}, "ToleranceMerge.__init__": {"executed_lines": [168], "summary": {"covered_lines": 1, "num_statements": 1, "percent_covered": 100.0, "percent_covered_display": "100", "missing_lines": 0, "excluded_lines": 0, "percent_statements_covered": 100.0, "percent_statements_covered_display": "100"}, "missing_lines": [], "excluded_lines": [], "start_line": 167}, "ToleranceMerge.__call__": {"executed_lines": [181, 182, 183, 184, 185, 187, 188], "summary": {"covered_lines": 7, "num_statements": 7, "percent_covered": 100.0, "percent_covered_display": "100", "missing_lines": 0, "excluded_lines": 0, "percent_statements_covered": 100.0, "percent_statements_covered_display": "100"}, "missing_lines": [], "excluded_lines": [], "start_line": 170}, "ToleranceMerge.__repr__": {"executed_lines": [], "summary": {"covered_lines": 0, "num_statements": 1, "percent_covered": 0.0, "percent_covered_display": "0", "missing_lines": 1, "excluded_lines": 0, "percent_statements_covered": 0.0, "percent_statements_covered_display": "0"}, "missing_lines": [191], "excluded_lines": [], "start_line": 190}, "get_merge_accept_fn": {"executed_lines": [197, 198, 199, 200, 201, 202], "summary": {"covered_lines": 6, "num_statements": 13, "percent_covered": 46.15384615384615, "percent_covered_display": "46", "missing_lines": 7, "excluded_lines": 0, "percent_statements_covered": 46.15384615384615, "percent_statements_covered_display": "46"}, "missing_lines": [203, 204, 205, 206, 207, 208, 209], "excluded_lines": [], "start_line": 194}, "": {"executed_lines": [3, 4, 7, 9, 19, 22, 24, 36, 40, 41, 43, 56, 57, 59, 72, 73, 78, 92, 115, 119, 120, 122, 141, 145, 146, 148, 160, 164, 165, 167, 170, 190, 194], "summary": {"covered_lines": 33, "num_statements": 33, "percent_covered": 100.0, "percent_covered_display": "100", "missing_lines": 0, "excluded_lines": 0, "percent_statements_covered": 100.0, "percent_statements_covered_display": "100"}, "missing_lines": [], "excluded_lines": [], "start_line": 1}}, "classes": {"MergeAcceptFunction": {"executed_lines": [], "summary": {"covered_lines": 0, "num_statements": 2, "percent_covered": 0.0, "percent_covered_display": "0", "missing_lines": 2, "excluded_lines": 0, "percent_statements_covered": 0.0, "percent_statements_covered_display": "0"}, "missing_lines": [34, 37], "excluded_lines": [], "start_line": 19}, "RadiusMerge": {"executed_lines": [53], "summary": {"covered_lines": 1, "num_statements": 1, "percent_covered": 100.0, "percent_covered_display": "100", "missing_lines": 0, "excluded_lines": 0, "percent_statements_covered": 100.0, "percent_statements_covered_display": "100"}, "missing_lines": [], "excluded_lines": [], "start_line": 40}, "DiameterMerge": {"executed_lines": [69], "summary": {"covered_lines": 1, "num_statements": 1, "percent_covered": 100.0, "percent_covered_display": "100", "missing_lines": 0, "excluded_lines": 0, "percent_statements_covered": 100.0, "percent_statements_covered_display": "100"}, "missing_lines": [], "excluded_lines": [], "start_line": 56}, "ToleranceDiameterMerge": {"executed_lines": [85, 86, 87, 88, 102, 103, 104, 107, 111, 112, 113], "summary": {"covered_lines": 11, "num_statements": 15, "percent_covered": 73.33333333333333, "percent_covered_display": "73", "missing_lines": 4, "excluded_lines": 0, "percent_statements_covered": 73.33333333333333, "percent_statements_covered_display": "73"}, "missing_lines": [89, 90, 108, 116], "excluded_lines": [], "start_line": 72}, "ToleranceRadiusMerge": {"executed_lines": [132, 133, 134, 135, 137, 138, 139], "summary": {"covered_lines": 7, "num_statements": 9, "percent_covered": 77.77777777777777, "percent_covered_display": "78", "missing_lines": 2, "excluded_lines": 0, "percent_statements_covered": 77.77777777777777, "percent_statements_covered_display": "78"}, "missing_lines": [136, 142], "excluded_lines": [], "start_line": 119}, "NeverMerge": {"executed_lines": [158], "summary": {"covered_lines": 1, "num_statements": 2, "percent_covered": 50.0, "percent_covered_display": "50", "missing_lines": 1, "excluded_lines": 0, "percent_statements_covered": 50.0, "percent_statements_covered_display": "50"}, "missing_lines": [161], "excluded_lines": [], "start_line": 145}, "ToleranceMerge": {"executed_lines": [168, 181, 182, 183, 184, 185, 187, 188], "summary": {"covered_lines": 8, "num_statements": 9, "percent_covered": 88.88888888888889, "percent_covered_display": "89", "missing_lines": 1, "excluded_lines": 0, "percent_statements_covered": 88.88888888888889, "percent_statements_covered_display": "89"}, "missing_lines": [191], "excluded_lines": [], "start_line": 164}, "": {"executed_lines": [3, 4, 7, 9, 19, 22, 24, 36, 40, 41, 43, 56, 57, 59, 72, 73, 78, 92, 115, 119, 120, 122, 141, 145, 146, 148, 160, 164, 165, 167, 170, 190, 194, 197, 198, 199, 200, 201, 202], "summary": {"covered_lines": 39, "num_statements": 46, "percent_covered": 84.78260869565217, "percent_covered_display": "85", "missing_lines": 7, "excluded_lines": 0, "percent_statements_covered": 84.78260869565217, "percent_statements_covered_display": "85"}, "missing_lines": [203, 204, 205, 206, 207, 208, 209], "excluded_lines": [], "start_line": 1}}}, "bblean/_py_similarity.py": {"executed_lines": [3, 5, 6, 8, 9, 12, 36, 37, 39, 40, 41, 42, 45, 56, 57, 58, 65, 69, 70, 73, 74, 75, 76, 77, 78, 79, 80, 83, 98, 100, 101, 102, 105, 106, 107, 108, 113, 122, 123, 124, 125, 126, 130, 152, 153, 155, 156, 158, 161, 162, 165, 166, 169, 170, 173, 183, 185, 188, 197, 206, 209, 211, 216, 218, 228, 255, 256, 261, 263, 264, 266, 267, 268, 269, 270], "summary": {"covered_lines": 75, "num_statements": 79, "percent_covered": 94.9367088607595, "percent_covered_display": "95", "missing_lines": 4, "excluded_lines": 0, "percent_statements_covered": 94.9367088607595, "percent_statements_covered_display": "95"}, "missing_lines": [99, 103, 109, 184], "excluded_lines": [], "functions": {"centroid_from_sum": {"executed_lines": [36, 37, 39, 40, 41, 42], "summary": {"covered_lines": 6, "num_statements": 6, "percent_covered": 100.0, "percent_covered_display": "100", "missing_lines": 0, "excluded_lines": 0, "percent_statements_covered": 100.0, "percent_statements_covered_display": "100"}, "missing_lines": [], "excluded_lines": [], "start_line": 12}, "centroid": {"executed_lines": [56, 57, 58], "summary": {"covered_lines": 3, "num_statements": 3, "percent_covered": 100.0, "percent_covered_display": "100", "missing_lines": 0, "excluded_lines": 0, "percent_statements_covered": 100.0, "percent_statements_covered_display": "100"}, "missing_lines": [], "excluded_lines": [], "start_line": 45}, "jt_compl_isim": {"executed_lines": [69, 70, 73, 74, 75, 76, 77, 78, 79, 80], "summary": {"covered_lines": 10, "num_statements": 10, "percent_covered": 100.0, "percent_covered_display": "100", "missing_lines": 0, "excluded_lines": 0, "percent_statements_covered": 100.0, "percent_statements_covered_display": "100"}, "missing_lines": [], "excluded_lines": [], "start_line": 65}, "jt_isim_medoid": {"executed_lines": [98, 100, 101, 102, 105, 106, 107, 108], "summary": {"covered_lines": 8, "num_statements": 11, "percent_covered": 72.72727272727273, "percent_covered_display": "73", "missing_lines": 3, "excluded_lines": 0, "percent_statements_covered": 72.72727272727273, "percent_statements_covered_display": "73"}, "missing_lines": [99, 103, 109], "excluded_lines": [], "start_line": 83}, "_popcount": {"executed_lines": [122, 123, 124, 125, 126], "summary": {"covered_lines": 5, "num_statements": 5, "percent_covered": 100.0, "percent_covered_display": "100", "missing_lines": 0, "excluded_lines": 0, "percent_statements_covered": 100.0, "percent_statements_covered_display": "100"}, "missing_lines": [], "excluded_lines": [], "start_line": 113}, "jt_most_dissimilar_packed": {"executed_lines": [152, 153, 155, 156, 158, 161, 162, 165, 166, 169, 170], "summary": {"covered_lines": 11, "num_statements": 11, "percent_covered": 100.0, "percent_covered_display": "100", "missing_lines": 0, "excluded_lines": 0, "percent_statements_covered": 100.0, "percent_statements_covered_display": "100"}, "missing_lines": [], "excluded_lines": [], "start_line": 130}, "_jt_sim_arr_vec_packed": {"executed_lines": [183, 185], "summary": {"covered_lines": 2, "num_statements": 3, "percent_covered": 66.66666666666667, "percent_covered_display": "67", "missing_lines": 1, "excluded_lines": 0, "percent_statements_covered": 66.66666666666667, "percent_statements_covered_display": "67"}, "missing_lines": [184], "excluded_lines": [], "start_line": 173}, "_jt_sim_packed_precalc_cardinalities": {"executed_lines": [197, 206], "summary": {"covered_lines": 2, "num_statements": 2, "percent_covered": 100.0, "percent_covered_display": "100", "missing_lines": 0, "excluded_lines": 0, "percent_statements_covered": 100.0, "percent_statements_covered_display": "100"}, "missing_lines": [], "excluded_lines": [], "start_line": 188}, "jt_isim_unpacked": {"executed_lines": [211], "summary": {"covered_lines": 1, "num_statements": 1, "percent_covered": 100.0, "percent_covered_display": "100", "missing_lines": 0, "excluded_lines": 0, "percent_statements_covered": 100.0, "percent_statements_covered_display": "100"}, "missing_lines": [], "excluded_lines": [], "start_line": 209}, "jt_isim_packed": {"executed_lines": [218], "summary": {"covered_lines": 1, "num_statements": 1, "percent_covered": 100.0, "percent_covered_display": "100", "missing_lines": 0, "excluded_lines": 0, "percent_statements_covered": 100.0, "percent_statements_covered_display": "100"}, "missing_lines": [], "excluded_lines": [], "start_line": 216}, "jt_isim_from_sum": {"executed_lines": [255, 256, 261, 263, 264, 266, 267, 268, 269, 270], "summary": {"covered_lines": 10, "num_statements": 10, "percent_covered": 100.0, "percent_covered_display": "100", "missing_lines": 0, "excluded_lines": 0, "percent_statements_covered": 100.0, "percent_statements_covered_display": "100"}, "missing_lines": [], "excluded_lines": [], "start_line": 228}, "": {"executed_lines": [3, 5, 6, 8, 9, 12, 45, 65, 83, 113, 130, 173, 188, 209, 216, 228], "summary": {"covered_lines": 16, "num_statements": 16, "percent_covered": 100.0, "percent_covered_display": "100", "missing_lines": 0, "excluded_lines": 0, "percent_statements_covered": 100.0, "percent_statements_covered_display": "100"}, "missing_lines": [], "excluded_lines": [], "start_line": 1}}, "classes": {"": {"executed_lines": [3, 5, 6, 8, 9, 12, 36, 37, 39, 40, 41, 42, 45, 56, 57, 58, 65, 69, 70, 73, 74, 75, 76, 77, 78, 79, 80, 83, 98, 100, 101, 102, 105, 106, 107, 108, 113, 122, 123, 124, 125, 126, 130, 152, 153, 155, 156, 158, 161, 162, 165, 166, 169, 170, 173, 183, 185, 188, 197, 206, 209, 211, 216, 218, 228, 255, 256, 261, 263, 264, 266, 267, 268, 269, 270], "summary": {"covered_lines": 75, "num_statements": 79, "percent_covered": 94.9367088607595, "percent_covered_display": "95", "missing_lines": 4, "excluded_lines": 0, "percent_statements_covered": 94.9367088607595, "percent_statements_covered_display": "95"}, "missing_lines": [99, 103, 109, 184], "excluded_lines": [], "start_line": 1}}}, "bblean/_timer.py": {"executed_lines": [3, 4, 5, 7, 10, 11, 12, 14, 15, 18, 19, 21, 23, 26, 28, 29, 30, 31, 32, 34, 35, 36, 38, 40, 41, 42], "summary": {"covered_lines": 26, "num_statements": 29, "percent_covered": 89.65517241379311, "percent_covered_display": "90", "missing_lines": 3, "excluded_lines": 0, "percent_statements_covered": 89.65517241379311, "percent_statements_covered_display": "90"}, "missing_lines": [16, 20, 27], "excluded_lines": [], "functions": {"Timer.__init__": {"executed_lines": [12], "summary": {"covered_lines": 1, "num_statements": 1, "percent_covered": 100.0, "percent_covered_display": "100", "missing_lines": 0, "excluded_lines": 0, "percent_statements_covered": 100.0, "percent_statements_covered_display": "100"}, "missing_lines": [], "excluded_lines": [], "start_line": 11}, "Timer.timings_s": {"executed_lines": [], "summary": {"covered_lines": 0, "num_statements": 1, "percent_covered": 0.0, "percent_covered_display": "0", "missing_lines": 1, "excluded_lines": 0, "percent_statements_covered": 0.0, "percent_statements_covered_display": "0"}, "missing_lines": [16], "excluded_lines": [], "start_line": 15}, "Timer.init_timing": {"executed_lines": [19, 21], "summary": {"covered_lines": 2, "num_statements": 3, "percent_covered": 66.66666666666667, "percent_covered_display": "67", "missing_lines": 1, "excluded_lines": 0, "percent_statements_covered": 66.66666666666667, "percent_statements_covered_display": "67"}, "missing_lines": [20], "excluded_lines": [], "start_line": 18}, "Timer.end_timing": {"executed_lines": [26, 28, 29, 30, 31, 32, 34, 35, 36, 38], "summary": {"covered_lines": 10, "num_statements": 11, "percent_covered": 90.9090909090909, "percent_covered_display": "91", "missing_lines": 1, "excluded_lines": 0, "percent_statements_covered": 90.9090909090909, "percent_statements_covered_display": "91"}, "missing_lines": [27], "excluded_lines": [], "start_line": 23}, "Timer.dump": {"executed_lines": [41, 42], "summary": {"covered_lines": 2, "num_statements": 2, "percent_covered": 100.0, "percent_covered_display": "100", "missing_lines": 0, "excluded_lines": 0, "percent_statements_covered": 100.0, "percent_statements_covered_display": "100"}, "missing_lines": [], "excluded_lines": [], "start_line": 40}, "": {"executed_lines": [3, 4, 5, 7, 10, 11, 14, 15, 18, 23, 40], "summary": {"covered_lines": 11, "num_statements": 11, "percent_covered": 100.0, "percent_covered_display": "100", "missing_lines": 0, "excluded_lines": 0, "percent_statements_covered": 100.0, "percent_statements_covered_display": "100"}, "missing_lines": [], "excluded_lines": [], "start_line": 1}}, "classes": {"Timer": {"executed_lines": [12, 19, 21, 26, 28, 29, 30, 31, 32, 34, 35, 36, 38, 41, 42], "summary": {"covered_lines": 15, "num_statements": 18, "percent_covered": 83.33333333333333, "percent_covered_display": "83", "missing_lines": 3, "excluded_lines": 0, "percent_statements_covered": 83.33333333333333, "percent_statements_covered_display": "83"}, "missing_lines": [16, 20, 27], "excluded_lines": [], "start_line": 10}, "": {"executed_lines": [3, 4, 5, 7, 10, 11, 14, 15, 18, 23, 40], "summary": {"covered_lines": 11, "num_statements": 11, "percent_covered": 100.0, "percent_covered_display": "100", "missing_lines": 0, "excluded_lines": 0, "percent_statements_covered": 100.0, "percent_statements_covered_display": "100"}, "missing_lines": [], "excluded_lines": [], "start_line": 1}}}, "bblean/_version.py": {"executed_lines": [4, 13, 21, 22, 24, 25, 26, 27, 28, 29, 31, 32, 34], "summary": {"covered_lines": 13, "num_statements": 13, "percent_covered": 100.0, "percent_covered_display": "100", "missing_lines": 0, "excluded_lines": 5, "percent_statements_covered": 100.0, "percent_statements_covered_display": "100"}, "missing_lines": [], "excluded_lines": [14, 15, 16, 18, 19], "functions": {"": {"executed_lines": [4, 13, 21, 22, 24, 25, 26, 27, 28, 29, 31, 32, 34], "summary": {"covered_lines": 13, "num_statements": 13, "percent_covered": 100.0, "percent_covered_display": "100", "missing_lines": 0, "excluded_lines": 5, "percent_statements_covered": 100.0, "percent_statements_covered_display": "100"}, "missing_lines": [], "excluded_lines": [14, 15, 16, 18, 19], "start_line": 1}}, "classes": {"": {"executed_lines": [4, 13, 21, 22, 24, 25, 26, 27, 28, 29, 31, 32, 34], "summary": {"covered_lines": 13, "num_statements": 13, "percent_covered": 100.0, "percent_covered_display": "100", "missing_lines": 0, "excluded_lines": 5, "percent_statements_covered": 100.0, "percent_statements_covered_display": "100"}, "missing_lines": [], "excluded_lines": [14, 15, 16, 18, 19], "start_line": 1}}}, "bblean/analysis.py": {"executed_lines": [3, 4, 5, 6, 7, 9, 10, 11, 12, 14, 15, 16, 23, 31, 32, 35, 36, 39, 42, 53, 54, 55, 56, 57, 58, 59, 60, 61, 63, 66, 67, 70, 81, 82, 85, 86, 89, 90, 93, 94, 97, 98, 101, 102, 105, 106, 107, 109, 110, 111, 113, 114, 117, 118, 125, 126, 127, 129, 130, 131, 133, 134, 135, 137, 138, 139, 141, 142, 143, 145, 146, 147, 149, 150, 151, 153, 154, 157, 158, 161, 166, 182, 194, 196, 198, 201, 202, 204, 205, 206, 208, 210, 211, 213, 215, 217, 219, 220, 224, 227, 230, 231, 232, 235, 236, 237, 241, 242, 243, 244, 247, 248, 249], "summary": {"covered_lines": 113, "num_statements": 158, "percent_covered": 71.51898734177215, "percent_covered_display": "72", "missing_lines": 45, "excluded_lines": 0, "percent_statements_covered": 71.51898734177215, "percent_statements_covered_display": "72"}, "missing_lines": [64, 68, 71, 72, 73, 74, 75, 76, 77, 78, 79, 83, 87, 91, 95, 99, 103, 112, 115, 119, 120, 121, 122, 123, 155, 159, 162, 173, 174, 175, 176, 177, 178, 179, 195, 200, 207, 209, 216, 218, 222, 225, 238, 239, 240], "excluded_lines": [], "functions": {"ClusterAnalysis.__init__": {"executed_lines": [53, 54, 55, 56, 57, 58, 59, 60, 61], "summary": {"covered_lines": 9, "num_statements": 9, "percent_covered": 100.0, "percent_covered_display": "100", "missing_lines": 0, "excluded_lines": 0, "percent_statements_covered": 100.0, "percent_statements_covered_display": "100"}, "missing_lines": [], "excluded_lines": [], "start_line": 42}, "ClusterAnalysis.all_clusters_num_with_size_above": {"executed_lines": [], "summary": {"covered_lines": 0, "num_statements": 1, "percent_covered": 0.0, "percent_covered_display": "0", "missing_lines": 1, "excluded_lines": 0, "percent_statements_covered": 0.0, "percent_statements_covered_display": "0"}, "missing_lines": [64], "excluded_lines": [], "start_line": 63}, "ClusterAnalysis.all_singletons_num": {"executed_lines": [], "summary": {"covered_lines": 0, "num_statements": 1, "percent_covered": 0.0, "percent_covered_display": "0", "missing_lines": 1, "excluded_lines": 0, "percent_statements_covered": 0.0, "percent_statements_covered_display": "0"}, "missing_lines": [68], "excluded_lines": [], "start_line": 67}, "ClusterAnalysis.get_top_cluster_fps": {"executed_lines": [], "summary": {"covered_lines": 0, "num_statements": 9, "percent_covered": 0.0, "percent_covered_display": "0", "missing_lines": 9, "excluded_lines": 0, "percent_statements_covered": 0.0, "percent_statements_covered_display": "0"}, "missing_lines": [71, 72, 73, 74, 75, 76, 77, 78, 79], "excluded_lines": [], "start_line": 70}, "ClusterAnalysis.all_clusters_mean_size": {"executed_lines": [], "summary": {"covered_lines": 0, "num_statements": 1, "percent_covered": 0.0, "percent_covered_display": "0", "missing_lines": 1, "excluded_lines": 0, "percent_statements_covered": 0.0, "percent_statements_covered_display": "0"}, "missing_lines": [83], "excluded_lines": [], "start_line": 82}, "ClusterAnalysis.all_clusters_median_size": {"executed_lines": [], "summary": {"covered_lines": 0, "num_statements": 1, "percent_covered": 0.0, "percent_covered_display": "0", "missing_lines": 1, "excluded_lines": 0, "percent_statements_covered": 0.0, "percent_statements_covered_display": "0"}, "missing_lines": [87], "excluded_lines": [], "start_line": 86}, "ClusterAnalysis.all_clusters_q1": {"executed_lines": [], "summary": {"covered_lines": 0, "num_statements": 1, "percent_covered": 0.0, "percent_covered_display": "0", "missing_lines": 1, "excluded_lines": 0, "percent_statements_covered": 0.0, "percent_statements_covered_display": "0"}, "missing_lines": [91], "excluded_lines": [], "start_line": 90}, "ClusterAnalysis.all_clusters_q3": {"executed_lines": [], "summary": {"covered_lines": 0, "num_statements": 1, "percent_covered": 0.0, "percent_covered_display": "0", "missing_lines": 1, "excluded_lines": 0, "percent_statements_covered": 0.0, "percent_statements_covered_display": "0"}, "missing_lines": [95], "excluded_lines": [], "start_line": 94}, "ClusterAnalysis.all_clusters_min_size": {"executed_lines": [], "summary": {"covered_lines": 0, "num_statements": 1, "percent_covered": 0.0, "percent_covered_display": "0", "missing_lines": 1, "excluded_lines": 0, "percent_statements_covered": 0.0, "percent_statements_covered_display": "0"}, "missing_lines": [99], "excluded_lines": [], "start_line": 98}, "ClusterAnalysis.all_clusters_max_size": {"executed_lines": [], "summary": {"covered_lines": 0, "num_statements": 1, "percent_covered": 0.0, "percent_covered_display": "0", "missing_lines": 1, "excluded_lines": 0, "percent_statements_covered": 0.0, "percent_statements_covered_display": "0"}, "missing_lines": [103], "excluded_lines": [], "start_line": 102}, "ClusterAnalysis.all_clusters_num": {"executed_lines": [107], "summary": {"covered_lines": 1, "num_statements": 1, "percent_covered": 100.0, "percent_covered_display": "100", "missing_lines": 0, "excluded_lines": 0, "percent_statements_covered": 100.0, "percent_statements_covered_display": "100"}, "missing_lines": [], "excluded_lines": [], "start_line": 106}, "ClusterAnalysis.top_unpacked_fps": {"executed_lines": [111, 113, 114], "summary": {"covered_lines": 3, "num_statements": 5, "percent_covered": 60.0, "percent_covered_display": "60", "missing_lines": 2, "excluded_lines": 0, "percent_statements_covered": 60.0, "percent_statements_covered_display": "60"}, "missing_lines": [112, 115], "excluded_lines": [], "start_line": 110}, "ClusterAnalysis.top_packed_fps": {"executed_lines": [], "summary": {"covered_lines": 0, "num_statements": 5, "percent_covered": 0.0, "percent_covered_display": "0", "missing_lines": 5, "excluded_lines": 0, "percent_statements_covered": 0.0, "percent_statements_covered_display": "0"}, "missing_lines": [119, 120, 121, 122, 123], "excluded_lines": [], "start_line": 118}, "ClusterAnalysis.has_scaffolds": {"executed_lines": [127], "summary": {"covered_lines": 1, "num_statements": 1, "percent_covered": 100.0, "percent_covered_display": "100", "missing_lines": 0, "excluded_lines": 0, "percent_statements_covered": 100.0, "percent_statements_covered_display": "100"}, "missing_lines": [], "excluded_lines": [], "start_line": 126}, "ClusterAnalysis.has_fps": {"executed_lines": [131], "summary": {"covered_lines": 1, "num_statements": 1, "percent_covered": 100.0, "percent_covered_display": "100", "missing_lines": 0, "excluded_lines": 0, "percent_statements_covered": 100.0, "percent_statements_covered_display": "100"}, "missing_lines": [], "excluded_lines": [], "start_line": 130}, "ClusterAnalysis.has_all_clusters": {"executed_lines": [135], "summary": {"covered_lines": 1, "num_statements": 1, "percent_covered": 100.0, "percent_covered_display": "100", "missing_lines": 0, "excluded_lines": 0, "percent_statements_covered": 100.0, "percent_statements_covered_display": "100"}, "missing_lines": [], "excluded_lines": [], "start_line": 134}, "ClusterAnalysis.clusters_num": {"executed_lines": [139], "summary": {"covered_lines": 1, "num_statements": 1, "percent_covered": 100.0, "percent_covered_display": "100", "missing_lines": 0, "excluded_lines": 0, "percent_statements_covered": 100.0, "percent_statements_covered_display": "100"}, "missing_lines": [], "excluded_lines": [], "start_line": 138}, "ClusterAnalysis.isims": {"executed_lines": [143], "summary": {"covered_lines": 1, "num_statements": 1, "percent_covered": 100.0, "percent_covered_display": "100", "missing_lines": 0, "excluded_lines": 0, "percent_statements_covered": 100.0, "percent_statements_covered_display": "100"}, "missing_lines": [], "excluded_lines": [], "start_line": 142}, "ClusterAnalysis.labels": {"executed_lines": [147], "summary": {"covered_lines": 1, "num_statements": 1, "percent_covered": 100.0, "percent_covered_display": "100", "missing_lines": 0, "excluded_lines": 0, "percent_statements_covered": 100.0, "percent_statements_covered_display": "100"}, "missing_lines": [], "excluded_lines": [], "start_line": 146}, "ClusterAnalysis.sizes": {"executed_lines": [151], "summary": {"covered_lines": 1, "num_statements": 1, "percent_covered": 100.0, "percent_covered_display": "100", "missing_lines": 0, "excluded_lines": 0, "percent_statements_covered": 100.0, "percent_statements_covered_display": "100"}, "missing_lines": [], "excluded_lines": [], "start_line": 150}, "ClusterAnalysis.unique_scaffolds_num": {"executed_lines": [], "summary": {"covered_lines": 0, "num_statements": 1, "percent_covered": 0.0, "percent_covered_display": "0", "missing_lines": 1, "excluded_lines": 0, "percent_statements_covered": 0.0, "percent_statements_covered_display": "0"}, "missing_lines": [155], "excluded_lines": [], "start_line": 154}, "ClusterAnalysis.unique_scaffolds_isim": {"executed_lines": [], "summary": {"covered_lines": 0, "num_statements": 1, "percent_covered": 0.0, "percent_covered_display": "0", "missing_lines": 1, "excluded_lines": 0, "percent_statements_covered": 0.0, "percent_statements_covered_display": "0"}, "missing_lines": [159], "excluded_lines": [], "start_line": 158}, "ClusterAnalysis.dump_metrics": {"executed_lines": [], "summary": {"covered_lines": 0, "num_statements": 1, "percent_covered": 0.0, "percent_covered_display": "0", "missing_lines": 1, "excluded_lines": 0, "percent_statements_covered": 0.0, "percent_statements_covered_display": "0"}, "missing_lines": [162], "excluded_lines": [], "start_line": 161}, "scaffold_analysis": {"executed_lines": [], "summary": {"covered_lines": 0, "num_statements": 7, "percent_covered": 0.0, "percent_covered_display": "0", "missing_lines": 7, "excluded_lines": 0, "percent_statements_covered": 0.0, "percent_statements_covered_display": "0"}, "missing_lines": [173, 174, 175, 176, 177, 178, 179], "excluded_lines": [], "start_line": 166}, "cluster_analysis": {"executed_lines": [194, 196, 198, 201, 202, 204, 205, 206, 208, 210, 211, 213, 215, 217, 219, 220, 224, 227, 230, 231, 232, 235, 236, 237, 241, 242, 243, 244, 247, 248, 249], "summary": {"covered_lines": 31, "num_statements": 42, "percent_covered": 73.80952380952381, "percent_covered_display": "74", "missing_lines": 11, "excluded_lines": 0, "percent_statements_covered": 73.80952380952381, "percent_statements_covered_display": "74"}, "missing_lines": [195, 200, 207, 209, 216, 218, 222, 225, 238, 239, 240], "excluded_lines": [], "start_line": 182}, "": {"executed_lines": [3, 4, 5, 6, 7, 9, 10, 11, 12, 14, 15, 16, 23, 31, 32, 35, 36, 39, 42, 63, 66, 67, 70, 81, 82, 85, 86, 89, 90, 93, 94, 97, 98, 101, 102, 105, 106, 109, 110, 117, 118, 125, 126, 129, 130, 133, 134, 137, 138, 141, 142, 145, 146, 149, 150, 153, 154, 157, 158, 161, 166, 182], "summary": {"covered_lines": 62, "num_statements": 62, "percent_covered": 100.0, "percent_covered_display": "100", "missing_lines": 0, "excluded_lines": 0, "percent_statements_covered": 100.0, "percent_statements_covered_display": "100"}, "missing_lines": [], "excluded_lines": [], "start_line": 1}}, "classes": {"ScaffoldAnalysis": {"executed_lines": [], "summary": {"covered_lines": 0, "num_statements": 0, "percent_covered": 100.0, "percent_covered_display": "100", "missing_lines": 0, "excluded_lines": 0, "percent_statements_covered": 100.0, "percent_statements_covered_display": "100"}, "missing_lines": [], "excluded_lines": [], "start_line": 32}, "ClusterAnalysis": {"executed_lines": [53, 54, 55, 56, 57, 58, 59, 60, 61, 107, 111, 113, 114, 127, 131, 135, 139, 143, 147, 151], "summary": {"covered_lines": 20, "num_statements": 47, "percent_covered": 42.5531914893617, "percent_covered_display": "43", "missing_lines": 27, "excluded_lines": 0, "percent_statements_covered": 42.5531914893617, "percent_statements_covered_display": "43"}, "missing_lines": [64, 68, 71, 72, 73, 74, 75, 76, 77, 78, 79, 83, 87, 91, 95, 99, 103, 112, 115, 119, 120, 121, 122, 123, 155, 159, 162], "excluded_lines": [], "start_line": 39}, "": {"executed_lines": [3, 4, 5, 6, 7, 9, 10, 11, 12, 14, 15, 16, 23, 31, 32, 35, 36, 39, 42, 63, 66, 67, 70, 81, 82, 85, 86, 89, 90, 93, 94, 97, 98, 101, 102, 105, 106, 109, 110, 117, 118, 125, 126, 129, 130, 133, 134, 137, 138, 141, 142, 145, 146, 149, 150, 153, 154, 157, 158, 161, 166, 182, 194, 196, 198, 201, 202, 204, 205, 206, 208, 210, 211, 213, 215, 217, 219, 220, 224, 227, 230, 231, 232, 235, 236, 237, 241, 242, 243, 244, 247, 248, 249], "summary": {"covered_lines": 93, "num_statements": 111, "percent_covered": 83.78378378378379, "percent_covered_display": "84", "missing_lines": 18, "excluded_lines": 0, "percent_statements_covered": 83.78378378378379, "percent_statements_covered_display": "84"}, "missing_lines": [173, 174, 175, 176, 177, 178, 179, 195, 200, 207, 209, 216, 218, 222, 225, 238, 239, 240], "excluded_lines": [], "start_line": 1}}}, "bblean/bitbirch.py": {"executed_lines": [49, 50, 51, 52, 53, 54, 55, 56, 57, 58, 59, 60, 61, 63, 64, 66, 67, 68, 69, 73, 82, 85, 88, 89, 90, 92, 95, 96, 107, 108, 119, 133, 134, 139, 140, 143, 144, 147, 148, 150, 155, 159, 161, 165, 194, 197, 198, 199, 200, 201, 203, 204, 208, 210, 211, 212, 220, 223, 233, 234, 235, 236, 238, 239, 240, 241, 243, 246, 247, 248, 249, 252, 255, 262, 263, 264, 265, 266, 267, 268, 270, 271, 272, 275, 310, 318, 319, 322, 325, 329, 330, 332, 333, 334, 336, 337, 338, 340, 341, 343, 345, 346, 347, 348, 350, 360, 361, 362, 364, 366, 373, 374, 375, 378, 381, 382, 383, 384, 387, 390, 393, 394, 396, 397, 400, 403, 407, 408, 411, 414, 415, 418, 421, 454, 456, 465, 475, 476, 477, 478, 480, 481, 483, 484, 485, 486, 493, 494, 497, 498, 499, 500, 501, 503, 504, 505, 506, 507, 509, 510, 511, 513, 514, 515, 517, 518, 519, 521, 522, 523, 524, 525, 527, 528, 531, 535, 539, 541, 542, 543, 547, 551, 552, 554, 555, 556, 560, 561, 564, 566, 573, 574, 575, 576, 577, 580, 581, 582, 583, 584, 585, 588, 589, 590, 593, 594, 595, 596, 599, 656, 665, 666, 667, 681, 682, 683, 690, 693, 694, 695, 697, 698, 703, 705, 706, 707, 709, 710, 713, 714, 715, 716, 718, 720, 721, 724, 725, 727, 729, 730, 732, 734, 746, 751, 752, 754, 755, 756, 757, 760, 761, 762, 765, 801, 802, 803, 805, 806, 808, 810, 812, 813, 814, 818, 819, 821, 822, 824, 827, 828, 830, 832, 833, 834, 836, 837, 838, 839, 843, 844, 845, 846, 847, 849, 850, 851, 853, 855, 885, 886, 887, 889, 891, 893, 895, 896, 897, 901, 902, 903, 904, 906, 907, 910, 912, 913, 914, 918, 919, 920, 921, 922, 924, 925, 926, 928, 931, 942, 944, 945, 946, 948, 950, 952, 953, 954, 955, 957, 963, 964, 965, 966, 967, 968, 969, 971, 979, 980, 982, 995, 999, 1000, 1001, 1004, 1005, 1006, 1012, 1013, 1016, 1019, 1020, 1021, 1026, 1028, 1037, 1041, 1045, 1046, 1050, 1055, 1056, 1058, 1060, 1061, 1067, 1069, 1070, 1071, 1072, 1074, 1082, 1084, 1089, 1090, 1095, 1096, 1102, 1113, 1114, 1117, 1119, 1121, 1150, 1157, 1158, 1159, 1160, 1161, 1162, 1164, 1173, 1176, 1178, 1179, 1180, 1182, 1259, 1267, 1270, 1274, 1281, 1284, 1285, 1286, 1288, 1290, 1291, 1293, 1294, 1296, 1312, 1315, 1318, 1319, 1320, 1321, 1323, 1325, 1326, 1332, 1333, 1335, 1337, 1338, 1339, 1340, 1352, 1353, 1354, 1356, 1357, 1358, 1359, 1360, 1361, 1362, 1364, 1368, 1370, 1371, 1375, 1376, 1377, 1378, 1379, 1380, 1382, 1393, 1408, 1409, 1427, 1436, 1440, 1442, 1443, 1446, 1447, 1450, 1451, 1453, 1454, 1465, 1469, 1470, 1472, 1475, 1476, 1484, 1486, 1487, 1497, 1511, 1517, 1520, 1521, 1523, 1524, 1526, 1531], "summary": {"covered_lines": 479, "num_statements": 625, "percent_covered": 76.64, "percent_covered_display": "77", "missing_lines": 146, "excluded_lines": 0, "percent_statements_covered": 76.64, "percent_statements_covered_display": "77"}, "missing_lines": [83, 104, 116, 135, 136, 137, 138, 141, 149, 178, 185, 188, 189, 190, 205, 213, 466, 669, 670, 674, 675, 679, 684, 685, 688, 711, 717, 722, 747, 753, 758, 759, 763, 811, 852, 894, 908, 927, 940, 951, 1047, 1068, 1083, 1085, 1092, 1098, 1103, 1104, 1108, 1109, 1110, 1118, 1130, 1132, 1133, 1134, 1135, 1137, 1140, 1141, 1145, 1146, 1147, 1148, 1211, 1212, 1214, 1215, 1217, 1220, 1223, 1224, 1226, 1227, 1230, 1231, 1232, 1234, 1235, 1236, 1239, 1242, 1245, 1248, 1249, 1252, 1253, 1254, 1255, 1256, 1257, 1268, 1313, 1316, 1330, 1342, 1343, 1347, 1348, 1349, 1383, 1384, 1389, 1390, 1391, 1397, 1401, 1402, 1403, 1404, 1405, 1406, 1413, 1417, 1418, 1419, 1420, 1421, 1422, 1423, 1424, 1425, 1441, 1466, 1473, 1477, 1481, 1482, 1485, 1488, 1489, 1491, 1527, 1532, 1534, 1535, 1536, 1537, 1538, 1539, 1540, 1541, 1542, 1543, 1544, 1545], "excluded_lines": [], "functions": {"guess_threshold": {"executed_lines": [133, 134, 139, 140, 143, 144, 147, 148, 150], "summary": {"covered_lines": 9, "num_statements": 15, "percent_covered": 60.0, "percent_covered_display": "60", "missing_lines": 6, "excluded_lines": 0, "percent_statements_covered": 60.0, "percent_statements_covered_display": "60"}, "missing_lines": [135, 136, 137, 138, 141, 149], "excluded_lines": [], "start_line": 119}, "set_merge": {"executed_lines": [], "summary": {"covered_lines": 0, "num_statements": 5, "percent_covered": 0.0, "percent_covered_display": "0", "missing_lines": 5, "excluded_lines": 0, "percent_statements_covered": 0.0, "percent_statements_covered_display": "0"}, "missing_lines": [178, 185, 188, 189, 190], "excluded_lines": [], "start_line": 165}, "_validate_n_features": {"executed_lines": [197, 198, 199, 200, 201, 203, 204, 208, 210, 211, 212, 220], "summary": {"covered_lines": 12, "num_statements": 14, "percent_covered": 85.71428571428571, "percent_covered_display": "86", "missing_lines": 2, "excluded_lines": 0, "percent_statements_covered": 85.71428571428571, "percent_statements_covered_display": "86"}, "missing_lines": [205, 213], "excluded_lines": [], "start_line": 194}, "_split_node": {"executed_lines": [233, 234, 235, 236, 238, 239, 240, 241, 243, 246, 247, 248, 249, 252, 255, 262, 263, 264, 265, 266, 267, 268, 270, 271, 272], "summary": {"covered_lines": 25, "num_statements": 25, "percent_covered": 100.0, "percent_covered_display": "100", "missing_lines": 0, "excluded_lines": 0, "percent_statements_covered": 100.0, "percent_statements_covered_display": "100"}, "missing_lines": [], "excluded_lines": [], "start_line": 223}, "_BFNode.__init__": {"executed_lines": [319, 322, 325, 329, 330], "summary": {"covered_lines": 5, "num_statements": 5, "percent_covered": 100.0, "percent_covered_display": "100", "missing_lines": 0, "excluded_lines": 0, "percent_statements_covered": 100.0, "percent_statements_covered_display": "100"}, "missing_lines": [], "excluded_lines": [], "start_line": 318}, "_BFNode.is_leaf": {"executed_lines": [334], "summary": {"covered_lines": 1, "num_statements": 1, "percent_covered": 100.0, "percent_covered_display": "100", "missing_lines": 0, "excluded_lines": 0, "percent_statements_covered": 100.0, "percent_statements_covered_display": "100"}, "missing_lines": [], "excluded_lines": [], "start_line": 333}, "_BFNode.branching_factor": {"executed_lines": [338], "summary": {"covered_lines": 1, "num_statements": 1, "percent_covered": 100.0, "percent_covered_display": "100", "missing_lines": 0, "excluded_lines": 0, "percent_statements_covered": 100.0, "percent_statements_covered_display": "100"}, "missing_lines": [], "excluded_lines": [], "start_line": 337}, "_BFNode.packed_centroids": {"executed_lines": [343], "summary": {"covered_lines": 1, "num_statements": 1, "percent_covered": 100.0, "percent_covered_display": "100", "missing_lines": 0, "excluded_lines": 0, "percent_statements_covered": 100.0, "percent_statements_covered_display": "100"}, "missing_lines": [], "excluded_lines": [], "start_line": 341}, "_BFNode.append_subcluster": {"executed_lines": [346, 347, 348], "summary": {"covered_lines": 3, "num_statements": 3, "percent_covered": 100.0, "percent_covered_display": "100", "missing_lines": 0, "excluded_lines": 0, "percent_statements_covered": 100.0, "percent_statements_covered_display": "100"}, "missing_lines": [], "excluded_lines": [], "start_line": 345}, "_BFNode.update_split_subclusters": {"executed_lines": [360, 361, 362, 364], "summary": {"covered_lines": 4, "num_statements": 4, "percent_covered": 100.0, "percent_covered_display": "100", "missing_lines": 0, "excluded_lines": 0, "percent_statements_covered": 100.0, "percent_statements_covered_display": "100"}, "missing_lines": [], "excluded_lines": [], "start_line": 350}, "_BFNode.insert_bf_subcluster": {"executed_lines": [373, 374, 375, 378, 381, 382, 383, 384, 387, 390, 393, 394, 396, 397, 400, 403, 407, 408, 411, 414, 415, 418], "summary": {"covered_lines": 22, "num_statements": 22, "percent_covered": 100.0, "percent_covered_display": "100", "missing_lines": 0, "excluded_lines": 0, "percent_statements_covered": 100.0, "percent_statements_covered_display": "100"}, "missing_lines": [], "excluded_lines": [], "start_line": 366}, "_BFSubcluster.__init__": {"executed_lines": [465, 475, 476, 477, 478, 480, 481], "summary": {"covered_lines": 7, "num_statements": 8, "percent_covered": 87.5, "percent_covered_display": "88", "missing_lines": 1, "excluded_lines": 0, "percent_statements_covered": 87.5, "percent_statements_covered_display": "88"}, "missing_lines": [466], "excluded_lines": [], "start_line": 456}, "_BFSubcluster.empty": {"executed_lines": [485, 486], "summary": {"covered_lines": 2, "num_statements": 2, "percent_covered": 100.0, "percent_covered_display": "100", "missing_lines": 0, "excluded_lines": 0, "percent_statements_covered": 100.0, "percent_statements_covered_display": "100"}, "missing_lines": [], "excluded_lines": [], "start_line": 484}, "_BFSubcluster.from_fingerprint": {"executed_lines": [497, 498, 499, 500, 501, 503, 504, 505, 506, 507], "summary": {"covered_lines": 10, "num_statements": 10, "percent_covered": 100.0, "percent_covered_display": "100", "missing_lines": 0, "excluded_lines": 0, "percent_statements_covered": 100.0, "percent_statements_covered_display": "100"}, "missing_lines": [], "excluded_lines": [], "start_line": 494}, "_BFSubcluster.unpacked_centroid": {"executed_lines": [511], "summary": {"covered_lines": 1, "num_statements": 1, "percent_covered": 100.0, "percent_covered_display": "100", "missing_lines": 0, "excluded_lines": 0, "percent_statements_covered": 100.0, "percent_statements_covered_display": "100"}, "missing_lines": [], "excluded_lines": [], "start_line": 510}, "_BFSubcluster.n_features": {"executed_lines": [515], "summary": {"covered_lines": 1, "num_statements": 1, "percent_covered": 100.0, "percent_covered_display": "100", "missing_lines": 0, "excluded_lines": 0, "percent_statements_covered": 100.0, "percent_statements_covered_display": "100"}, "missing_lines": [], "excluded_lines": [], "start_line": 514}, "_BFSubcluster.dtype_name": {"executed_lines": [519], "summary": {"covered_lines": 1, "num_statements": 1, "percent_covered": 100.0, "percent_covered_display": "100", "missing_lines": 0, "excluded_lines": 0, "percent_statements_covered": 100.0, "percent_statements_covered_display": "100"}, "missing_lines": [], "excluded_lines": [], "start_line": 518}, "_BFSubcluster.linear_sum": {"executed_lines": [523, 524, 525], "summary": {"covered_lines": 3, "num_statements": 3, "percent_covered": 100.0, "percent_covered_display": "100", "missing_lines": 0, "excluded_lines": 0, "percent_statements_covered": 100.0, "percent_statements_covered_display": "100"}, "missing_lines": [], "excluded_lines": [], "start_line": 522}, "_BFSubcluster.n_samples": {"executed_lines": [531], "summary": {"covered_lines": 1, "num_statements": 1, "percent_covered": 100.0, "percent_covered_display": "100", "missing_lines": 0, "excluded_lines": 0, "percent_statements_covered": 100.0, "percent_statements_covered_display": "100"}, "missing_lines": [], "excluded_lines": [], "start_line": 528}, "_BFSubcluster.replace_n_samples_and_linear_sum": {"executed_lines": [539, 541, 542, 543], "summary": {"covered_lines": 4, "num_statements": 4, "percent_covered": 100.0, "percent_covered_display": "100", "missing_lines": 0, "excluded_lines": 0, "percent_statements_covered": 100.0, "percent_statements_covered_display": "100"}, "missing_lines": [], "excluded_lines": [], "start_line": 535}, "_BFSubcluster.add_to_n_samples_and_linear_sum": {"executed_lines": [551, 552, 554, 555, 556], "summary": {"covered_lines": 5, "num_statements": 5, "percent_covered": 100.0, "percent_covered_display": "100", "missing_lines": 0, "excluded_lines": 0, "percent_statements_covered": 100.0, "percent_statements_covered_display": "100"}, "missing_lines": [], "excluded_lines": [], "start_line": 547}, "_BFSubcluster.update": {"executed_lines": [561, 564], "summary": {"covered_lines": 2, "num_statements": 2, "percent_covered": 100.0, "percent_covered_display": "100", "missing_lines": 0, "excluded_lines": 0, "percent_statements_covered": 100.0, "percent_statements_covered_display": "100"}, "missing_lines": [], "excluded_lines": [], "start_line": 560}, "_BFSubcluster.merge_subcluster": {"executed_lines": [573, 574, 575, 576, 577, 580, 581, 582, 583, 584, 585], "summary": {"covered_lines": 11, "num_statements": 11, "percent_covered": 100.0, "percent_covered_display": "100", "missing_lines": 0, "excluded_lines": 0, "percent_statements_covered": 100.0, "percent_statements_covered_display": "100"}, "missing_lines": [], "excluded_lines": [], "start_line": 566}, "BitBirch.__init__": {"executed_lines": [665, 666, 667, 681, 682, 683, 690, 693, 694, 695, 697, 698, 703], "summary": {"covered_lines": 13, "num_statements": 21, "percent_covered": 61.904761904761905, "percent_covered_display": "62", "missing_lines": 8, "excluded_lines": 0, "percent_statements_covered": 61.904761904761905, "percent_statements_covered_display": "62"}, "missing_lines": [669, 670, 674, 675, 679, 684, 685, 688], "excluded_lines": [], "start_line": 656}, "BitBirch.merge_criterion": {"executed_lines": [], "summary": {"covered_lines": 0, "num_statements": 1, "percent_covered": 0.0, "percent_covered_display": "0", "missing_lines": 1, "excluded_lines": 0, "percent_statements_covered": 0.0, "percent_statements_covered_display": "0"}, "missing_lines": [711], "excluded_lines": [], "start_line": 710}, "BitBirch.tolerance": {"executed_lines": [], "summary": {"covered_lines": 0, "num_statements": 1, "percent_covered": 0.0, "percent_covered_display": "0", "missing_lines": 1, "excluded_lines": 0, "percent_statements_covered": 0.0, "percent_statements_covered_display": "0"}, "missing_lines": [722], "excluded_lines": [], "start_line": 721}, "BitBirch.is_init": {"executed_lines": [727], "summary": {"covered_lines": 1, "num_statements": 1, "percent_covered": 100.0, "percent_covered_display": "100", "missing_lines": 0, "excluded_lines": 0, "percent_statements_covered": 100.0, "percent_statements_covered_display": "100"}, "missing_lines": [], "excluded_lines": [], "start_line": 725}, "BitBirch.num_fitted_fps": {"executed_lines": [732], "summary": {"covered_lines": 1, "num_statements": 1, "percent_covered": 100.0, "percent_covered_display": "100", "missing_lines": 0, "excluded_lines": 0, "percent_statements_covered": 100.0, "percent_statements_covered_display": "100"}, "missing_lines": [], "excluded_lines": [], "start_line": 730}, "BitBirch.set_merge": {"executed_lines": [746, 751, 752, 754, 755, 756, 757, 760, 761, 762], "summary": {"covered_lines": 10, "num_statements": 15, "percent_covered": 66.66666666666667, "percent_covered_display": "67", "missing_lines": 5, "excluded_lines": 0, "percent_statements_covered": 66.66666666666667, "percent_statements_covered_display": "67"}, "missing_lines": [747, 753, 758, 759, 763], "excluded_lines": [], "start_line": 734}, "BitBirch.fit": {"executed_lines": [801, 802, 803, 805, 806, 808, 810, 812, 813, 814, 818, 819, 821, 822, 824, 827, 828, 830, 832, 833, 834, 836, 837, 838, 839, 843, 844, 845, 846, 847, 849, 850, 851, 853], "summary": {"covered_lines": 34, "num_statements": 36, "percent_covered": 94.44444444444444, "percent_covered_display": "94", "missing_lines": 2, "excluded_lines": 0, "percent_statements_covered": 94.44444444444444, "percent_statements_covered_display": "94"}, "missing_lines": [811, 852], "excluded_lines": [], "start_line": 765}, "BitBirch._fit_buffers": {"executed_lines": [885, 886, 887, 889, 891, 893, 895, 896, 897, 901, 902, 903, 904, 906, 907, 910, 912, 913, 914, 918, 919, 920, 921, 922, 924, 925, 926, 928], "summary": {"covered_lines": 28, "num_statements": 31, "percent_covered": 90.3225806451613, "percent_covered_display": "90", "missing_lines": 3, "excluded_lines": 0, "percent_statements_covered": 90.3225806451613, "percent_statements_covered_display": "90"}, "missing_lines": [894, 908, 927], "excluded_lines": [], "start_line": 855}, "BitBirch.fit_reinsert": {"executed_lines": [], "summary": {"covered_lines": 0, "num_statements": 1, "percent_covered": 0.0, "percent_covered_display": "0", "missing_lines": 1, "excluded_lines": 0, "percent_statements_covered": 0.0, "percent_statements_covered_display": "0"}, "missing_lines": [940], "excluded_lines": [], "start_line": 931}, "BitBirch._initialize_tree": {"executed_lines": [944, 945, 946], "summary": {"covered_lines": 3, "num_statements": 3, "percent_covered": 100.0, "percent_covered_display": "100", "missing_lines": 0, "excluded_lines": 0, "percent_statements_covered": 100.0, "percent_statements_covered_display": "100"}, "missing_lines": [], "excluded_lines": [], "start_line": 942}, "BitBirch._get_leaves": {"executed_lines": [950, 952, 953, 954, 955], "summary": {"covered_lines": 5, "num_statements": 6, "percent_covered": 83.33333333333333, "percent_covered_display": "83", "missing_lines": 1, "excluded_lines": 0, "percent_statements_covered": 83.33333333333333, "percent_statements_covered_display": "83"}, "missing_lines": [951], "excluded_lines": [], "start_line": 948}, "BitBirch.get_centroids_mol_ids": {"executed_lines": [963, 964, 965, 966, 967, 968, 969], "summary": {"covered_lines": 7, "num_statements": 7, "percent_covered": 100.0, "percent_covered_display": "100", "missing_lines": 0, "excluded_lines": 0, "percent_statements_covered": 100.0, "percent_statements_covered_display": "100"}, "missing_lines": [], "excluded_lines": [], "start_line": 957}, "BitBirch.get_centroids": {"executed_lines": [979, 980], "summary": {"covered_lines": 2, "num_statements": 2, "percent_covered": 100.0, "percent_covered_display": "100", "missing_lines": 0, "excluded_lines": 0, "percent_statements_covered": 100.0, "percent_statements_covered_display": "100"}, "missing_lines": [], "excluded_lines": [], "start_line": 971}, "BitBirch.get_medoids_mol_ids": {"executed_lines": [995, 999, 1000, 1001, 1004, 1005, 1006], "summary": {"covered_lines": 7, "num_statements": 7, "percent_covered": 100.0, "percent_covered_display": "100", "missing_lines": 0, "excluded_lines": 0, "percent_statements_covered": 100.0, "percent_statements_covered_display": "100"}, "missing_lines": [], "excluded_lines": [], "start_line": 982}, "BitBirch._unpacked_medoids_from_members": {"executed_lines": [1016, 1019, 1020, 1021, 1026], "summary": {"covered_lines": 5, "num_statements": 5, "percent_covered": 100.0, "percent_covered_display": "100", "missing_lines": 0, "excluded_lines": 0, "percent_statements_covered": 100.0, "percent_statements_covered_display": "100"}, "missing_lines": [], "excluded_lines": [], "start_line": 1013}, "BitBirch.get_medoids": {"executed_lines": [1037], "summary": {"covered_lines": 1, "num_statements": 1, "percent_covered": 100.0, "percent_covered_display": "100", "missing_lines": 0, "excluded_lines": 0, "percent_statements_covered": 100.0, "percent_statements_covered_display": "100"}, "missing_lines": [], "excluded_lines": [], "start_line": 1028}, "BitBirch.get_cluster_mol_ids": {"executed_lines": [1045, 1046, 1050, 1055, 1056, 1058], "summary": {"covered_lines": 6, "num_statements": 7, "percent_covered": 85.71428571428571, "percent_covered_display": "86", "missing_lines": 1, "excluded_lines": 0, "percent_statements_covered": 85.71428571428571, "percent_statements_covered_display": "86"}, "missing_lines": [1047], "excluded_lines": [], "start_line": 1041}, "BitBirch._new_ids_from_labels": {"executed_lines": [1067, 1069, 1070, 1071, 1072], "summary": {"covered_lines": 5, "num_statements": 6, "percent_covered": 83.33333333333333, "percent_covered_display": "83", "missing_lines": 1, "excluded_lines": 0, "percent_statements_covered": 83.33333333333333, "percent_statements_covered_display": "83"}, "missing_lines": [1068], "excluded_lines": [], "start_line": 1061}, "BitBirch.get_assignments": {"executed_lines": [1082, 1084, 1089, 1090, 1095, 1096, 1102, 1113, 1114, 1117, 1119], "summary": {"covered_lines": 11, "num_statements": 21, "percent_covered": 52.38095238095238, "percent_covered_display": "52", "missing_lines": 10, "excluded_lines": 0, "percent_statements_covered": 52.38095238095238, "percent_statements_covered_display": "52"}, "missing_lines": [1083, 1085, 1092, 1098, 1103, 1104, 1108, 1109, 1110, 1118], "excluded_lines": [], "start_line": 1074}, "BitBirch.dump_assignments": {"executed_lines": [], "summary": {"covered_lines": 0, "num_statements": 12, "percent_covered": 0.0, "percent_covered_display": "0", "missing_lines": 12, "excluded_lines": 0, "percent_statements_covered": 0.0, "percent_statements_covered_display": "0"}, "missing_lines": [1130, 1132, 1133, 1134, 1135, 1137, 1140, 1141, 1145, 1146, 1147, 1148], "excluded_lines": [], "start_line": 1121}, "BitBirch.reset": {"executed_lines": [1157, 1158, 1159, 1160, 1161, 1162], "summary": {"covered_lines": 6, "num_statements": 6, "percent_covered": 100.0, "percent_covered_display": "100", "missing_lines": 0, "excluded_lines": 0, "percent_statements_covered": 100.0, "percent_statements_covered_display": "100"}, "missing_lines": [], "excluded_lines": [], "start_line": 1150}, "BitBirch.delete_internal_nodes": {"executed_lines": [1173, 1176], "summary": {"covered_lines": 2, "num_statements": 2, "percent_covered": 100.0, "percent_covered_display": "100", "missing_lines": 0, "excluded_lines": 0, "percent_statements_covered": 100.0, "percent_statements_covered_display": "100"}, "missing_lines": [], "excluded_lines": [], "start_line": 1164}, "BitBirch._only_has_leaves": {"executed_lines": [1180], "summary": {"covered_lines": 1, "num_statements": 1, "percent_covered": 100.0, "percent_covered_display": "100", "missing_lines": 0, "excluded_lines": 0, "percent_statements_covered": 100.0, "percent_statements_covered_display": "100"}, "missing_lines": [], "excluded_lines": [], "start_line": 1179}, "BitBirch.recluster_inplace": {"executed_lines": [], "summary": {"covered_lines": 0, "num_statements": 27, "percent_covered": 0.0, "percent_covered_display": "0", "missing_lines": 27, "excluded_lines": 0, "percent_statements_covered": 0.0, "percent_statements_covered_display": "0"}, "missing_lines": [1211, 1212, 1214, 1215, 1217, 1220, 1223, 1224, 1226, 1227, 1230, 1231, 1232, 1234, 1235, 1236, 1239, 1242, 1245, 1248, 1249, 1252, 1253, 1254, 1255, 1256, 1257], "excluded_lines": [], "start_line": 1182}, "BitBirch.refine_inplace": {"executed_lines": [1267, 1270, 1274, 1281, 1284, 1285, 1286], "summary": {"covered_lines": 7, "num_statements": 8, "percent_covered": 87.5, "percent_covered_display": "88", "missing_lines": 1, "excluded_lines": 0, "percent_statements_covered": 87.5, "percent_statements_covered_display": "88"}, "missing_lines": [1268], "excluded_lines": [], "start_line": 1259}, "BitBirch._get_leaf_bfs": {"executed_lines": [1290, 1291, 1293, 1294], "summary": {"covered_lines": 4, "num_statements": 4, "percent_covered": 100.0, "percent_covered_display": "100", "missing_lines": 0, "excluded_lines": 0, "percent_statements_covered": 100.0, "percent_statements_covered_display": "100"}, "missing_lines": [], "excluded_lines": [], "start_line": 1288}, "BitBirch._bf_to_np_refine": {"executed_lines": [1312, 1315, 1318, 1319, 1320, 1321, 1323, 1325, 1326, 1332, 1333, 1335, 1337, 1338, 1339, 1340, 1352, 1353, 1354, 1356, 1357, 1358, 1359, 1360, 1361, 1362], "summary": {"covered_lines": 26, "num_statements": 34, "percent_covered": 76.47058823529412, "percent_covered_display": "76", "missing_lines": 8, "excluded_lines": 0, "percent_statements_covered": 76.47058823529412, "percent_statements_covered_display": "76"}, "missing_lines": [1313, 1316, 1330, 1342, 1343, 1347, 1348, 1349], "excluded_lines": [], "start_line": 1296}, "BitBirch._bf_to_np": {"executed_lines": [1368], "summary": {"covered_lines": 1, "num_statements": 1, "percent_covered": 100.0, "percent_covered_display": "100", "missing_lines": 0, "excluded_lines": 0, "percent_statements_covered": 100.0, "percent_statements_covered_display": "100"}, "missing_lines": [], "excluded_lines": [], "start_line": 1364}, "BitBirch._prepare_bf_to_buffer_dicts": {"executed_lines": [1375, 1376, 1377, 1378, 1379, 1380], "summary": {"covered_lines": 6, "num_statements": 6, "percent_covered": 100.0, "percent_covered_display": "100", "missing_lines": 0, "excluded_lines": 0, "percent_statements_covered": 100.0, "percent_statements_covered_display": "100"}, "missing_lines": [], "excluded_lines": [], "start_line": 1371}, "BitBirch.__repr__": {"executed_lines": [], "summary": {"covered_lines": 0, "num_statements": 5, "percent_covered": 0.0, "percent_covered_display": "0", "missing_lines": 5, "excluded_lines": 0, "percent_statements_covered": 0.0, "percent_statements_covered_display": "0"}, "missing_lines": [1383, 1384, 1389, 1390, 1391], "excluded_lines": [], "start_line": 1382}, "BitBirch.save": {"executed_lines": [], "summary": {"covered_lines": 0, "num_statements": 7, "percent_covered": 0.0, "percent_covered_display": "0", "missing_lines": 7, "excluded_lines": 0, "percent_statements_covered": 0.0, "percent_statements_covered_display": "0"}, "missing_lines": [1397, 1401, 1402, 1403, 1404, 1405, 1406], "excluded_lines": [], "start_line": 1393}, "BitBirch.load": {"executed_lines": [], "summary": {"covered_lines": 0, "num_statements": 10, "percent_covered": 0.0, "percent_covered_display": "0", "missing_lines": 10, "excluded_lines": 0, "percent_statements_covered": 0.0, "percent_statements_covered_display": "0"}, "missing_lines": [1413, 1417, 1418, 1419, 1420, 1421, 1422, 1423, 1424, 1425], "excluded_lines": [], "start_line": 1409}, "BitBirch.global_clustering": {"executed_lines": [1436, 1440, 1442, 1443, 1446, 1447, 1450, 1451], "summary": {"covered_lines": 8, "num_statements": 9, "percent_covered": 88.88888888888889, "percent_covered_display": "89", "missing_lines": 1, "excluded_lines": 0, "percent_statements_covered": 88.88888888888889, "percent_statements_covered_display": "89"}, "missing_lines": [1441], "excluded_lines": [], "start_line": 1427}, "BitBirch._centrals_global_clustering": {"executed_lines": [1465, 1469, 1470, 1472, 1475, 1476, 1484, 1486, 1487, 1497], "summary": {"covered_lines": 10, "num_statements": 19, "percent_covered": 52.63157894736842, "percent_covered_display": "53", "missing_lines": 9, "excluded_lines": 0, "percent_statements_covered": 52.63157894736842, "percent_statements_covered_display": "53"}, "missing_lines": [1466, 1473, 1477, 1481, 1482, 1485, 1488, 1489, 1491], "excluded_lines": [], "start_line": 1454}, "_get_array_iterable": {"executed_lines": [1517, 1520, 1521, 1523, 1524, 1526], "summary": {"covered_lines": 6, "num_statements": 7, "percent_covered": 85.71428571428571, "percent_covered_display": "86", "missing_lines": 1, "excluded_lines": 0, "percent_statements_covered": 85.71428571428571, "percent_statements_covered_display": "86"}, "missing_lines": [1527], "excluded_lines": [], "start_line": 1511}, "_iter_sparse": {"executed_lines": [], "summary": {"covered_lines": 0, "num_statements": 13, "percent_covered": 0.0, "percent_covered_display": "0", "missing_lines": 13, "excluded_lines": 0, "percent_statements_covered": 0.0, "percent_statements_covered_display": "0"}, "missing_lines": [1532, 1534, 1535, 1536, 1537, 1538, 1539, 1540, 1541, 1542, 1543, 1544, 1545], "excluded_lines": [], "start_line": 1531}, "": {"executed_lines": [49, 50, 51, 52, 53, 54, 55, 56, 57, 58, 59, 60, 61, 63, 64, 66, 67, 68, 69, 73, 82, 85, 88, 89, 90, 92, 95, 96, 107, 108, 119, 155, 159, 161, 165, 194, 223, 275, 310, 318, 332, 333, 336, 337, 340, 341, 345, 350, 366, 421, 454, 456, 483, 484, 493, 494, 509, 510, 513, 514, 517, 518, 521, 522, 527, 528, 535, 547, 560, 566, 588, 589, 590, 593, 594, 595, 596, 599, 656, 705, 706, 709, 710, 713, 714, 720, 721, 724, 725, 729, 730, 734, 765, 855, 931, 942, 948, 957, 971, 982, 1012, 1013, 1028, 1041, 1060, 1061, 1074, 1121, 1150, 1164, 1178, 1179, 1182, 1259, 1288, 1296, 1364, 1370, 1371, 1382, 1393, 1408, 1409, 1427, 1453, 1454, 1511, 1531], "summary": {"covered_lines": 128, "num_statements": 129, "percent_covered": 99.2248062015504, "percent_covered_display": "99", "missing_lines": 1, "excluded_lines": 0, "percent_statements_covered": 99.2248062015504, "percent_statements_covered_display": "99"}, "missing_lines": [83], "excluded_lines": [], "start_line": 1}}, "classes": {"_BFNode": {"executed_lines": [319, 322, 325, 329, 330, 334, 338, 343, 346, 347, 348, 360, 361, 362, 364, 373, 374, 375, 378, 381, 382, 383, 384, 387, 390, 393, 394, 396, 397, 400, 403, 407, 408, 411, 414, 415, 418], "summary": {"covered_lines": 37, "num_statements": 37, "percent_covered": 100.0, "percent_covered_display": "100", "missing_lines": 0, "excluded_lines": 0, "percent_statements_cover
[...]
cent_covered": 0.0, "percent_covered_display": "0", "missing_lines": 1, "excluded_lines": 0, "percent_statements_covered": 0.0, "percent_statements_covered_display": "0"}, "missing_lines": [179], "excluded_lines": [], "start_line": 173}, "jt_isim_radius": {"executed_lines": [], "summary": {"covered_lines": 0, "num_statements": 1, "percent_covered": 0.0, "percent_covered_display": "0", "missing_lines": 1, "excluded_lines": 0, "percent_statements_covered": 0.0, "percent_statements_covered_display": "0"}, "missing_lines": [199], "excluded_lines": [], "start_line": 193}, "jt_isim_radius_compl": {"executed_lines": [], "summary": {"covered_lines": 0, "num_statements": 1, "percent_covered": 0.0, "percent_covered_display": "0", "missing_lines": 1, "excluded_lines": 0, "percent_statements_covered": 0.0, "percent_statements_covered_display": "0"}, "missing_lines": [219], "excluded_lines": [], "start_line": 213}, "jt_isim_radius_compl_from_sum": {"executed_lines": [238, 239, 240, 241, 242, 243], "summary": {"covered_lines": 6, "num_statements": 6, "percent_covered": 100.0, "percent_covered_display": "100", "missing_lines": 0, "excluded_lines": 0, "percent_statements_covered": 100.0, "percent_statements_covered_display": "100"}, "missing_lines": [], "excluded_lines": [], "start_line": 233}, "jt_isim_radius_from_sum": {"executed_lines": [], "summary": {"covered_lines": 0, "num_statements": 1, "percent_covered": 0.0, "percent_covered_display": "0", "missing_lines": 1, "excluded_lines": 0, "percent_statements_covered": 0.0, "percent_statements_covered_display": "0"}, "missing_lines": [248], "excluded_lines": [], "start_line": 246}, "jt_isim_diameter_from_sum": {"executed_lines": [], "summary": {"covered_lines": 0, "num_statements": 1, "percent_covered": 0.0, "percent_covered_display": "0", "missing_lines": 1, "excluded_lines": 0, "percent_statements_covered": 0.0, "percent_statements_covered_display": "0"}, "missing_lines": [255], "excluded_lines": [], "start_line": 251}, "jt_sim_packed": {"executed_lines": [269, 270, 271, 272, 273, 274], "summary": {"covered_lines": 6, "num_statements": 7, "percent_covered": 85.71428571428571, "percent_covered_display": "86", "missing_lines": 1, "excluded_lines": 0, "percent_statements_covered": 85.71428571428571, "percent_statements_covered_display": "86"}, "missing_lines": [275], "excluded_lines": [], "start_line": 259}, "jt_sim_matrix_packed": {"executed_lines": [282, 283, 285, 287, 288], "summary": {"covered_lines": 5, "num_statements": 5, "percent_covered": 100.0, "percent_covered_display": "100", "missing_lines": 0, "excluded_lines": 0, "percent_statements_covered": 100.0, "percent_statements_covered_display": "100"}, "missing_lines": [], "excluded_lines": [], "start_line": 280}, "estimate_jt_std": {"executed_lines": [305, 306, 311, 315, 316, 319, 322, 323, 324, 327, 328, 329, 330, 331, 332], "summary": {"covered_lines": 15, "num_statements": 20, "percent_covered": 75.0, "percent_covered_display": "75", "missing_lines": 5, "excluded_lines": 0, "percent_statements_covered": 75.0, "percent_statements_covered_display": "75"}, "missing_lines": [307, 308, 309, 310, 318], "excluded_lines": [], "start_line": 291}, "jt_stratified_sampling": {"executed_lines": [354, 355, 356, 357, 359, 361, 363], "summary": {"covered_lines": 7, "num_statements": 7, "percent_covered": 100.0, "percent_covered_display": "100", "missing_lines": 0, "excluded_lines": 0, "percent_statements_covered": 100.0, "percent_statements_covered_display": "100"}, "missing_lines": [], "excluded_lines": [], "start_line": 335}, "": {"executed_lines": [3, 4, 6, 7, 12, 37, 38, 43, 53, 54, 90, 91, 100, 106, 135, 173, 193, 213, 233, 246, 251, 259, 280, 291, 335], "summary": {"covered_lines": 25, "num_statements": 34, "percent_covered": 73.52941176470588, "percent_covered_display": "74", "missing_lines": 9, "excluded_lines": 0, "percent_statements_covered": 73.52941176470588, "percent_statements_covered_display": "74"}, "missing_lines": [44, 66, 68, 69, 72, 75, 79, 80, 88], "excluded_lines": [], "start_line": 1}}, "classes": {"": {"executed_lines": [3, 4, 6, 7, 12, 37, 38, 43, 53, 54, 90, 91, 100, 106, 121, 123, 125, 126, 128, 129, 130, 132, 135, 168, 169, 173, 193, 213, 233, 238, 239, 240, 241, 242, 243, 246, 251, 259, 269, 270, 271, 272, 273, 274, 280, 282, 283, 285, 287, 288, 291, 305, 306, 311, 315, 316, 319, 322, 323, 324, 327, 328, 329, 330, 331, 332, 335, 354, 355, 356, 357, 359, 361, 363], "summary": {"covered_lines": 74, "num_statements": 98, "percent_covered": 75.51020408163265, "percent_covered_display": "76", "missing_lines": 24, "excluded_lines": 0, "percent_statements_covered": 75.51020408163265, "percent_statements_covered_display": "76"}, "missing_lines": [44, 66, 68, 69, 72, 75, 79, 80, 88, 122, 124, 131, 170, 179, 199, 219, 248, 255, 275, 307, 308, 309, 310, 318], "excluded_lines": [], "start_line": 1}}}, "bblean/sklearn.py": {"executed_lines": [8, 9, 10, 11, 13, 14, 15, 23, 24, 25, 27, 51, 65, 67, 76, 82, 84, 85, 88, 89, 92, 93, 94, 95, 96, 97, 99, 100, 107, 109, 110, 111, 112, 115, 118, 119, 121, 123, 127, 128, 129, 135, 136, 137, 139, 145, 146, 147, 152, 153, 155, 156, 157, 158, 161, 168, 171, 173, 176, 180, 183, 187, 193, 197, 200], "summary": {"covered_lines": 65, "num_statements": 67, "percent_covered": 97.01492537313433, "percent_covered_display": "97", "missing_lines": 2, "excluded_lines": 0, "percent_statements_covered": 97.01492537313433, "percent_statements_covered_display": "97"}, "missing_lines": [108, 120], "excluded_lines": [], "functions": {"BitBirch.__init__": {"executed_lines": [76, 82], "summary": {"covered_lines": 2, "num_statements": 2, "percent_covered": 100.0, "percent_covered_display": "100", "missing_lines": 0, "excluded_lines": 0, "percent_statements_covered": 100.0, "percent_statements_covered_display": "100"}, "missing_lines": [], "excluded_lines": [], "start_line": 67}, "BitBirch.fit": {"executed_lines": [88, 89, 92, 93, 94, 95, 96, 97], "summary": {"covered_lines": 8, "num_statements": 8, "percent_covered": 100.0, "percent_covered_display": "100", "missing_lines": 0, "excluded_lines": 0, "percent_statements_covered": 100.0, "percent_statements_covered_display": "100"}, "missing_lines": [], "excluded_lines": [], "start_line": 85}, "BitBirch.partial_fit": {"executed_lines": [107, 109, 110, 111, 112], "summary": {"covered_lines": 5, "num_statements": 6, "percent_covered": 83.33333333333333, "percent_covered_display": "83", "missing_lines": 1, "excluded_lines": 0, "percent_statements_covered": 83.33333333333333, "percent_statements_covered_display": "83"}, "missing_lines": [108], "excluded_lines": [], "start_line": 100}, "BitBirch.fit_predict": {"executed_lines": [118, 119, 121], "summary": {"covered_lines": 3, "num_statements": 4, "percent_covered": 75.0, "percent_covered_display": "75", "missing_lines": 1, "excluded_lines": 0, "percent_statements_covered": 75.0, "percent_statements_covered_display": "75"}, "missing_lines": [120], "excluded_lines": [], "start_line": 115}, "BitBirch.predict": {"executed_lines": [127, 128, 129, 135, 136, 137], "summary": {"covered_lines": 6, "num_statements": 6, "percent_covered": 100.0, "percent_covered_display": "100", "missing_lines": 0, "excluded_lines": 0, "percent_statements_covered": 100.0, "percent_statements_covered_display": "100"}, "missing_lines": [], "excluded_lines": [], "start_line": 123}, "BitBirch.transform": {"executed_lines": [145, 146, 147, 152, 153], "summary": {"covered_lines": 5, "num_statements": 5, "percent_covered": 100.0, "percent_covered_display": "100", "missing_lines": 0, "excluded_lines": 0, "percent_statements_covered": 100.0, "percent_statements_covered_display": "100"}, "missing_lines": [], "excluded_lines": [], "start_line": 139}, "BitBirch.__sklearn_tags__": {"executed_lines": [156, 157, 158], "summary": {"covered_lines": 3, "num_statements": 3, "percent_covered": 100.0, "percent_covered_display": "100", "missing_lines": 0, "excluded_lines": 0, "percent_statements_covered": 100.0, "percent_statements_covered_display": "100"}, "missing_lines": [], "excluded_lines": [], "start_line": 155}, "UnpackedBitBirch.fit": {"executed_lines": [171], "summary": {"covered_lines": 1, "num_statements": 1, "percent_covered": 100.0, "percent_covered_display": "100", "missing_lines": 0, "excluded_lines": 0, "percent_statements_covered": 100.0, "percent_statements_covered_display": "100"}, "missing_lines": [], "excluded_lines": [], "start_line": 168}, "UnpackedBitBirch.partial_fit": {"executed_lines": [176], "summary": {"covered_lines": 1, "num_statements": 1, "percent_covered": 100.0, "percent_covered_display": "100", "missing_lines": 0, "excluded_lines": 0, "percent_statements_covered": 100.0, "percent_statements_covered_display": "100"}, "missing_lines": [], "excluded_lines": [], "start_line": 173}, "UnpackedBitBirch.fit_predict": {"executed_lines": [183], "summary": {"covered_lines": 1, "num_statements": 1, "percent_covered": 100.0, "percent_covered_display": "100", "missing_lines": 0, "excluded_lines": 0, "percent_statements_covered": 100.0, "percent_statements_covered_display": "100"}, "missing_lines": [], "excluded_lines": [], "start_line": 180}, "UnpackedBitBirch.predict": {"executed_lines": [193], "summary": {"covered_lines": 1, "num_statements": 1, "percent_covered": 100.0, "percent_covered_display": "100", "missing_lines": 0, "excluded_lines": 0, "percent_statements_covered": 100.0, "percent_statements_covered_display": "100"}, "missing_lines": [], "excluded_lines": [], "start_line": 187}, "UnpackedBitBirch.transform": {"executed_lines": [200], "summary": {"covered_lines": 1, "num_statements": 1, "percent_covered": 100.0, "percent_covered_display": "100", "missing_lines": 0, "excluded_lines": 0, "percent_statements_covered": 100.0, "percent_statements_covered_display": "100"}, "missing_lines": [], "excluded_lines": [], "start_line": 197}, "": {"executed_lines": [8, 9, 10, 11, 13, 14, 15, 23, 24, 25, 27, 51, 65, 67, 84, 85, 99, 100, 115, 123, 139, 155, 161, 168, 173, 180, 187, 197], "summary": {"covered_lines": 28, "num_statements": 28, "percent_covered": 100.0, "percent_covered_display": "100", "missing_lines": 0, "excluded_lines": 0, "percent_statements_covered": 100.0, "percent_statements_covered_display": "100"}, "missing_lines": [], "excluded_lines": [], "start_line": 1}}, "classes": {"BitBirch": {"executed_lines": [76, 82, 88, 89, 92, 93, 94, 95, 96, 97, 107, 109, 110, 111, 112, 118, 119, 121, 127, 128, 129, 135, 136, 137, 145, 146, 147, 152, 153, 156, 157, 158], "summary": {"covered_lines": 32, "num_statements": 34, "percent_covered": 94.11764705882354, "percent_covered_display": "94", "missing_lines": 2, "excluded_lines": 0, "percent_statements_covered": 94.11764705882354, "percent_statements_covered_display": "94"}, "missing_lines": [108, 120], "excluded_lines": [], "start_line": 51}, "UnpackedBitBirch": {"executed_lines": [171, 176, 183, 193, 200], "summary": {"covered_lines": 5, "num_statements": 5, "percent_covered": 100.0, "percent_covered_display": "100", "missing_lines": 0, "excluded_lines": 0, "percent_statements_covered": 100.0, "percent_statements_covered_display": "100"}, "missing_lines": [], "excluded_lines": [], "start_line": 161}, "": {"executed_lines": [8, 9, 10, 11, 13, 14, 15, 23, 24, 25, 27, 51, 65, 67, 84, 85, 99, 100, 115, 123, 139, 155, 161, 168, 173, 180, 187, 197], "summary": {"covered_lines": 28, "num_statements": 28, "percent_covered": 100.0, "percent_covered_display": "100", "missing_lines": 0, "excluded_lines": 0, "percent_statements_covered": 100.0, "percent_statements_covered_display": "100"}, "missing_lines": [], "excluded_lines": [], "start_line": 1}}}, "bblean/smiles.py": {"executed_lines": [3, 4, 5, 6, 8, 10, 16, 19, 21, 22, 23, 25, 26, 29, 31, 36, 46, 47, 48, 49, 50, 51, 55, 59, 66, 69, 76, 77, 80, 81, 82, 83, 84, 85, 88], "summary": {"covered_lines": 35, "num_statements": 41, "percent_covered": 85.36585365853658, "percent_covered_display": "85", "missing_lines": 6, "excluded_lines": 0, "percent_statements_covered": 85.36585365853658, "percent_statements_covered_display": "85"}, "missing_lines": [24, 52, 56, 60, 79, 94], "excluded_lines": [], "functions": {"load_smiles": {"executed_lines": [21, 22, 23, 25, 26], "summary": {"covered_lines": 5, "num_statements": 6, "percent_covered": 83.33333333333333, "percent_covered_display": "83", "missing_lines": 1, "excluded_lines": 0, "percent_statements_covered": 83.33333333333333, "percent_statements_covered_display": "83"}, "missing_lines": [24], "excluded_lines": [], "start_line": 19}, "calc_num_smiles": {"executed_lines": [31], "summary": {"covered_lines": 1, "num_statements": 1, "percent_covered": 100.0, "percent_covered_display": "100", "missing_lines": 0, "excluded_lines": 0, "percent_statements_covered": 100.0, "percent_statements_covered_display": "100"}, "missing_lines": [], "excluded_lines": [], "start_line": 29}, "iter_smiles_from_paths": {"executed_lines": [46, 47, 48, 49, 50, 51, 55, 59, 66], "summary": {"covered_lines": 9, "num_statements": 12, "percent_covered": 75.0, "percent_covered_display": "75", "missing_lines": 3, "excluded_lines": 0, "percent_statements_covered": 75.0, "percent_statements_covered_display": "75"}, "missing_lines": [52, 56, 60], "excluded_lines": [], "start_line": 36}, "_iter_ranges_and_smiles_batches": {"executed_lines": [76, 77, 80, 81, 82, 83, 84, 85], "summary": {"covered_lines": 8, "num_statements": 9, "percent_covered": 88.88888888888889, "percent_covered_display": "89", "missing_lines": 1, "excluded_lines": 0, "percent_statements_covered": 88.88888888888889, "percent_statements_covered_display": "89"}, "missing_lines": [79], "excluded_lines": [], "start_line": 69}, "_iter_idxs_and_smiles_batches": {"executed_lines": [], "summary": {"covered_lines": 0, "num_statements": 1, "percent_covered": 0.0, "percent_covered_display": "0", "missing_lines": 1, "excluded_lines": 0, "percent_statements_covered": 0.0, "percent_statements_covered_display": "0"}, "missing_lines": [94], "excluded_lines": [], "start_line": 88}, "": {"executed_lines": [3, 4, 5, 6, 8, 10, 16, 19, 29, 36, 69, 88], "summary": {"covered_lines": 12, "num_statements": 12, "percent_covered": 100.0, "percent_covered_display": "100", "missing_lines": 0, "excluded_lines": 0, "percent_statements_covered": 100.0, "percent_statements_covered_display": "100"}, "missing_lines": [], "excluded_lines": [], "start_line": 1}}, "classes": {"": {"executed_lines": [3, 4, 5, 6, 8, 10, 16, 19, 21, 22, 23, 25, 26, 29, 31, 36, 46, 47, 48, 49, 50, 51, 55, 59, 66, 69, 76, 77, 80, 81, 82, 83, 84, 85, 88], "summary": {"covered_lines": 35, "num_statements": 41, "percent_covered": 85.36585365853658, "percent_covered_display": "85", "missing_lines": 6, "excluded_lines": 0, "percent_statements_covered": 85.36585365853658, "percent_statements_covered_display": "85"}, "missing_lines": [24, 52, 56, 60, 79, 94], "excluded_lines": [], "start_line": 1}}}, "bblean/utils.py": {"executed_lines": [3, 4, 5, 6, 7, 8, 9, 10, 12, 13, 15, 22, 25, 30, 32, 33, 34, 38, 44, 46, 47, 48, 51, 54, 56, 58, 66, 67, 68, 71, 72, 75, 78, 79, 90, 91, 92, 93, 94, 100, 111, 113, 115, 116, 119, 120, 123, 125, 126, 129, 130], "summary": {"covered_lines": 51, "num_statements": 73, "percent_covered": 69.86301369863014, "percent_covered_display": "70", "missing_lines": 22, "excluded_lines": 0, "percent_statements_covered": 69.86301369863014, "percent_statements_covered_display": "70"}, "missing_lines": [45, 55, 59, 61, 62, 64, 74, 80, 81, 87, 88, 97, 101, 102, 103, 104, 106, 107, 108, 114, 118, 128], "excluded_lines": [], "functions": {"min_safe_uint": {"executed_lines": [30, 32, 33, 34], "summary": {"covered_lines": 4, "num_statements": 4, "percent_covered": 100.0, "percent_covered_display": "100", "missing_lines": 0, "excluded_lines": 0, "percent_statements_covered": 100.0, "percent_statements_covered_display": "100"}, "missing_lines": [], "excluded_lines": [], "start_line": 25}, "batched": {"executed_lines": [44, 46, 47, 48], "summary": {"covered_lines": 4, "num_statements": 5, "percent_covered": 80.0, "percent_covered_display": "80", "missing_lines": 1, "excluded_lines": 0, "percent_statements_covered": 80.0, "percent_statements_covered_display": "80"}, "missing_lines": [45], "excluded_lines": [], "start_line": 38}, "_import_bitbirch_variant": {"executed_lines": [54, 56, 58, 66, 67, 68], "summary": {"covered_lines": 6, "num_statements": 11, "percent_covered": 54.54545454545455, "percent_covered_display": "55", "missing_lines": 5, "excluded_lines": 0, "percent_statements_covered": 54.54545454545455, "percent_statements_covered_display": "55"}, "missing_lines": [55, 59, 61, 62, 64], "excluded_lines": [], "start_line": 51}, "_num_avail_cpus": {"executed_lines": [72, 75], "summary": {"covered_lines": 2, "num_statements": 3, "percent_covered": 66.66666666666667, "percent_covered_display": "67", "missing_lines": 1, "excluded_lines": 0, "percent_statements_covered": 66.66666666666667, "percent_statements_covered_display": "67"}, "missing_lines": [74], "excluded_lines": [], "start_line": 71}, "_cpu_name": {"executed_lines": [79, 90, 91, 92, 93, 94], "summary": {"covered_lines": 6, "num_statements": 11, "percent_covered": 54.54545454545455, "percent_covered_display": "55", "missing_lines": 5, "excluded_lines": 0, "percent_statements_covered": 54.54545454545455, "percent_statements_covered_display": "55"}, "missing_lines": [80, 81, 87, 88, 97], "excluded_lines": [], "start_line": 78}, "_has_files_or_valid_symlinks": {"executed_lines": [], "summary": {"covered_lines": 0, "num_statements": 7, "percent_covered": 0.0, "percent_covered_display": "0", "missing_lines": 7, "excluded_lines": 0, "percent_statements_covered": 0.0, "percent_statements_covered_display": "0"}, "missing_lines": [101, 102, 103, 104, 106, 107, 108], "excluded_lines": [], "start_line": 100}, "cpp_extensions_are_enabled": {"executed_lines": [113, 115, 116, 119, 120], "summary": {"covered_lines": 5, "num_statements": 7, "percent_covered": 71.42857142857143, "percent_covered_display": "71", "missing_lines": 2, "excluded_lines": 0, "percent_statements_covered": 71.42857142857143, "percent_statements_covered_display": "71"}, "missing_lines": [114, 118], "excluded_lines": [], "start_line": 111}, "cpp_extensions_are_installed": {"executed_lines": [125, 126, 129, 130], "summary": {"covered_lines": 4, "num_statements": 5, "percent_covered": 80.0, "percent_covered_display": "80", "missing_lines": 1, "excluded_lines": 0, "percent_statements_covered": 80.0, "percent_statements_covered_display": "80"}, "missing_lines": [128], "excluded_lines": [], "start_line": 123}, "": {"executed_lines": [3, 4, 5, 6, 7, 8, 9, 10, 12, 13, 15, 22, 25, 38, 51, 71, 78, 100, 111, 123], "summary": {"covered_lines": 20, "num_statements": 20, "percent_covered": 100.0, "percent_covered_display": "100", "missing_lines": 0, "excluded_lines": 0, "percent_statements_covered": 100.0, "percent_statements_covered_display": "100"}, "missing_lines": [], "excluded_lines": [], "start_line": 1}}, "classes": {"": {"executed_lines": [3, 4, 5, 6, 7, 8, 9, 10, 12, 13, 15, 22, 25, 30, 32, 33, 34, 38, 44, 46, 47, 48, 51, 54, 56, 58, 66, 67, 68, 71, 72, 75, 78, 79, 90, 91, 92, 93, 94, 100, 111, 113, 115, 116, 119, 120, 123, 125, 126, 129, 130], "summary": {"covered_lines": 51, "num_statements": 73, "percent_covered": 69.86301369863014, "percent_covered_display": "70", "missing_lines": 22, "excluded_lines": 0, "percent_statements_covered": 69.86301369863014, "percent_statements_covered_display": "70"}, "missing_lines": [45, 55, 59, 61, 62, 64, 74, 80, 81, 87, 88, 97, 101, 102, 103, 104, 106, 107, 108, 114, 118, 128], "excluded_lines": [], "start_line": 1}}}}, "totals": {"covered_lines": 2067, "num_statements": 2990, "percent_covered": 69.1304347826087, "percent_covered_display": "69", "missing_lines": 923, "excluded_lines": 5, "percent_statements_covered": 69.1304347826087, "percent_statements_covered_display": "69"}}