{"meta": {"format": 3, "version": "7.13.3", "timestamp": "2026-02-08T01:59:28.920515", "branch_coverage": false, "show_contexts": false}, "files": {"bblean/__init__.py": {"executed_lines": [7, 8, 9, 10, 11, 13], "summary": {"covered_lines": 6, "num_statements": 6, "percent_covered": 100.0, "percent_covered_display": "100", "missing_lines": 0, "excluded_lines": 0, "percent_statements_covered": 100.0, "percent_statements_covered_display": "100"}, "missing_lines": [], "excluded_lines": [], "functions": {"": {"executed_lines": [7, 8, 9, 10, 11, 13], "summary": {"covered_lines": 6, "num_statements": 6, "percent_covered": 100.0, "percent_covered_display": "100", "missing_lines": 0, "excluded_lines": 0, "percent_statements_covered": 100.0, "percent_statements_covered_display": "100"}, "missing_lines": [], "excluded_lines": [], "start_line": 1}}, "classes": {"": {"executed_lines": [7, 8, 9, 10, 11, 13], "summary": {"covered_lines": 6, "num_statements": 6, "percent_covered": 100.0, "percent_covered_display": "100", "missing_lines": 0, "excluded_lines": 0, "percent_statements_covered": 100.0, "percent_statements_covered_display": "100"}, "missing_lines": [], "excluded_lines": [], "start_line": 1}}}, "bblean/_config.py": {"executed_lines": [3, 4, 5, 6, 7, 8, 9, 10, 12, 14, 15, 22, 23, 24, 25, 26, 27, 28, 29, 30, 31, 34, 36, 39, 42, 43, 44, 46, 47, 48, 49, 50, 51, 52, 53, 55, 60, 61], "summary": {"covered_lines": 38, "num_statements": 40, "percent_covered": 95.0, "percent_covered_display": "95", "missing_lines": 2, "excluded_lines": 0, "percent_statements_covered": 95.0, "percent_statements_covered_display": "95"}, "missing_lines": [56, 57], "excluded_lines": [], "functions": {"collect_system_specs_and_dump_config": {"executed_lines": [42, 43, 44, 46, 47, 48, 49, 50, 51, 52, 53, 55, 60, 61], "summary": {"covered_lines": 14, "num_statements": 16, "percent_covered": 87.5, "percent_covered_display": "88", "missing_lines": 2, "excluded_lines": 0, "percent_statements_covered": 87.5, "percent_statements_covered_display": "88"}, "missing_lines": [56, 57], "excluded_lines": [], "start_line": 39}, "": {"executed_lines": [3, 4, 5, 6, 7, 8, 9, 10, 12, 14, 15, 22, 23, 24, 25, 26, 27, 28, 29, 30, 31, 34, 36, 39], "summary": {"covered_lines": 24, "num_statements": 24, "percent_covered": 100.0, "percent_covered_display": "100", "missing_lines": 0, "excluded_lines": 0, "percent_statements_covered": 100.0, "percent_statements_covered_display": "100"}, "missing_lines": [], "excluded_lines": [], "start_line": 1}}, "classes": {"BitBirchConfig": {"executed_lines": [], "summary": {"covered_lines": 0, "num_statements": 0, "percent_covered": 100.0, "percent_covered_display": "100", "missing_lines": 0, "excluded_lines": 0, "percent_statements_covered": 100.0, "percent_statements_covered_display": "100"}, "missing_lines": [], "excluded_lines": [], "start_line": 23}, "": {"executed_lines": [3, 4, 5, 6, 7, 8, 9, 10, 12, 14, 15, 22, 23, 24, 25, 26, 27, 28, 29, 30, 31, 34, 36, 39, 42, 43, 44, 46, 47, 48, 49, 50, 51, 52, 53, 55, 60, 61], "summary": {"covered_lines": 38, "num_statements": 40, "percent_covered": 95.0, "percent_covered_display": "95", "missing_lines": 2, "excluded_lines": 0, "percent_statements_covered": 95.0, "percent_statements_covered_display": "95"}, "missing_lines": [56, 57], "excluded_lines": [], "start_line": 1}}}, "bblean/_console.py": {"executed_lines": [3, 4, 5, 6, 7, 9, 11, 14, 15, 16, 18, 25, 26, 27, 28, 39, 40, 41, 42, 46, 47, 48, 49, 50, 51, 62, 63, 64, 65, 67, 83, 87, 91, 95, 97, 100, 102, 103, 108, 109, 110, 111, 112, 113, 125, 128, 129, 130, 131, 132, 133, 134, 139, 140, 144, 148, 152, 156, 159, 160, 161, 163, 164, 166, 167, 169, 170, 171, 172, 174, 175, 177, 180, 181, 184, 185, 186, 187], "summary": {"covered_lines": 78, "num_statements": 96, "percent_covered": 81.25, "percent_covered_display": "81", "missing_lines": 18, "excluded_lines": 0, "percent_statements_covered": 81.25, "percent_statements_covered_display": "81"}, "missing_lines": [17, 43, 44, 66, 68, 71, 72, 77, 78, 79, 84, 88, 92, 101, 135, 145, 149, 153], "excluded_lines": [], "functions": {"BBConsole.print_banner": {"executed_lines": [16, 18, 25, 26, 27, 28], "summary": {"covered_lines": 6, "num_statements": 7, "percent_covered": 85.71428571428571, "percent_covered_display": "86", "missing_lines": 1, "excluded_lines": 0, "percent_statements_covered": 85.71428571428571, "percent_statements_covered_display": "86"}, "missing_lines": [17], "excluded_lines": [], "start_line": 15}, "BBConsole.print_peak_mem": {"executed_lines": [40, 41, 42], "summary": {"covered_lines": 3, "num_statements": 5, "percent_covered": 60.0, "percent_covered_display": "60", "missing_lines": 2, "excluded_lines": 0, "percent_statements_covered": 60.0, "percent_statements_covered_display": "60"}, "missing_lines": [43, 44], "excluded_lines": [], "start_line": 39}, "BBConsole.print_config": {"executed_lines": [47, 48, 49, 50, 51, 62, 63, 64, 65, 67, 83, 87, 91, 95], "summary": {"covered_lines": 14, "num_statements": 24, "percent_covered": 58.333333333333336, "percent_covered_display": "58", "missing_lines": 10, "excluded_lines": 0, "percent_statements_covered": 58.333333333333336, "percent_statements_covered_display": "58"}, "missing_lines": [66, 68, 71, 72, 77, 78, 79, 84, 88, 92], "excluded_lines": [], "start_line": 46}, "BBConsole.print_multiround_config": {"executed_lines": [100, 102, 103, 108, 109, 110, 111, 112, 113, 125, 128, 129, 130, 131, 132, 133, 134, 139, 140, 144, 148, 152, 156], "summary": {"covered_lines": 23, "num_statements": 28, "percent_covered": 82.14285714285714, "percent_covered_display": "82", "missing_lines": 5, "excluded_lines": 0, "percent_statements_covered": 82.14285714285714, "percent_statements_covered_display": "82"}, "missing_lines": [101, 135, 145, 149, 153], "excluded_lines": [], "start_line": 97}, "SilentConsole.print": {"executed_lines": [161], "summary": {"covered_lines": 1, "num_statements": 1, "percent_covered": 100.0, "percent_covered_display": "100", "missing_lines": 0, "excluded_lines": 0, "percent_statements_covered": 100.0, "percent_statements_covered_display": "100"}, "missing_lines": [], "excluded_lines": [], "start_line": 160}, "SilentConsole.print_peak_mem": {"executed_lines": [164], "summary": {"covered_lines": 1, "num_statements": 1, "percent_covered": 100.0, "percent_covered_display": "100", "missing_lines": 0, "excluded_lines": 0, "percent_statements_covered": 100.0, "percent_statements_covered_display": "100"}, "missing_lines": [], "excluded_lines": [], "start_line": 163}, "SilentConsole.print_banner": {"executed_lines": [167], "summary": {"covered_lines": 1, "num_statements": 1, "percent_covered": 100.0, "percent_covered_display": "100", "missing_lines": 0, "excluded_lines": 0, "percent_statements_covered": 100.0, "percent_statements_covered_display": "100"}, "missing_lines": [], "excluded_lines": [], "start_line": 166}, "SilentConsole.status": {"executed_lines": [170, 171, 174, 177], "summary": {"covered_lines": 4, "num_statements": 4, "percent_covered": 100.0, "percent_covered_display": "100", "missing_lines": 0, "excluded_lines": 0, "percent_statements_covered": 100.0, "percent_statements_covered_display": "100"}, "missing_lines": [], "excluded_lines": [], "start_line": 169}, "SilentConsole.status.DummyStatus.__enter__": {"executed_lines": [172], "summary": {"covered_lines": 1, "num_statements": 1, "percent_covered": 100.0, "percent_covered_display": "100", "missing_lines": 0, "excluded_lines": 0, "percent_statements_covered": 100.0, "percent_statements_covered_display": "100"}, "missing_lines": [], "excluded_lines": [], "start_line": 171}, "SilentConsole.status.DummyStatus.__exit__": {"executed_lines": [175], "summary": {"covered_lines": 1, "num_statements": 1, "percent_covered": 100.0, "percent_covered_display": "100", "missing_lines": 0, "excluded_lines": 0, "percent_statements_covered": 100.0, "percent_statements_covered_display": "100"}, "missing_lines": [], "excluded_lines": [], "start_line": 174}, "get_console": {"executed_lines": [185, 186, 187], "summary": {"covered_lines": 3, "num_statements": 3, "percent_covered": 100.0, "percent_covered_display": "100", "missing_lines": 0, "excluded_lines": 0, "percent_statements_covered": 100.0, "percent_statements_covered_display": "100"}, "missing_lines": [], "excluded_lines": [], "start_line": 184}, "": {"executed_lines": [3, 4, 5, 6, 7, 9, 11, 14, 15, 39, 46, 97, 159, 160, 163, 166, 169, 180, 181, 184], "summary": {"covered_lines": 20, "num_statements": 20, "percent_covered": 100.0, "percent_covered_display": "100", "missing_lines": 0, "excluded_lines": 0, "percent_statements_covered": 100.0, "percent_statements_covered_display": "100"}, "missing_lines": [], "excluded_lines": [], "start_line": 1}}, "classes": {"BBConsole": {"executed_lines": [16, 18, 25, 26, 27, 28, 40, 41, 42, 47, 48, 49, 50, 51, 62, 63, 64, 65, 67, 83, 87, 91, 95, 100, 102, 103, 108, 109, 110, 111, 112, 113, 125, 128, 129, 130, 131, 132, 133, 134, 139, 140, 144, 148, 152, 156], "summary": {"covered_lines": 46, "num_statements": 64, "percent_covered": 71.875, "percent_covered_display": "72", "missing_lines": 18, "excluded_lines": 0, "percent_statements_covered": 71.875, "percent_statements_covered_display": "72"}, "missing_lines": [17, 43, 44, 66, 68, 71, 72, 77, 78, 79, 84, 88, 92, 101, 135, 145, 149, 153], "excluded_lines": [], "start_line": 14}, "SilentConsole": {"executed_lines": [161, 164, 167, 170, 171, 174, 177], "summary": {"covered_lines": 7, "num_statements": 7, "percent_covered": 100.0, "percent_covered_display": "100", "missing_lines": 0, "excluded_lines": 0, "percent_statements_covered": 100.0, "percent_statements_covered_display": "100"}, "missing_lines": [], "excluded_lines": [], "start_line": 159}, "SilentConsole.status.DummyStatus": {"executed_lines": [172, 175], "summary": {"covered_lines": 2, "num_statements": 2, "percent_covered": 100.0, "percent_covered_display": "100", "missing_lines": 0, "excluded_lines": 0, "percent_statements_covered": 100.0, "percent_statements_covered_display": "100"}, "missing_lines": [], "excluded_lines": [], "start_line": 170}, "": {"executed_lines": [3, 4, 5, 6, 7, 9, 11, 14, 15, 39, 46, 97, 159, 160, 163, 166, 169, 180, 181, 184, 185, 186, 187], "summary": {"covered_lines": 23, "num_statements": 23, "percent_covered": 100.0, "percent_covered_display": "100", "missing_lines": 0, "excluded_lines": 0, "percent_statements_covered": 100.0, "percent_statements_covered_display": "100"}, "missing_lines": [], "excluded_lines": [], "start_line": 1}}}, "bblean/_memory.py": {"executed_lines": [3, 4, 5, 6, 7, 8, 9, 10, 11, 12, 13, 15, 16, 17, 18, 19, 21, 24, 25, 26, 30, 31, 32, 35, 39, 40, 41, 51, 57, 58, 61, 62, 63, 65, 70, 73, 74, 75, 76, 77, 78, 80, 81, 82, 83, 91, 92, 93, 95, 96, 97, 98, 99, 100, 102, 103, 105, 110, 113, 125, 126, 129, 130, 131, 134, 135, 136, 137, 143, 184], "summary": {"covered_lines": 70, "num_statements": 116, "percent_covered": 60.3448275862069, "percent_covered_display": "60", "missing_lines": 46, "excluded_lines": 0, "percent_statements_covered": 60.3448275862069, "percent_statements_covered_display": "60"}, "missing_lines": [42, 43, 45, 52, 64, 66, 67, 106, 107, 138, 139, 140, 146, 147, 148, 150, 151, 152, 153, 154, 155, 156, 157, 160, 161, 163, 164, 165, 166, 168, 169, 170, 171, 172, 173, 174, 175, 176, 177, 178, 179, 180, 181, 187, 188, 189], "excluded_lines": [], "functions": {"_get_libc": {"executed_lines": [40, 41], "summary": {"covered_lines": 2, "num_statements": 5, "percent_covered": 40.0, "percent_covered_display": "40", "missing_lines": 3, "excluded_lines": 0, "percent_statements_covered": 40.0, "percent_statements_covered_display": "40"}, "missing_lines": [42, 43, 45], "excluded_lines": [], "start_line": 39}, "_madvise_dontneed": {"executed_lines": [], "summary": {"covered_lines": 0, "num_statements": 1, "percent_covered": 0.0, "percent_covered_display": "0", "missing_lines": 1, "excluded_lines": 0, "percent_statements_covered": 0.0, "percent_statements_covered_display": "0"}, "missing_lines": [52], "excluded_lines": [], "start_line": 51}, "_madvise_sequential": {"executed_lines": [58], "summary": {"covered_lines": 1, "num_statements": 1, "percent_covered": 100.0, "percent_covered_display": "100", "missing_lines": 0, "excluded_lines": 0, "percent_statements_covered": 100.0, "percent_statements_covered_display": "100"}, "missing_lines": [], "excluded_lines": [], "start_line": 57}, "_madvise": {"executed_lines": [62, 63, 65], "summary": {"covered_lines": 3, "num_statements": 6, "percent_covered": 50.0, "percent_covered_display": "50", "missing_lines": 3, "excluded_lines": 0, "percent_statements_covered": 50.0, "percent_statements_covered_display": "50"}, "missing_lines": [64, 66, 67], "excluded_lines": [], "start_line": 61}, "_ArrayMemPagesManager.from_bb_input": {"executed_lines": [82, 83, 91, 92, 93, 95, 96, 97, 98, 99, 100], "summary": {"covered_lines": 11, "num_statements": 11, "percent_covered": 100.0, "percent_covered_display": "100", "missing_lines": 0, "excluded_lines": 0, "percent_statements_covered": 100.0, "percent_statements_covered_display": "100"}, "missing_lines": [], "excluded_lines": [], "start_line": 81}, "_ArrayMemPagesManager.should_release_curr_page": {"executed_lines": [103], "summary": {"covered_lines": 1, "num_statements": 1, "percent_covered": 100.0, "percent_covered_display": "100", "missing_lines": 0, "excluded_lines": 0, "percent_statements_covered": 100.0, "percent_statements_covered_display": "100"}, "missing_lines": [], "excluded_lines": [], "start_line": 102}, "_ArrayMemPagesManager.release_curr_page_and_update_addr": {"executed_lines": [], "summary": {"covered_lines": 0, "num_statements": 2, "percent_covered": 0.0, "percent_covered_display": "0", "missing_lines": 2, "excluded_lines": 0, "percent_statements_covered": 0.0, "percent_statements_covered_display": "0"}, "missing_lines": [106, 107], "excluded_lines": [], "start_line": 105}, "_mmap_file_and_madvise_sequential": {"executed_lines": [113, 125, 126], "summary": {"covered_lines": 3, "num_statements": 3, "percent_covered": 100.0, "percent_covered_display": "100", "missing_lines": 0, "excluded_lines": 0, "percent_statements_covered": 100.0, "percent_statements_covered_display": "100"}, "missing_lines": [], "excluded_lines": [], "start_line": 110}, "system_mem_gib": {"executed_lines": [130, 131], "summary": {"covered_lines": 2, "num_statements": 2, "percent_covered": 100.0, "percent_covered_display": "100", "missing_lines": 0, "excluded_lines": 0, "percent_statements_covered": 100.0, "percent_statements_covered_display": "100"}, "missing_lines": [], "excluded_lines": [], "start_line": 129}, "get_peak_memory_gib": {"executed_lines": [135, 136, 137], "summary": {"covered_lines": 3, "num_statements": 6, "percent_covered": 50.0, "percent_covered_display": "50", "missing_lines": 3, "excluded_lines": 0, "percent_statements_covered": 50.0, "percent_statements_covered_display": "50"}, "missing_lines": [138, 139, 140], "excluded_lines": [], "start_line": 134}, "monitor_rss_process": {"executed_lines": [], "summary": {"covered_lines": 0, "num_statements": 22, "percent_covered": 0.0, "percent_covered_display": "0", "missing_lines": 22, "excluded_lines": 0, "percent_statements_covered": 0.0, "percent_statements_covered_display": "0"}, "missing_lines": [146, 147, 148, 150, 163, 164, 165, 166, 168, 169, 170, 171, 172, 173, 174, 175, 176, 177, 178, 179, 180, 181], "excluded_lines": [], "start_line": 143}, "monitor_rss_process.total_rss": {"executed_lines": [], "summary": {"covered_lines": 0, "num_statements": 9, "percent_covered": 0.0, "percent_covered_display": "0", "missing_lines": 9, "excluded_lines": 0, "percent_statements_covered": 0.0, "percent_statements_covered_display": "0"}, "missing_lines": [151, 152, 153, 154, 155, 156, 157, 160, 161], "excluded_lines": [], "start_line": 150}, "launch_monitor_rss_daemon": {"executed_lines": [], "summary": {"covered_lines": 0, "num_statements": 3, "percent_covered": 0.0, "percent_covered_display": "0", "missing_lines": 3, "excluded_lines": 0, "percent_statements_covered": 0.0, "percent_statements_covered_display": "0"}, "missing_lines": [187, 188, 189], "excluded_lines": [], "start_line": 184}, "": {"executed_lines": [3, 4, 5, 6, 7, 8, 9, 10, 11, 12, 13, 15, 16, 17, 18, 19, 21, 24, 25, 26, 30, 31, 32, 35, 39, 51, 57, 61, 70, 73, 74, 75, 76, 77, 78, 80, 81, 102, 105, 110, 129, 134, 143, 184], "summary": {"covered_lines": 44, "num_statements": 44, "percent_covered": 100.0, "percent_covered_display": "100", "missing_lines": 0, "excluded_lines": 0, "percent_statements_covered": 100.0, "percent_statements_covered_display": "100"}, "missing_lines": [], "excluded_lines": [], "start_line": 1}}, "classes": {"Madv": {"executed_lines": [], "summary": {"covered_lines": 0, "num_statements": 0, "percent_covered": 100.0, "percent_covered_display": "100", "missing_lines": 0, "excluded_lines": 0, "percent_statements_covered": 100.0, "percent_statements_covered_display": "100"}, "missing_lines": [], "excluded_lines": [], "start_line": 24}, "_ArrayMemPagesManager": {"executed_lines": [82, 83, 91, 92, 93, 95, 96, 97, 98, 99, 100, 103], "summary": {"covered_lines": 12, "num_statements": 14, "percent_covered": 85.71428571428571, "percent_covered_display": "86", "missing_lines": 2, "excluded_lines": 0, "percent_statements_covered": 85.71428571428571, "percent_statements_covered_display": "86"}, "missing_lines": [106, 107], "excluded_lines": [], "start_line": 74}, "": {"executed_lines": [3, 4, 5, 6, 7, 8, 9, 10, 11, 12, 13, 15, 16, 17, 18, 19, 21, 24, 25, 26, 30, 31, 32, 35, 39, 40, 41, 51, 57, 58, 61, 62, 63, 65, 70, 73, 74, 75, 76, 77, 78, 80, 81, 102, 105, 110, 113, 125, 126, 129, 130, 131, 134, 135, 136, 137, 143, 184], "summary": {"covered_lines": 58, "num_statements": 102, "percent_covered": 56.86274509803921, "percent_covered_display": "57", "missing_lines": 44, "excluded_lines": 0, "percent_statements_covered": 56.86274509803921, "percent_statements_covered_display": "57"}, "missing_lines": [42, 43, 45, 52, 64, 66, 67, 138, 139, 140, 146, 147, 148, 150, 151, 152, 153, 154, 155, 156, 157, 160, 161, 163, 164, 165, 166, 168, 169, 170, 171, 172, 173, 174, 175, 176, 177, 178, 179, 180, 181, 187, 188, 189], "excluded_lines": [], "start_line": 1}}}, "bblean/_py_similarity.py": {"executed_lines": [3, 5, 6, 8, 9, 12, 36, 37, 39, 40, 41, 42, 45, 56, 57, 58, 65, 69, 70, 73, 74, 75, 76, 77, 78, 79, 80, 83, 98, 100, 101, 102, 105, 106, 107, 108, 113, 122, 123, 124, 125, 126, 130, 152, 153, 155, 156, 158, 161, 162, 165, 166, 169, 170, 173, 183, 185, 188, 197, 206, 209, 211, 216, 218, 228, 255, 256, 261, 263, 264, 266, 267, 268, 269, 270], "summary": {"covered_lines": 75, "num_statements": 79, "percent_covered": 94.9367088607595, "percent_covered_display": "95", "missing_lines": 4, "excluded_lines": 0, "percent_statements_covered": 94.9367088607595, "percent_statements_covered_display": "95"}, "missing_lines": [99, 103, 109, 184], "excluded_lines": [], "functions": {"centroid_from_sum": {"executed_lines": [36, 37, 39, 40, 41, 42], "summary": {"covered_lines": 6, "num_statements": 6, "percent_covered": 100.0, "percent_covered_display": "100", "missing_lines": 0, "excluded_lines": 0, "percent_statements_covered": 100.0, "percent_statements_covered_display": "100"}, "missing_lines": [], "excluded_lines": [], "start_line": 12}, "centroid": {"executed_lines": [56, 57, 58], "summary": {"covered_lines": 3, "num_statements": 3, "percent_covered": 100.0, "percent_covered_display": "100", "missing_lines": 0, "excluded_lines": 0, "percent_statements_covered": 100.0, "percent_statements_covered_display": "100"}, "missing_lines": [], "excluded_lines": [], "start_line": 45}, "jt_compl_isim": {"executed_lines": [69, 70, 73, 74, 75, 76, 77, 78, 79, 80], "summary": {"covered_lines": 10, "num_statements": 10, "percent_covered": 100.0, "percent_covered_display": "100", "missing_lines": 0, "excluded_lines": 0, "percent_statements_covered": 100.0, "percent_statements_covered_display": "100"}, "missing_lines": [], "excluded_lines": [], "start_line": 65}, "jt_isim_medoid": {"executed_lines": [98, 100, 101, 102, 105, 106, 107, 108], "summary": {"covered_lines": 8, "num_statements": 11, "percent_covered": 72.72727272727273, "percent_covered_display": "73", "missing_lines": 3, "excluded_lines": 0, "percent_statements_covered": 72.72727272727273, "percent_statements_covered_display": "73"}, "missing_lines": [99, 103, 109], "excluded_lines": [], "start_line": 83}, "_popcount": {"executed_lines": [122, 123, 124, 125, 126], "summary": {"covered_lines": 5, "num_statements": 5, "percent_covered": 100.0, "percent_covered_display": "100", "missing_lines": 0, "excluded_lines": 0, "percent_statements_covered": 100.0, "percent_statements_covered_display": "100"}, "missing_lines": [], "excluded_lines": [], "start_line": 113}, "jt_most_dissimilar_packed": {"executed_lines": [152, 153, 155, 156, 158, 161, 162, 165, 166, 169, 170], "summary": {"covered_lines": 11, "num_statements": 11, "percent_covered": 100.0, "percent_covered_display": "100", "missing_lines": 0, "excluded_lines": 0, "percent_statements_covered": 100.0, "percent_statements_covered_display": "100"}, "missing_lines": [], "excluded_lines": [], "start_line": 130}, "_jt_sim_arr_vec_packed": {"executed_lines": [183, 185], "summary": {"covered_lines": 2, "num_statements": 3, "percent_covered": 66.66666666666667, "percent_covered_display": "67", "missing_lines": 1, "excluded_lines": 0, "percent_statements_covered": 66.66666666666667, "percent_statements_covered_display": "67"}, "missing_lines": [184], "excluded_lines": [], "start_line": 173}, "_jt_sim_packed_precalc_cardinalities": {"executed_lines": [197, 206], "summary": {"covered_lines": 2, "num_statements": 2, "percent_covered": 100.0, "percent_covered_display": "100", "missing_lines": 0, "excluded_lines": 0, "percent_statements_covered": 100.0, "percent_statements_covered_display": "100"}, "missing_lines": [], "excluded_lines": [], "start_line": 188}, "jt_isim_unpacked": {"executed_lines": [211], "summary": {"covered_lines": 1, "num_statements": 1, "percent_covered": 100.0, "percent_covered_display": "100", "missing_lines": 0, "excluded_lines": 0, "percent_statements_covered": 100.0, "percent_statements_covered_display": "100"}, "missing_lines": [], "excluded_lines": [], "start_line": 209}, "jt_isim_packed": {"executed_lines": [218], "summary": {"covered_lines": 1, "num_statements": 1, "percent_covered": 100.0, "percent_covered_display": "100", "missing_lines": 0, "excluded_lines": 0, "percent_statements_covered": 100.0, "percent_statements_covered_display": "100"}, "missing_lines": [], "excluded_lines": [], "start_line": 216}, "jt_isim_from_sum": {"executed_lines": [255, 256, 261, 263, 264, 266, 267, 268, 269, 270], "summary": {"covered_lines": 10, "num_statements": 10, "percent_covered": 100.0, "percent_covered_display": "100", "missing_lines": 0, "excluded_lines": 0, "percent_statements_covered": 100.0, "percent_statements_covered_display": "100"}, "missing_lines": [], "excluded_lines": [], "start_line": 228}, "": {"executed_lines": [3, 5, 6, 8, 9, 12, 45, 65, 83, 113, 130, 173, 188, 209, 216, 228], "summary": {"covered_lines": 16, "num_statements": 16, "percent_covered": 100.0, "percent_covered_display": "100", "missing_lines": 0, "excluded_lines": 0, "percent_statements_covered": 100.0, "percent_statements_covered_display": "100"}, "missing_lines": [], "excluded_lines": [], "start_line": 1}}, "classes": {"": {"executed_lines": [3, 5, 6, 8, 9, 12, 36, 37, 39, 40, 41, 42, 45, 56, 57, 58, 65, 69, 70, 73, 74, 75, 76, 77, 78, 79, 80, 83, 98, 100, 101, 102, 105, 106, 107, 108, 113, 122, 123, 124, 125, 126, 130, 152, 153, 155, 156, 158, 161, 162, 165, 166, 169, 170, 173, 183, 185, 188, 197, 206, 209, 211, 216, 218, 228, 255, 256, 261, 263, 264, 266, 267, 268, 269, 270], "summary": {"covered_lines": 75, "num_statements": 79, "percent_covered": 94.9367088607595, "percent_covered_display": "95", "missing_lines": 4, "excluded_lines": 0, "percent_statements_covered": 94.9367088607595, "percent_statements_covered_display": "95"}, "missing_lines": [99, 103, 109, 184], "excluded_lines": [], "start_line": 1}}}, "bblean/_timer.py": {"executed_lines": [3, 4, 5, 7, 10, 11, 12, 14, 15, 18, 19, 21, 23, 26, 28, 29, 30, 31, 32, 34, 35, 36, 38, 40, 41, 42], "summary": {"covered_lines": 26, "num_statements": 29, "percent_covered": 89.65517241379311, "percent_covered_display": "90", "missing_lines": 3, "excluded_lines": 0, "percent_statements_covered": 89.65517241379311, "percent_statements_covered_display": "90"}, "missing_lines": [16, 20, 27], "excluded_lines": [], "functions": {"Timer.__init__": {"executed_lines": [12], "summary": {"covered_lines": 1, "num_statements": 1, "percent_covered": 100.0, "percent_covered_display": "100", "missing_lines": 0, "excluded_lines": 0, "percent_statements_covered": 100.0, "percent_statements_covered_display": "100"}, "missing_lines": [], "excluded_lines": [], "start_line": 11}, "Timer.timings_s": {"executed_lines": [], "summary": {"covered_lines": 0, "num_statements": 1, "percent_covered": 0.0, "percent_covered_display": "0", "missing_lines": 1, "excluded_lines": 0, "percent_statements_covered": 0.0, "percent_statements_covered_display": "0"}, "missing_lines": [16], "excluded_lines": [], "start_line": 15}, "Timer.init_timing": {"executed_lines": [19, 21], "summary": {"covered_lines": 2, "num_statements": 3, "percent_covered": 66.66666666666667, "percent_covered_display": "67", "missing_lines": 1, "excluded_lines": 0, "percent_statements_covered": 66.66666666666667, "percent_statements_covered_display": "67"}, "missing_lines": [20], "excluded_lines": [], "start_line": 18}, "Timer.end_timing": {"executed_lines": [26, 28, 29, 30, 31, 32, 34, 35, 36, 38], "summary": {"covered_lines": 10, "num_statements": 11, "percent_covered": 90.9090909090909, "percent_covered_display": "91", "missing_lines": 1, "excluded_lines": 0, "percent_statements_covered": 90.9090909090909, "percent_statements_covered_display": "91"}, "missing_lines": [27], "excluded_lines": [], "start_line": 23}, "Timer.dump": {"executed_lines": [41, 42], "summary": {"covered_lines": 2, "num_statements": 2, "percent_covered": 100.0, "percent_covered_display": "100", "missing_lines": 0, "excluded_lines": 0, "percent_statements_covered": 100.0, "percent_statements_covered_display": "100"}, "missing_lines": [], "excluded_lines": [], "start_line": 40}, "": {"executed_lines": [3, 4, 5, 7, 10, 11, 14, 15, 18, 23, 40], "summary": {"covered_lines": 11, "num_statements": 11, "percent_covered": 100.0, "percent_covered_display": "100", "missing_lines": 0, "excluded_lines": 0, "percent_statements_covered": 100.0, "percent_statements_covered_display": "100"}, "missing_lines": [], "excluded_lines": [], "start_line": 1}}, "classes": {"Timer": {"executed_lines": [12, 19, 21, 26, 28, 29, 30, 31, 32, 34, 35, 36, 38, 41, 42], "summary": {"covered_lines": 15, "num_statements": 18, "percent_covered": 83.33333333333333, "percent_covered_display": "83", "missing_lines": 3, "excluded_lines": 0, "percent_statements_covered": 83.33333333333333, "percent_statements_covered_display": "83"}, "missing_lines": [16, 20, 27], "excluded_lines": [], "start_line": 10}, "": {"executed_lines": [3, 4, 5, 7, 10, 11, 14, 15, 18, 23, 40], "summary": {"covered_lines": 11, "num_statements": 11, "percent_covered": 100.0, "percent_covered_display": "100", "missing_lines": 0, "excluded_lines": 0, "percent_statements_covered": 100.0, "percent_statements_covered_display": "100"}, "missing_lines": [], "excluded_lines": [], "start_line": 1}}}, "bblean/_version.py": {"executed_lines": [4, 13, 21, 22, 24, 25, 26, 27, 28, 29, 31, 32, 34], "summary": {"covered_lines": 13, "num_statements": 13, "percent_covered": 100.0, "percent_covered_display": "100", "missing_lines": 0, "excluded_lines": 5, "percent_statements_covered": 100.0, "percent_statements_covered_display": "100"}, "missing_lines": [], "excluded_lines": [14, 15, 16, 18, 19], "functions": {"": {"executed_lines": [4, 13, 21, 22, 24, 25, 26, 27, 28, 29, 31, 32, 34], "summary": {"covered_lines": 13, "num_statements": 13, "percent_covered": 100.0, "percent_covered_display": "100", "missing_lines": 0, "excluded_lines": 5, "percent_statements_covered": 100.0, "percent_statements_covered_display": "100"}, "missing_lines": [], "excluded_lines": [14, 15, 16, 18, 19], "start_line": 1}}, "classes": {"": {"executed_lines": [4, 13, 21, 22, 24, 25, 26, 27, 28, 29, 31, 32, 34], "summary": {"covered_lines": 13, "num_statements": 13, "percent_covered": 100.0, "percent_covered_display": "100", "missing_lines": 0, "excluded_lines": 5, "percent_statements_covered": 100.0, "percent_statements_covered_display": "100"}, "missing_lines": [], "excluded_lines": [14, 15, 16, 18, 19], "start_line": 1}}}, "bblean/analysis.py": {"executed_lines": [3, 4, 5, 6, 7, 9, 10, 11, 12, 14, 15, 16, 23, 31, 32, 35, 36, 39, 42, 53, 54, 55, 56, 57, 58, 59, 60, 61, 63, 66, 67, 70, 81, 82, 85, 86, 89, 90, 93, 94, 97, 98, 101, 102, 105, 106, 107, 109, 110, 111, 113, 114, 117, 118, 125, 126, 127, 129, 130, 131, 133, 134, 135, 137, 138, 139, 141, 142, 143, 145, 146, 147, 149, 150, 151, 153, 154, 157, 158, 161, 166, 182, 194, 196, 198, 201, 202, 204, 205, 206, 208, 210, 211, 213, 215, 217, 219, 220, 224, 227, 230, 231, 232, 235, 236, 237, 241, 242, 243, 244, 247, 248, 249], "summary": {"covered_lines": 113, "num_statements": 158, "percent_covered": 71.51898734177215, "percent_covered_display": "72", "missing_lines": 45, "excluded_lines": 0, "percent_statements_covered": 71.51898734177215, "percent_statements_covered_display": "72"}, "missing_lines": [64, 68, 71, 72, 73, 74, 75, 76, 77, 78, 79, 83, 87, 91, 95, 99, 103, 112, 115, 119, 120, 121, 122, 123, 155, 159, 162, 173, 174, 175, 176, 177, 178, 179, 195, 200, 207, 209, 216, 218, 222, 225, 238, 239, 240], "excluded_lines": [], "functions": {"ClusterAnalysis.__init__": {"executed_lines": [53, 54, 55, 56, 57, 58, 59, 60, 61], "summary": {"covered_lines": 9, "num_statements": 9, "percent_covered": 100.0, "percent_covered_display": "100", "missing_lines": 0, "excluded_lines": 0, "percent_statements_covered": 100.0, "percent_statements_covered_display": "100"}, "missing_lines": [], "excluded_lines": [], "start_line": 42}, "ClusterAnalysis.all_clusters_num_with_size_above": {"executed_lines": [], "summary": {"covered_lines": 0, "num_statements": 1, "percent_covered": 0.0, "percent_covered_display": "0", "missing_lines": 1, "excluded_lines": 0, "percent_statements_covered": 0.0, "percent_statements_covered_display": "0"}, "missing_lines": [64], "excluded_lines": [], "start_line": 63}, "ClusterAnalysis.all_singletons_num": {"executed_lines": [], "summary": {"covered_lines": 0, "num_statements": 1, "percent_covered": 0.0, "percent_covered_display": "0", "missing_lines": 1, "excluded_lines": 0, "percent_statements_covered": 0.0, "percent_statements_covered_display": "0"}, "missing_lines": [68], "excluded_lines": [], "start_line": 67}, "ClusterAnalysis.get_top_cluster_fps": {"executed_lines": [], "summary": {"covered_lines": 0, "num_statements": 9, "percent_covered": 0.0, "percent_covered_display": "0", "missing_lines": 9, "excluded_lines": 0, "percent_statements_covered": 0.0, "percent_statements_covered_display": "0"}, "missing_lines": [71, 72, 73, 74, 75, 76, 77, 78, 79], "excluded_lines": [], "start_line": 70}, "ClusterAnalysis.all_clusters_mean_size": {"executed_lines": [], "summary": {"covered_lines": 0, "num_statements": 1, "percent_covered": 0.0, "percent_covered_display": "0", "missing_lines": 1, "excluded_lines": 0, "percent_statements_covered": 0.0, "percent_statements_covered_display": "0"}, "missing_lines": [83], "excluded_lines": [], "start_line": 82}, "ClusterAnalysis.all_clusters_median_size": {"executed_lines": [], "summary": {"covered_lines": 0, "num_statements": 1, "percent_covered": 0.0, "percent_covered_display": "0", "missing_lines": 1, "excluded_lines": 0, "percent_statements_covered": 0.0, "percent_statements_covered_display": "0"}, "missing_lines": [87], "excluded_lines": [], "start_line": 86}, "ClusterAnalysis.all_clusters_q1": {"executed_lines": [], "summary": {"covered_lines": 0, "num_statements": 1, "percent_covered": 0.0, "percent_covered_display": "0", "missing_lines": 1, "excluded_lines": 0, "percent_statements_covered": 0.0, "percent_statements_covered_display": "0"}, "missing_lines": [91], "excluded_lines": [], "start_line": 90}, "ClusterAnalysis.all_clusters_q3": {"executed_lines": [], "summary": {"covered_lines": 0, "num_statements": 1, "percent_covered": 0.0, "percent_covered_display": "0", "missing_lines": 1, "excluded_lines": 0, "percent_statements_covered": 0.0, "percent_statements_covered_display": "0"}, "missing_lines": [95], "excluded_lines": [], "start_line": 94}, "ClusterAnalysis.all_clusters_min_size": {"executed_lines": [], "summary": {"covered_lines": 0, "num_statements": 1, "percent_covered": 0.0, "percent_covered_display": "0", "missing_lines": 1, "excluded_lines": 0, "percent_statements_covered": 0.0, "percent_statements_covered_display": "0"}, "missing_lines": [99], "excluded_lines": [], "start_line": 98}, "ClusterAnalysis.all_clusters_max_size": {"executed_lines": [], "summary": {"covered_lines": 0, "num_statements": 1, "percent_covered": 0.0, "percent_covered_display": "0", "missing_lines": 1, "excluded_lines": 0, "percent_statements_covered": 0.0, "percent_statements_covered_display": "0"}, "missing_lines": [103], "excluded_lines": [], "start_line": 102}, "ClusterAnalysis.all_clusters_num": {"executed_lines": [107], "summary": {"covered_lines": 1, "num_statements": 1, "percent_covered": 100.0, "percent_covered_display": "100", "missing_lines": 0, "excluded_lines": 0, "percent_statements_covered": 100.0, "percent_statements_covered_display": "100"}, "missing_lines": [], "excluded_lines": [], "start_line": 106}, "ClusterAnalysis.top_unpacked_fps": {"executed_lines": [111, 113, 114], "summary": {"covered_lines": 3, "num_statements": 5, "percent_covered": 60.0, "percent_covered_display": "60", "missing_lines": 2, "excluded_lines": 0, "percent_statements_covered": 60.0, "percent_statements_covered_display": "60"}, "missing_lines": [112, 115], "excluded_lines": [], "start_line": 110}, "ClusterAnalysis.top_packed_fps": {"executed_lines": [], "summary": {"covered_lines": 0, "num_statements": 5, "percent_covered": 0.0, "percent_covered_display": "0", "missing_lines": 5, "excluded_lines": 0, "percent_statements_covered": 0.0, "percent_statements_covered_display": "0"}, "missing_lines": [119, 120, 121, 122, 123], "excluded_lines": [], "start_line": 118}, "ClusterAnalysis.has_scaffolds": {"executed_lines": [127], "summary": {"covered_lines": 1, "num_statements": 1, "percent_covered": 100.0, "percent_covered_display": "100", "missing_lines": 0, "excluded_lines": 0, "percent_statements_covered": 100.0, "percent_statements_covered_display": "100"}, "missing_lines": [], "excluded_lines": [], "start_line": 126}, "ClusterAnalysis.has_fps": {"executed_lines": [131], "summary": {"covered_lines": 1, "num_statements": 1, "percent_covered": 100.0, "percent_covered_display": "100", "missing_lines": 0, "excluded_lines": 0, "percent_statements_covered": 100.0, "percent_statements_covered_display": "100"}, "missing_lines": [], "excluded_lines": [], "start_line": 130}, "ClusterAnalysis.has_all_clusters": {"executed_lines": [135], "summary": {"covered_lines": 1, "num_statements": 1, "percent_covered": 100.0, "percent_covered_display": "100", "missing_lines": 0, "excluded_lines": 0, "percent_statements_covered": 100.0, "percent_statements_covered_display": "100"}, "missing_lines": [], "excluded_lines": [], "start_line": 134}, "ClusterAnalysis.clusters_num": {"executed_lines": [139], "summary": {"covered_lines": 1, "num_statements": 1, "percent_covered": 100.0, "percent_covered_display": "100", "missing_lines": 0, "excluded_lines": 0, "percent_statements_covered": 100.0, "percent_statements_covered_display": "100"}, "missing_lines": [], "excluded_lines": [], "start_line": 138}, "ClusterAnalysis.isims": {"executed_lines": [143], "summary": {"covered_lines": 1, "num_statements": 1, "percent_covered": 100.0, "percent_covered_display": "100", "missing_lines": 0, "excluded_lines": 0, "percent_statements_covered": 100.0, "percent_statements_covered_display": "100"}, "missing_lines": [], "excluded_lines": [], "start_line": 142}, "ClusterAnalysis.labels": {"executed_lines": [147], "summary": {"covered_lines": 1, "num_statements": 1, "percent_covered": 100.0, "percent_covered_display": "100", "missing_lines": 0, "excluded_lines": 0, "percent_statements_covered": 100.0, "percent_statements_covered_display": "100"}, "missing_lines": [], "excluded_lines": [], "start_line": 146}, "ClusterAnalysis.sizes": {"executed_lines": [151], "summary": {"covered_lines": 1, "num_statements": 1, "percent_covered": 100.0, "percent_covered_display": "100", "missing_lines": 0, "excluded_lines": 0, "percent_statements_covered": 100.0, "percent_statements_covered_display": "100"}, "missing_lines": [], "excluded_lines": [], "start_line": 150}, "ClusterAnalysis.unique_scaffolds_num": {"executed_lines": [], "summary": {"covered_lines": 0, "num_statements": 1, "percent_covered": 0.0, "percent_covered_display": "0", "missing_lines": 1, "excluded_lines": 0, "percent_statements_covered": 0.0, "percent_statements_covered_display": "0"}, "missing_lines": [155], "excluded_lines": [], "start_line": 154}, "ClusterAnalysis.unique_scaffolds_isim": {"executed_lines": [], "summary": {"covered_lines": 0, "num_statements": 1, "percent_covered": 0.0, "percent_covered_display": "0", "missing_lines": 1, "excluded_lines": 0, "percent_statements_covered": 0.0, "percent_statements_covered_display": "0"}, "missing_lines": [159], "excluded_lines": [], "start_line": 158}, "ClusterAnalysis.dump_metrics": {"executed_lines": [], "summary": {"covered_lines": 0, "num_statements": 1, "percent_covered": 0.0, "percent_covered_display": "0", "missing_lines": 1, "excluded_lines": 0, "percent_statements_covered": 0.0, "percent_statements_covered_display": "0"}, "missing_lines": [162], "excluded_lines": [], "start_line": 161}, "scaffold_analysis": {"executed_lines": [], "summary": {"covered_lines": 0, "num_statements": 7, "percent_covered": 0.0, "percent_covered_display": "0", "missing_lines": 7, "excluded_lines": 0, "percent_statements_covered": 0.0, "percent_statements_covered_display": "0"}, "missing_lines": [173, 174, 175, 176, 177, 178, 179], "excluded_lines": [], "start_line": 166}, "cluster_analysis": {"executed_lines": [194, 196, 198, 201, 202, 204, 205, 206, 208, 210, 211, 213, 215, 217, 219, 220, 224, 227, 230, 231, 232, 235, 236, 237, 241, 242, 243, 244, 247, 248, 249], "summary": {"covered_lines": 31, "num_statements": 42, "percent_covered": 73.80952380952381, "percent_covered_display": "74", "missing_lines": 11, "excluded_lines": 0, "percent_statements_covered": 73.80952380952381, "percent_statements_covered_display": "74"}, "missing_lines": [195, 200, 207, 209, 216, 218, 222, 225, 238, 239, 240], "excluded_lines": [], "start_line": 182}, "": {"executed_lines": [3, 4, 5, 6, 7, 9, 10, 11, 12, 14, 15, 16, 23, 31, 32, 35, 36, 39, 42, 63, 66, 67, 70, 81, 82, 85, 86, 89, 90, 93, 94, 97, 98, 101, 102, 105, 106, 109, 110, 117, 118, 125, 126, 129, 130, 133, 134, 137, 138, 141, 142, 145, 146, 149, 150, 153, 154, 157, 158, 161, 166, 182], "summary": {"covered_lines": 62, "num_statements": 62, "percent_covered": 100.0, "percent_covered_display": "100", "missing_lines": 0, "excluded_lines": 0, "percent_statements_covered": 100.0, "percent_statements_covered_display": "100"}, "missing_lines": [], "excluded_lines": [], "start_line": 1}}, "classes": {"ScaffoldAnalysis": {"executed_lines": [], "summary": {"covered_lines": 0, "num_statements": 0, "percent_covered": 100.0, "percent_covered_display": "100", "missing_lines": 0, "excluded_lines": 0, "percent_statements_covered": 100.0, "percent_statements_covered_display": "100"}, "missing_lines": [], "excluded_lines": [], "start_line": 32}, "ClusterAnalysis": {"executed_lines": [53, 54, 55, 56, 57, 58, 59, 60, 61, 107, 111, 113, 114, 127, 131, 135, 139, 143, 147, 151], "summary": {"covered_lines": 20, "num_statements": 47, "percent_covered": 42.5531914893617, "percent_covered_display": "43", "missing_lines": 27, "excluded_lines": 0, "percent_statements_covered": 42.5531914893617, "percent_statements_covered_display": "43"}, "missing_lines": [64, 68, 71, 72, 73, 74, 75, 76, 77, 78, 79, 83, 87, 91, 95, 99, 103, 112, 115, 119, 120, 121, 122, 123, 155, 159, 162], "excluded_lines": [], "start_line": 39}, "": {"executed_lines": [3, 4, 5, 6, 7, 9, 10, 11, 12, 14, 15, 16, 23, 31, 32, 35, 36, 39, 42, 63, 66, 67, 70, 81, 82, 85, 86, 89, 90, 93, 94, 97, 98, 101, 102, 105, 106, 109, 110, 117, 118, 125, 126, 129, 130, 133, 134, 137, 138, 141, 142, 145, 146, 149, 150, 153, 154, 157, 158, 161, 166, 182, 194, 196, 198, 201, 202, 204, 205, 206, 208, 210, 211, 213, 215, 217, 219, 220, 224, 227, 230, 231, 232, 235, 236, 237, 241, 242, 243, 244, 247, 248, 249], "summary": {"covered_lines": 93, "num_statements": 111, "percent_covered": 83.78378378378379, "percent_covered_display": "84", "missing_lines": 18, "excluded_lines": 0, "percent_statements_covered": 83.78378378378379, "percent_statements_covered_display": "84"}, "missing_lines": [173, 174, 175, 176, 177, 178, 179, 195, 200, 207, 209, 216, 218, 222, 225, 238, 239, 240], "excluded_lines": [], "start_line": 1}}}, "bblean/bitbirch.py": {"executed_lines": [49, 50, 51, 52, 53, 54, 55, 56, 57, 58, 59, 60, 61, 63, 64, 66, 67, 73, 74, 78, 87, 90, 93, 94, 95, 97, 100, 101, 112, 113, 124, 138, 139, 144, 145, 148, 149, 152, 153, 155, 160, 164, 166, 170, 199, 202, 203, 204, 205, 206, 208, 209, 213, 215, 216, 217, 225, 228, 238, 239, 240, 241, 243, 244, 245, 246, 248, 251, 252, 253, 254, 257, 260, 267, 268, 269, 270, 271, 272, 273, 275, 276, 277, 280, 315, 323, 324, 327, 330, 334, 335, 337, 338, 339, 341, 342, 343, 345, 346, 348, 350, 351, 352, 353, 355, 365, 366, 367, 369, 371, 378, 379, 380, 383, 386, 387, 388, 389, 392, 395, 398, 399, 401, 402, 405, 408, 412, 413, 416, 419, 420, 423, 426, 459, 461, 470, 480, 481, 482, 483, 485, 486, 488, 489, 490, 491, 498, 499, 502, 503, 504, 505, 506, 508, 509, 510, 511, 512, 514, 515, 516, 518, 519, 520, 522, 523, 524, 526, 527, 528, 529, 530, 532, 533, 536, 540, 544, 546, 547, 548, 552, 556, 557, 559, 560, 561, 565, 566, 569, 571, 578, 579, 580, 581, 582, 585, 586, 597, 598, 599, 600, 603, 604, 605, 608, 609, 610, 611, 614, 671, 680, 681, 682, 696, 697, 698, 702, 704, 705, 708, 709, 710, 712, 713, 714, 719, 721, 722, 723, 725, 726, 729, 730, 731, 732, 734, 736, 737, 740, 741, 743, 745, 746, 748, 750, 762, 767, 768, 770, 771, 772, 773, 776, 777, 778, 781, 817, 818, 819, 821, 822, 824, 826, 828, 829, 830, 834, 835, 837, 838, 840, 843, 844, 846, 848, 849, 850, 852, 853, 854, 855, 856, 859, 860, 861, 862, 863, 865, 866, 867, 868, 869, 871, 872, 873, 875, 877, 907, 908, 909, 911, 913, 915, 917, 918, 919, 923, 924, 925, 926, 928, 929, 932, 934, 935, 936, 937, 946, 947, 948, 949, 950, 952, 953, 954, 956, 959, 970, 972, 973, 974, 976, 978, 980, 981, 982, 983, 985, 991, 992, 993, 994, 995, 996, 997, 999, 1007, 1008, 1010, 1023, 1027, 1028, 1029, 1032, 1033, 1034, 1040, 1041, 1044, 1047, 1048, 1049, 1054, 1056, 1065, 1069, 1073, 1074, 1078, 1083, 1084, 1086, 1088, 1089, 1095, 1097, 1098, 1099, 1100, 1102, 1110, 1112, 1117, 1118, 1123, 1124, 1130, 1141, 1142, 1145, 1147, 1149, 1178, 1185, 1186, 1187, 1188, 1189, 1190, 1192, 1201, 1204, 1206, 1207, 1208, 1210, 1287, 1295, 1298, 1302, 1309, 1312, 1313, 1314, 1316, 1318, 1319, 1321, 1322, 1324, 1340, 1343, 1346, 1347, 1348, 1349, 1351, 1353, 1354, 1360, 1361, 1363, 1365, 1366, 1367, 1368, 1380, 1381, 1382, 1384, 1385, 1386, 1387, 1388, 1389, 1390, 1392, 1396, 1398, 1399, 1403, 1404, 1405, 1406, 1407, 1408, 1410, 1421, 1436, 1437, 1455, 1464, 1468, 1470, 1471, 1474, 1475, 1478, 1479, 1481, 1482, 1493, 1497, 1498, 1500, 1503, 1504, 1512, 1514, 1515, 1525, 1539, 1545, 1548, 1549, 1551, 1552, 1554, 1559], "summary": {"covered_lines": 489, "num_statements": 638, "percent_covered": 76.64576802507837, "percent_covered_display": "77", "missing_lines": 149, "excluded_lines": 0, "percent_statements_covered": 76.64576802507837, "percent_statements_covered_display": "77"}, "missing_lines": [88, 109, 121, 140, 141, 142, 143, 146, 154, 183, 190, 193, 194, 195, 210, 218, 471, 684, 685, 689, 690, 694, 699, 727, 733, 738, 763, 769, 774, 775, 779, 827, 874, 916, 930, 940, 941, 942, 943, 944, 955, 968, 979, 1075, 1096, 1111, 1113, 1120, 1126, 1131, 1132, 1136, 1137, 1138, 1146, 1158, 1160, 1161, 1162, 1163, 1165, 1168, 1169, 1173, 1174, 1175, 1176, 1239, 1240, 1242, 1243, 1245, 1248, 1251, 1252, 1254, 1255, 1258, 1259, 1260, 1262, 1263, 1264, 1267, 1270, 1273, 1276, 1277, 1280, 1281, 1282, 1283, 1284, 1285, 1296, 1341, 1344, 1358, 1370, 1371, 1375, 1376, 1377, 1411, 1412, 1417, 1418, 1419, 1425, 1429, 1430, 1431, 1432, 1433, 1434, 1441, 1445, 1446, 1447, 1448, 1449, 1450, 1451, 1452, 1453, 1469, 1494, 1501, 1505, 1509, 1510, 1513, 1516, 1517, 1519, 1555, 1560, 1562, 1563, 1564, 1565, 1566, 1567, 1568, 1569, 1570, 1571, 1572, 1573], "excluded_lines": [], "functions": {"guess_threshold": {"executed_lines": [138, 139, 144, 145, 148, 149, 152, 153, 155], "summary": {"covered_lines": 9, "num_statements": 15, "percent_covered": 60.0, "percent_covered_display": "60", "missing_lines": 6, "excluded_lines": 0, "percent_statements_covered": 60.0, "percent_statements_covered_display": "60"}, "missing_lines": [140, 141, 142, 143, 146, 154], "excluded_lines": [], "start_line": 124}, "set_merge": {"executed_lines": [], "summary": {"covered_lines": 0, "num_statements": 5, "percent_covered": 0.0, "percent_covered_display": "0", "missing_lines": 5, "excluded_lines": 0, "percent_statements_covered": 0.0, "percent_statements_covered_display": "0"}, "missing_lines": [183, 190, 193, 194, 195], "excluded_lines": [], "start_line": 170}, "_validate_n_features": {"executed_lines": [202, 203, 204, 205, 206, 208, 209, 213, 215, 216, 217, 225], "summary": {"covered_lines": 12, "num_statements": 14, "percent_covered": 85.71428571428571, "percent_covered_display": "86", "missing_lines": 2, "excluded_lines": 0, "percent_statements_covered": 85.71428571428571, "percent_statements_covered_display": "86"}, "missing_lines": [210, 218], "excluded_lines": [], "start_line": 199}, "_split_node": {"executed_lines": [238, 239, 240, 241, 243, 244, 245, 246, 248, 251, 252, 253, 254, 257, 260, 267, 268, 269, 270, 271, 272, 273, 275, 276, 277], "summary": {"covered_lines": 25, "num_statements": 25, "percent_covered": 100.0, "percent_covered_display": "100", "missing_lines": 0, "excluded_lines": 0, "percent_statements_covered": 100.0, "percent_statements_covered_display": "100"}, "missing_lines": [], "excluded_lines": [], "start_line": 228}, "_BFNode.__init__": {"executed_lines": [324, 327, 330, 334, 335], "summary": {"covered_lines": 5, "num_statements": 5, "percent_covered": 100.0, "percent_covered_display": "100", "missing_lines": 0, "excluded_lines": 0, "percent_statements_covered": 100.0, "percent_statements_covered_display": "100"}, "missing_lines": [], "excluded_lines": [], "start_line": 323}, "_BFNode.is_leaf": {"executed_lines": [339], "summary": {"covered_lines": 1, "num_statements": 1, "percent_covered": 100.0, "percent_covered_display": "100", "missing_lines": 0, "excluded_lines": 0, "percent_statements_covered": 100.0, "percent_statements_covered_display": "100"}, "missing_lines": [], "excluded_lines": [], "start_line": 338}, "_BFNode.branching_factor": {"executed_lines": [343], "summary": {"covered_lines": 1, "num_statements": 1, "percent_covered": 100.0, "percent_covered_display": "100", "missing_lines": 0, "excluded_lines": 0, "percent_statements_covered": 100.0, "percent_statements_covered_display": "100"}, "missing_lines": [], "excluded_lines": [], "start_line": 342}, "_BFNode.packed_centroids": {"executed_lines": [348], "summary": {"covered_lines": 1, "num_statements": 1, "percent_covered": 100.0, "percent_covered_display": "100", "missing_lines": 0, "excluded_lines": 0, "percent_statements_covered": 100.0, "percent_statements_covered_display": "100"}, "missing_lines": [], "excluded_lines": [], "start_line": 346}, "_BFNode.append_subcluster": {"executed_lines": [351, 352, 353], "summary": {"covered_lines": 3, "num_statements": 3, "percent_covered": 100.0, "percent_covered_display": "100", "missing_lines": 0, "excluded_lines": 0, "percent_statements_covered": 100.0, "percent_statements_covered_display": "100"}, "missing_lines": [], "excluded_lines": [], "start_line": 350}, "_BFNode.update_split_subclusters": {"executed_lines": [365, 366, 367, 369], "summary": {"covered_lines": 4, "num_statements": 4, "percent_covered": 100.0, "percent_covered_display": "100", "missing_lines": 0, "excluded_lines": 0, "percent_statements_covered": 100.0, "percent_statements_covered_display": "100"}, "missing_lines": [], "excluded_lines": [], "start_line": 355}, "_BFNode.insert_bf_subcluster": {"executed_lines": [378, 379, 380, 383, 386, 387, 388, 389, 392, 395, 398, 399, 401, 402, 405, 408, 412, 413, 416, 419, 420, 423], "summary": {"covered_lines": 22, "num_statements": 22, "percent_covered": 100.0, "percent_covered_display": "100", "missing_lines": 0, "excluded_lines": 0, "percent_statements_covered": 100.0, "percent_statements_covered_display": "100"}, "missing_lines": [], "excluded_lines": [], "start_line": 371}, "_BFSubcluster.__init__": {"executed_lines": [470, 480, 481, 482, 483, 485, 486], "summary": {"covered_lines": 7, "num_statements": 8, "percent_covered": 87.5, "percent_covered_display": "88", "missing_lines": 1, "excluded_lines": 0, "percent_statements_covered": 87.5, "percent_statements_covered_display": "88"}, "missing_lines": [471], "excluded_lines": [], "start_line": 461}, "_BFSubcluster.empty": {"executed_lines": [490, 491], "summary": {"covered_lines": 2, "num_statements": 2, "percent_covered": 100.0, "percent_covered_display": "100", "missing_lines": 0, "excluded_lines": 0, "percent_statements_covered": 100.0, "percent_statements_covered_display": "100"}, "missing_lines": [], "excluded_lines": [], "start_line": 489}, "_BFSubcluster.from_fingerprint": {"executed_lines": [502, 503, 504, 505, 506, 508, 509, 510, 511, 512], "summary": {"covered_lines": 10, "num_statements": 10, "percent_covered": 100.0, "percent_covered_display": "100", "missing_lines": 0, "excluded_lines": 0, "percent_statements_covered": 100.0, "percent_statements_covered_display": "100"}, "missing_lines": [], "excluded_lines": [], "start_line": 499}, "_BFSubcluster.unpacked_centroid": {"executed_lines": [516], "summary": {"covered_lines": 1, "num_statements": 1, "percent_covered": 100.0, "percent_covered_display": "100", "missing_lines": 0, "excluded_lines": 0, "percent_statements_covered": 100.0, "percent_statements_covered_display": "100"}, "missing_lines": [], "excluded_lines": [], "start_line": 515}, "_BFSubcluster.n_features": {"executed_lines": [520], "summary": {"covered_lines": 1, "num_statements": 1, "percent_covered": 100.0, "percent_covered_display": "100", "missing_lines": 0, "excluded_lines": 0, "percent_statements_covered": 100.0, "percent_statements_covered_display": "100"}, "missing_lines": [], "excluded_lines": [], "start_line": 519}, "_BFSubcluster.dtype_name": {"executed_lines": [524], "summary": {"covered_lines": 1, "num_statements": 1, "percent_covered": 100.0, "percent_covered_display": "100", "missing_lines": 0, "excluded_lines": 0, "percent_statements_covered": 100.0, "percent_statements_covered_display": "100"}, "missing_lines": [], "excluded_lines": [], "start_line": 523}, "_BFSubcluster.linear_sum": {"executed_lines": [528, 529, 530], "summary": {"covered_lines": 3, "num_statements": 3, "percent_covered": 100.0, "percent_covered_display": "100", "missing_lines": 0, "excluded_lines": 0, "percent_statements_covered": 100.0, "percent_statements_covered_display": "100"}, "missing_lines": [], "excluded_lines": [], "start_line": 527}, "_BFSubcluster.n_samples": {"executed_lines": [536], "summary": {"covered_lines": 1, "num_statements": 1, "percent_covered": 100.0, "percent_covered_display": "100", "missing_lines": 0, "excluded_lines": 0, "percent_statements_covered": 100.0, "percent_statements_covered_display": "100"}, "missing_lines": [], "excluded_lines": [], "start_line": 533}, "_BFSubcluster.replace_n_samples_and_linear_sum": {"executed_lines": [544, 546, 547, 548], "summary": {"covered_lines": 4, "num_statements": 4, "percent_covered": 100.0, "percent_covered_display": "100", "missing_lines": 0, "excluded_lines": 0, "percent_statements_covered": 100.0, "percent_statements_covered_display": "100"}, "missing_lines": [], "excluded_lines": [], "start_line": 540}, "_BFSubcluster.add_to_n_samples_and_linear_sum": {"executed_lines": [556, 557, 559, 560, 561], "summary": {"covered_lines": 5, "num_statements": 5, "percent_covered": 100.0, "percent_covered_display": "100", "missing_lines": 0, "excluded_lines": 0, "percent_statements_covered": 100.0, "percent_statements_covered_display": "100"}, "missing_lines": [], "excluded_lines": [], "start_line": 552}, "_BFSubcluster.update": {"executed_lines": [566, 569], "summary": {"covered_lines": 2, "num_statements": 2, "percent_covered": 100.0, "percent_covered_display": "100", "missing_lines": 0, "excluded_lines": 0, "percent_statements_covered": 100.0, "percent_statements_covered_display": "100"}, "missing_lines": [], "excluded_lines": [], "start_line": 565}, "_BFSubcluster.merge_subcluster": {"executed_lines": [578, 579, 580, 581, 582, 585, 586, 597, 598, 599, 600], "summary": {"covered_lines": 11, "num_statements": 11, "percent_covered": 100.0, "percent_covered_display": "100", "missing_lines": 0, "excluded_lines": 0, "percent_statements_covered": 100.0, "percent_statements_covered_display": "100"}, "missing_lines": [], "excluded_lines": [], "start_line": 571}, "BitBirch.__init__": {"executed_lines": [680, 681, 682, 696, 697, 698, 702, 704, 705, 708, 709, 710, 712, 713, 714, 719], "summary": {"covered_lines": 16, "num_statements": 22, "percent_covered": 72.72727272727273, "percent_covered_display": "73", "missing_lines": 6, "excluded_lines": 0, "percent_statements_covered": 72.72727272727273, "percent_statements_covered_display": "73"}, "missing_lines": [684, 685, 689, 690, 694, 699], "excluded_lines": [], "start_line": 671}, "BitBirch.merge_criterion": {"executed_lines": [], "summary": {"covered_lines": 0, "num_statements": 1, "percent_covered": 0.0, "percent_covered_display": "0", "missing_lines": 1, "excluded_lines": 0, "percent_statements_covered": 0.0, "percent_statements_covered_display": "0"}, "missing_lines": [727], "excluded_lines": [], "start_line": 726}, "BitBirch.tolerance": {"executed_lines": [], "summary": {"covered_lines": 0, "num_statements": 1, "percent_covered": 0.0, "percent_covered_display": "0", "missing_lines": 1, "excluded_lines": 0, "percent_statements_covered": 0.0, "percent_statements_covered_display": "0"}, "missing_lines": [738], "excluded_lines": [], "start_line": 737}, "BitBirch.is_init": {"executed_lines": [743], "summary": {"covered_lines": 1, "num_statements": 1, "percent_covered": 100.0, "percent_covered_display": "100", "missing_lines": 0, "excluded_lines": 0, "percent_statements_covered": 100.0, "percent_statements_covered_display": "100"}, "missing_lines": [], "excluded_lines": [], "start_line": 741}, "BitBirch.num_fitted_fps": {"executed_lines": [748], "summary": {"covered_lines": 1, "num_statements": 1, "percent_covered": 100.0, "percent_covered_display": "100", "missing_lines": 0, "excluded_lines": 0, "percent_statements_covered": 100.0, "percent_statements_covered_display": "100"}, "missing_lines": [], "excluded_lines": [], "start_line": 746}, "BitBirch.set_merge": {"executed_lines": [762, 767, 768, 770, 771, 772, 773, 776, 777, 778], "summary": {"covered_lines": 10, "num_statements": 15, "percent_covered": 66.66666666666667, "percent_covered_display": "67", "missing_lines": 5, "excluded_lines": 0, "percent_statements_covered": 66.66666666666667, "percent_statements_covered_display": "67"}, "missing_lines": [763, 769, 774, 775, 779], "excluded_lines": [], "start_line": 750}, "BitBirch.fit": {"executed_lines": [817, 818, 819, 821, 822, 824, 826, 828, 829, 830, 834, 835, 837, 838, 840, 843, 844, 846, 848, 849, 850, 852, 853, 854, 855, 856, 859, 860, 861, 862, 863, 865, 866, 867, 868, 869, 871, 872, 873, 875], "summary": {"covered_lines": 40, "num_statements": 42, "percent_covered": 95.23809523809524, "percent_covered_display": "95", "missing_lines": 2, "excluded_lines": 0, "percent_statements_covered": 95.23809523809524, "percent_statements_covered_display": "95"}, "missing_lines": [827, 874], "excluded_lines": [], "start_line": 781}, "BitBirch._fit_buffers": {"executed_lines": [907, 908, 909, 911, 913, 915, 917, 918, 919, 923, 924, 925, 926, 928, 929, 932, 934, 935, 936, 937, 946, 947, 948, 949, 950, 952, 953, 954, 956], "summary": {"covered_lines": 29, "num_statements": 37, "percent_covered": 78.37837837837837, "percent_covered_display": "78", "missing_lines": 8, "excluded_lines": 0, "percent_statements_covered": 78.37837837837837, "percent_statements_covered_display": "78"}, "missing_lines": [916, 930, 940, 941, 942, 943, 944, 955], "excluded_lines": [], "start_line": 877}, "BitBirch.fit_reinsert": {"executed_lines": [], "summary": {"covered_lines": 0, "num_statements": 1, "percent_covered": 0.0, "percent_covered_display": "0", "missing_lines": 1, "excluded_lines": 0, "percent_statements_covered": 0.0, "percent_statements_covered_display": "0"}, "missing_lines": [968], "excluded_lines": [], "start_line": 959}, "BitBirch._initialize_tree": {"executed_lines": [972, 973, 974], "summary": {"covered_lines": 3, "num_statements": 3, "percent_covered": 100.0, "percent_covered_display": "100", "missing_lines": 0, "excluded_lines": 0, "percent_statements_covered": 100.0, "percent_statements_covered_display": "100"}, "missing_lines": [], "excluded_lines": [], "start_line": 970}, "BitBirch._get_leaves": {"executed_lines": [978, 980, 981, 982, 983], "summary": {"covered_lines": 5, "num_statements": 6, "percent_covered": 83.33333333333333, "percent_covered_display": "83", "missing_lines": 1, "excluded_lines": 0, "percent_statements_covered": 83.33333333333333, "percent_statements_covered_display": "83"}, "missing_lines": [979], "excluded_lines": [], "start_line": 976}, "BitBirch.get_centroids_mol_ids": {"executed_lines": [991, 992, 993, 994, 995, 996, 997], "summary": {"covered_lines": 7, "num_statements": 7, "percent_covered": 100.0, "percent_covered_display": "100", "missing_lines": 0, "excluded_lines": 0, "percent_statements_covered": 100.0, "percent_statements_covered_display": "100"}, "missing_lines": [], "excluded_lines": [], "start_line": 985}, "BitBirch.get_centroids": {"executed_lines": [1007, 1008], "summary": {"covered_lines": 2, "num_statements": 2, "percent_covered": 100.0, "percent_covered_display": "100", "missing_lines": 0, "excluded_lines": 0, "percent_statements_covered": 100.0, "percent_statements_covered_display": "100"}, "missing_lines": [], "excluded_lines": [], "start_line": 999}, "BitBirch.get_medoids_mol_ids": {"executed_lines": [1023, 1027, 1028, 1029, 1032, 1033, 1034], "summary": {"covered_lines": 7, "num_statements": 7, "percent_covered": 100.0, "percent_covered_display": "100", "missing_lines": 0, "excluded_lines": 0, "percent_statements_covered": 100.0, "percent_statements_covered_display": "100"}, "missing_lines": [], "excluded_lines": [], "start_line": 1010}, "BitBirch._unpacked_medoids_from_members": {"executed_lines": [1044, 1047, 1048, 1049, 1054], "summary": {"covered_lines": 5, "num_statements": 5, "percent_covered": 100.0, "percent_covered_display": "100", "missing_lines": 0, "excluded_lines": 0, "percent_statements_covered": 100.0, "percent_statements_covered_display": "100"}, "missing_lines": [], "excluded_lines": [], "start_line": 1041}, "BitBirch.get_medoids": {"executed_lines": [1065], "summary": {"covered_lines": 1, "num_statements": 1, "percent_covered": 100.0, "percent_covered_display": "100", "missing_lines": 0, "excluded_lines": 0, "percent_statements_covered": 100.0, "percent_statements_covered_display": "100"}, "missing_lines": [], "excluded_lines": [], "start_line": 1056}, "BitBirch.get_cluster_mol_ids": {"executed_lines": [1073, 1074, 1078, 1083, 1084, 1086], "summary": {"covered_lines": 6, "num_statements": 7, "percent_covered": 85.71428571428571, "percent_covered_display": "86", "missing_lines": 1, "excluded_lines": 0, "percent_statements_covered": 85.71428571428571, "percent_statements_covered_display": "86"}, "missing_lines": [1075], "excluded_lines": [], "start_line": 1069}, "BitBirch._new_ids_from_labels": {"executed_lines": [1095, 1097, 1098, 1099, 1100], "summary": {"covered_lines": 5, "num_statements": 6, "percent_covered": 83.33333333333333, "percent_covered_display": "83", "missing_lines": 1, "excluded_lines": 0, "percent_statements_covered": 83.33333333333333, "percent_statements_covered_display": "83"}, "missing_lines": [1096], "excluded_lines": [], "start_line": 1089}, "BitBirch.get_assignments": {"executed_lines": [1110, 1112, 1117, 1118, 1123, 1124, 1130, 1141, 1142, 1145, 1147], "summary": {"covered_lines": 11, "num_statements": 21, "percent_covered": 52.38095238095238, "percent_covered_display": "52", "missing_lines": 10, "excluded_lines": 0, "percent_statements_covered": 52.38095238095238, "percent_statements_covered_display": "52"}, "missing_lines": [1111, 1113, 1120, 1126, 1131, 1132, 1136, 1137, 1138, 1146], "excluded_lines": [], "start_line": 1102}, "BitBirch.dump_assignments": {"executed_lines": [], "summary": {"covered_lines": 0, "num_statements": 12, "percent_covered": 0.0, "percent_covered_display": "0", "missing_lines": 12, "excluded_lines": 0, "percent_statements_covered": 0.0, "percent_statements_covered_display": "0"}, "missing_lines": [1158, 1160, 1161, 1162, 1163, 1165, 1168, 1169, 1173, 1174, 1175, 1176], "excluded_lines": [], "start_line": 1149}, "BitBirch.reset": {"executed_lines": [1185, 1186, 1187, 1188, 1189, 1190], "summary": {"covered_lines": 6, "num_statements": 6, "percent_covered": 100.0, "percent_covered_display": "100", "missing_lines": 0, "excluded_lines": 0, "percent_statements_covered": 100.0, "percent_statements_covered_display": "100"}, "missing_lines": [], "excluded_lines": [], "start_line": 1178}, "BitBirch.delete_internal_nodes": {"executed_lines": [1201, 1204], "summary": {"covered_lines": 2, "num_statements": 2, "percent_covered": 100.0, "percent_covered_display": "100", "missing_lines": 0, "excluded_lines": 0, "percent_statements_covered": 100.0, "percent_statements_covered_display": "100"}, "missing_lines": [], "excluded_lines": [], "start_line": 1192}, "BitBirch._only_has_leaves": {"executed_lines": [1208], "summary": {"covered_lines": 1, "num_statements": 1, "percent_covered": 100.0, "percent_covered_display": "100", "missing_lines": 0, "excluded_lines": 0, "percent_statements_covered": 100.0, "percent_statements_covered_display": "100"}, "missing_lines": [], "excluded_lines": [], "start_line": 1207}, "BitBirch.recluster_inplace": {"executed_lines": [], "summary": {"covered_lines": 0, "num_statements": 27, "percent_covered": 0.0, "percent_covered_display": "0", "missing_lines": 27, "excluded_lines": 0, "percent_statements_covered": 0.0, "percent_statements_covered_display": "0"}, "missing_lines": [1239, 1240, 1242, 1243, 1245, 1248, 1251, 1252, 1254, 1255, 1258, 1259, 1260, 1262, 1263, 1264, 1267, 1270, 1273, 1276, 1277, 1280, 1281, 1282, 1283, 1284, 1285], "excluded_lines": [], "start_line": 1210}, "BitBirch.refine_inplace": {"executed_lines": [1295, 1298, 1302, 1309, 1312, 1313, 1314], "summary": {"covered_lines": 7, "num_statements": 8, "percent_covered": 87.5, "percent_covered_display": "88", "missing_lines": 1, "excluded_lines": 0, "percent_statements_covered": 87.5, "percent_statements_covered_display": "88"}, "missing_lines": [1296], "excluded_lines": [], "start_line": 1287}, "BitBirch._get_leaf_bfs": {"executed_lines": [1318, 1319, 1321, 1322], "summary": {"covered_lines": 4, "num_statements": 4, "percent_covered": 100.0, "percent_covered_display": "100", "missing_lines": 0, "excluded_lines": 0, "percent_statements_covered": 100.0, "percent_statements_covered_display": "100"}, "missing_lines": [], "excluded_lines": [], "start_line": 1316}, "BitBirch._bf_to_np_refine": {"executed_lines": [1340, 1343, 1346, 1347, 1348, 1349, 1351, 1353, 1354, 1360, 1361, 1363, 1365, 1366, 1367, 1368, 1380, 1381, 1382, 1384, 1385, 1386, 1387, 1388, 1389, 1390], "summary": {"covered_lines": 26, "num_statements": 34, "percent_covered": 76.47058823529412, "percent_covered_display": "76", "missing_lines": 8, "excluded_lines": 0, "percent_statements_covered": 76.47058823529412, "percent_statements_covered_display": "76"}, "missing_lines": [1341, 1344, 1358, 1370, 1371, 1375, 1376, 1377], "excluded_lines": [], "start_line": 1324}, "BitBirch._bf_to_np": {"executed_lines": [1396], "summary": {"covered_lines": 1, "num_statements": 1, "percent_covered": 100.0, "percent_covered_display": "100", "missing_lines": 0, "excluded_lines": 0, "percent_statements_covered": 100.0, "percent_statements_covered_display": "100"}, "missing_lines": [], "excluded_lines": [], "start_line": 1392}, "BitBirch._prepare_bf_to_buffer_dicts": {"executed_lines": [1403, 1404, 1405, 1406, 1407, 1408], "summary": {"covered_lines": 6, "num_statements": 6, "percent_covered": 100.0, "percent_covered_display": "100", "missing_lines": 0, "excluded_lines": 0, "percent_statements_covered": 100.0, "percent_statements_covered_display": "100"}, "missing_lines": [], "excluded_lines": [], "start_line": 1399}, "BitBirch.__repr__": {"executed_lines": [], "summary": {"covered_lines": 0, "num_statements": 5, "percent_covered": 0.0, "percent_covered_display": "0", "missing_lines": 5, "excluded_lines": 0, "percent_statements_covered": 0.0, "percent_statements_covered_display": "0"}, "missing_lines": [1411, 1412, 1417, 1418, 1419], "excluded_lines": [], "start_line": 1410}, "BitBirch.save": {"executed_lines": [], "summary": {"covered_lines": 0, "num_statements": 7, "percent_covered": 0.0, "percent_covered_display": "0", "missing_lines": 7, "excluded_lines": 0, "percent_statements_covered": 0.0, "percent_statements_covered_display": "0"}, "missing_lines": [1425, 1429, 1430, 1431, 1432, 1433, 1434], "excluded_lines": [], "start_line": 1421}, "BitBirch.load": {"executed_lines": [], "summary": {"covered_lines": 0, "num_statements": 10, "percent_covered": 0.0, "percent_covered_display": "0", "missing_lines": 10, "excluded_lines": 0, "percent_statements_covered": 0.0, "percent_statements_covered_display": "0"}, "missing_lines": [1441, 1445, 1446, 1447, 1448, 1449, 1450, 1451, 1452, 1453], "excluded_lines": [], "start_line": 1437}, "BitBirch.global_clustering": {"executed_lines": [1464, 1468, 1470, 1471, 1474, 1475, 1478, 1479], "summary": {"covered_lines": 8, "num_statements": 9, "percent_covered": 88.88888888888889, "percent_covered_display": "89", "missing_lines": 1, "excluded_lines": 0, "percent_statements_covered": 88.88888888888889, "percent_statements_covered_display": "89"}, "missing_lines": [1469], "excluded_lines": [], "start_line": 1455}, "BitBirch._centrals_global_clustering": {"executed_lines": [1493, 1497, 1498, 1500, 1503, 1504, 1512, 1514, 1515, 1525], "summary": {"covered_lines": 10, "num_statements": 19, "percent_covered": 52.63157894736842, "percent_covered_display": "53", "missing_lines": 9, "excluded_lines": 0, "percent_statements_covered": 52.63157894736842, "percent_statements_covered_display": "53"}, "missing_lines": [1494, 1501, 1505, 1509, 1510, 1513, 1516, 1517, 1519], "excluded_lines": [], "start_line": 1482}, "_get_array_iterable": {"executed_lines": [1545, 1548, 1549, 1551, 1552, 1554], "summary": {"covered_lines": 6, "num_statements": 7, "percent_covered": 85.71428571428571, "percent_covered_display": "86", "missing_lines": 1, "excluded_lines": 0, "percent_statements_covered": 85.71428571428571, "percent_statements_covered_display": "86"}, "missing_lines": [1555], "excluded_lines": [], "start_line": 1539}, "_iter_sparse": {"executed_lines": [], "summary": {"covered_lines": 0, "num_statements": 13, "percent_covered": 0.0, "percent_covered_display": "0", "missing_lines": 13, "excluded_lines": 0, "percent_statements_covered": 0.0, "percent_statements_covered_display": "0"}, "missing_lines": [1560, 1562, 1563, 1564, 1565, 1566, 1567, 1568, 1569, 1570, 1571, 1572, 1573], "excluded_lines": [], "start_line": 1559}, "": {"executed_lines": [49, 50, 51, 52, 53, 54, 55, 56, 57, 58, 59, 60, 61, 63, 64, 66, 67, 73, 74, 78, 87, 90, 93, 94, 95, 97, 100, 101, 112, 113, 124, 160, 164, 166, 170, 199, 228, 280, 315, 323, 337, 338, 341, 342, 345, 346, 350, 355, 371, 426, 459, 461, 488, 489, 498, 499, 514, 515, 518, 519, 522, 523, 526, 527, 532, 533, 540, 552, 565, 571, 603, 604, 605, 608, 609, 610, 611, 614, 671, 721, 722, 725, 726, 729, 730, 736, 737, 740, 741, 745, 746, 750, 781, 877, 959, 970, 976, 985, 999, 1010, 1040, 1041, 1056, 1069, 1088, 1089, 1102, 1149, 1178, 1192, 1206, 1207, 1210, 1287, 1316, 1324, 1392, 1398, 1399, 1410, 1421, 1436, 1437, 1455, 1481, 1482, 1539, 1559], "summary": {"covered_lines": 128, "num_statements": 129, "percent_covered": 99.2248062015504, "percent_covered_display": "99", "missing_lines": 1, "excluded_lines": 0, "percent_statements_covered": 99.2248062015504, "percent_statements_covered_display": "99"}, "missing_lines": [88], "excluded_lines": [], "start_line": 1}}, "classes": {"_BFNode": {"executed_lines": [324, 327, 330, 334, 335, 339, 343, 348, 351, 352, 353, 365, 366, 367, 369, 378, 379, 380, 383, 386, 387, 388, 389, 392, 395, 398, 399, 401, 402, 405, 408, 412, 413, 416, 419, 420, 423], "summary": {"covered_lines": 37, "num_statements": 37, "percent_covered": 100.0, "percent_covered_display": "100", "missing_lines": 0, "excluded_lines": 0, "percent_statements_covered": 100.0, "percent_statements_covered_display": "100"}, "missing_lines": [], "excluded_lines": [], "start_line": 280}, "_BFSubcluster": {"executed_lines": [470, 480, 481, 482, 483, 485, 486, 490, 491, 502, 503, 504, 505, 506, 508, 509, 510, 511, 512, 516, 520, 524, 528, 529, 530, 536, 544, 546, 547, 548, 556, 557, 559, 560, 561, 566, 569, 578, 579, 580, 581, 582, 585, 586, 597, 598, 599, 600], "summary": {"covered_lines": 48, "num_statements": 49, "percent_covered": 97.95918367346938, "percent_covered_display": "98", "missing_lines": 1, "excluded_lines": 0, "percent_statements_covered": 97.95918367346938, "percent_statements_covered_display": "98"}, "missing_lines": [471], "excluded_lines": [], "start_line": 426}, "_CentroidsMolIds": {"executed_lines": [], "summary": {"covered_lines": 0, "num_statements": 0, "percent_covered": 100.0, "percent_covered_display": "100", "missing_lines": 0, "excluded_lines": 0, "percent_statements_covered": 100.0, "percent_statements_covered_display": "100"}, "missing_lines": [], "excluded_lines": [], "start_line": 603}, "_MedoidsMolIds": {"executed_lines": [], "summary": {"covered_lines": 0, "num_statements": 0, "percent_covered": 100.0, "percent_covered_display": "100", "missing_lines": 0, "excluded_lines": 0, "percent_statements_covered": 100.0, "percent_statements_covered_display": "100"}, "missing_lines": [], "excluded_lines": [], "start_line": 608}, "BitBirch": {"executed_lines": [680, 681, 682, 696, 697, 698, 702, 704, 705, 708, 709, 710, 712, 713, 714, 719, 723, 731, 732, 734, 743, 748, 762, 767, 768, 770, 771, 772, 773, 776, 777, 778, 817, 818, 819, 821, 822, 824, 826, 828, 829, 830, 834, 835, 837, 838, 840, 843, 844, 846, 848, 849, 850, 852, 853, 854, 855, 856, 859, 860, 861, 862, 863, 865, 866, 867, 868, 869, 871, 872, 873, 875, 907, 908, 909, 911, 913, 915, 917, 918, 919, 923, 924, 925, 926, 928, 929, 932, 934, 935, 936, 937, 946, 947, 948, 949, 950, 952, 953, 954, 956, 972, 973, 974, 978, 980, 981, 982, 983, 991, 992, 993, 994, 995, 996, 997, 1007, 1008, 1023, 1027, 1028, 1029, 1032, 1033, 1034, 1044, 1047, 1048, 1049, 1054, 1065, 1073, 1074, 1078, 1083, 1084, 1086, 1095, 1097, 1098, 1099, 1100, 1110, 1112, 1117, 1118, 1123, 1124, 1130, 1141, 1142, 1145, 1147, 1185, 1186, 1187, 1188, 1189, 1190, 1201, 1204, 1208, 1295, 1298, 1302, 1309, 1312, 1313, 1314, 1318, 1319, 1321, 1322, 1340, 1343, 1346, 1347, 1348, 1349, 1351, 1353, 1354, 1360, 1361, 1363, 1365, 1366, 1367, 1368, 1380, 1381, 1382, 1384, 1385, 1386, 1387, 1388, 1389, 1390, 1396, 1403, 1404, 1405, 1406, 1407, 1408, 1464, 1468, 1470, 1471, 1474, 1475, 1478, 1479, 1493, 1497, 1498, 1500, 1503, 1504, 1512, 1514, 1515, 1525], "summary": {"covered_lines": 224, "num_statements": 342, "percent_covered": 65.49707602339181, "percent_covered_display": "65", "missing_lines": 118, "excluded_lines": 0, "percent_statements_covered": 65.49707602339181, "percent_statements_covered_display": "65"}, "missing_lines": [684, 685, 689, 690, 694, 699, 727, 733, 738, 763, 769, 774, 775, 779, 827, 874, 916, 930, 940, 941, 942, 943, 944, 955, 968, 979, 1075, 1096, 1111, 1113, 1120, 1126, 1131, 1132, 1136, 1137, 1138, 1146, 1158, 1160, 1161, 1162, 1163, 1165, 1168, 1169, 1173, 1174, 1175, 1176, 1239, 1240, 1242, 1243, 1245, 1248, 1251, 1252, 1254, 1255, 1258, 1259, 1260, 1262, 1263, 1264, 1267, 1270, 1273, 1276, 1277, 1280, 1281, 1282, 1283, 1284, 1285, 1296, 1341, 1344, 1358, 1370, 1371, 1375, 1376, 1377, 1411, 1412, 1417, 1418, 1419, 1425, 1429, 1430, 1431, 1432, 1433, 1434, 1441, 1445, 1446, 1447, 1448, 1449, 1450, 1451, 1452, 1453, 1469, 1494, 1501, 1505, 1509, 1510, 1513, 1516, 1517, 1519], "excluded_lines": [], "start_line": 614}, "": {"executed_lines": [49, 50, 51, 52, 53, 54, 55, 56, 57, 58, 59, 60, 61, 63, 64, 66, 67, 73, 74, 78, 87, 90, 93, 94, 95, 97, 100, 101, 112, 113, 124, 138, 139, 144, 145, 148, 149, 152, 153, 155, 160, 164, 166, 170, 199, 202, 203, 204, 205, 206, 208, 209, 213, 215, 216, 217, 225, 228, 238, 239, 240, 241, 243, 244, 245, 246, 248, 251, 252, 253, 254, 257, 260, 267, 268, 269, 270, 271, 272, 273, 275, 276, 277, 280, 315, 323, 337, 338, 341, 342, 345, 346, 350, 355, 371, 426, 459, 461, 488, 489, 498, 499, 514, 515, 518, 519, 522, 523, 526, 527, 532, 533, 540, 552, 565, 571, 603, 604, 605, 608, 609, 610, 611, 614, 671, 721, 722, 725, 726, 729, 730, 736, 737, 740, 741, 745, 746, 750, 781, 877, 959, 970, 976, 985, 999, 1010, 1040, 1041, 1056, 1069, 1088, 1089, 1102, 1149, 1178, 1192, 1206, 1207, 1210, 1287, 1316, 1324, 1392, 1398, 1399, 1410, 1421, 1436, 1437, 1455, 1481, 1482, 1539, 1545, 1548, 1549, 1551, 1552, 1554, 1559], "summary": {"covered_lines": 180, "num_statements": 210, "percent_covered": 85.71428571428571, "percent_covered_display": "86", "missing_lines": 30, "excluded_lines": 0, "percent_statements_covered": 85.71428571428571, "percent_statements_covered_display": "86"}, "missing_lines": [88, 109, 121, 140, 141, 142, 143, 146, 154, 183, 190, 193, 194, 195, 210, 218, 1555, 1560, 1562, 1563, 1564, 1565, 1566, 1567, 1568, 1569, 1570, 1571, 1572, 1573], "excluded_lines": [], "start_line": 1}}}, "bblean/cli.py": {"executed_lines": [3, 4, 5, 6, 7, 8, 9, 10, 11, 12, 13, 14, 16, 18, 19, 20, 21, 23, 32, 33, 34, 36, 37, 38, 39, 42, 43, 44, 46, 54, 55, 56, 58, 59, 63, 64, 77, 80, 81, 159, 160, 356, 357, 415, 417, 419, 420, 422, 440, 441, 532, 534, 536, 537, 539, 547, 565, 566, 632, 634, 636, 637, 639, 657, 658, 787, 789, 791, 792, 794, 806, 824, 825, 907, 909, 911, 912, 913, 915, 934, 935, 982, 983, 1135, 1136, 1138, 1139, 1141, 1142, 1143, 1145, 1146, 1148, 1151, 1158, 1159, 1162, 1165, 1166, 1167, 1168, 1173, 1174, 1175, 1177, 1178, 1179, 1181, 1182, 1183, 1186, 1189, 1190, 1191, 1195, 1201, 1202, 1204, 1210, 1232, 1233, 1234, 1240, 1241, 1243, 1244, 1249, 1250, 1251, 1252, 1253, 1258, 1259, 1262, 1263, 1264, 1268, 1269, 1275, 1276, 1470, 1471, 1472, 1474, 1477, 1480, 1481, 1487, 1489, 1491, 1494, 1495, 1496, 1499, 1503, 1504, 1506, 1507, 1508, 1510, 1511, 1512, 1515, 1518, 1545, 1547, 1550, 1551, 1552, 1556, 1557, 1560, 1561, 1568, 1569, 1571, 1572, 1575, 1576, 1577, 1578, 1580, 1585, 1586, 1696, 1698, 1699, 1700, 1701, 1708, 1710, 1712, 1714, 1718, 1720, 1724, 1725, 1726, 1727, 1731, 1732, 1733, 1734, 1737, 1739, 1740, 1749, 1751, 1752, 1755, 1756, 1758, 1764, 1767, 1768, 1771, 1783, 1784, 1785, 1804, 1805, 1809, 1810, 1813, 1814, 1815, 1816, 1827, 1830, 1833, 1834, 1840, 1841, 1842, 1843, 1844, 1845, 1846, 1847, 1848, 1849, 1852, 1854, 1858, 1859, 1861, 1862, 1863, 1864, 1867, 1868, 1945, 1946, 2005, 2006, 2047, 2048, 2126, 2127, 2185, 2186], "summary": {"covered_lines": 261, "num_statements": 617, "percent_covered": 42.30145867098865, "percent_covered_display": "42", "missing_lines": 356, "excluded_lines": 0, "percent_statements_covered": 42.30145867098865, "percent_statements_covered_display": "42"}, "missing_lines": [45, 47, 48, 50, 57, 60, 106, 107, 109, 111, 113, 115, 116, 118, 119, 121, 122, 123, 124, 125, 126, 127, 128, 130, 131, 132, 133, 134, 135, 136, 137, 138, 140, 142, 143, 145, 146, 147, 148, 149, 150, 152, 153, 154, 155, 156, 241, 242, 243, 244, 245, 246, 248, 250, 251, 252, 253, 254, 255, 256, 257, 258, 260, 264, 265, 266, 267, 268, 272, 273, 282, 283, 284, 285, 286, 287, 288, 289, 290, 291, 292, 293, 294, 295, 296, 297, 298, 299, 300, 301, 302, 303, 304, 305, 306, 309, 310, 311, 314, 317, 318, 319, 320, 321, 322, 323, 324, 325, 327, 328, 329, 331, 332, 333, 342, 343, 344, 345, 346, 347, 348, 349, 350, 351, 352, 353, 969, 970, 972, 973, 974, 977, 978, 979, 1140, 1144, 1152, 1153, 1154, 1157, 1164, 1169, 1176, 1187, 1192, 1193, 1211, 1216, 1217, 1221, 1222, 1227, 1228, 1229, 1230, 1235, 1236, 1239, 1245, 1246, 1247, 1255, 1256, 1265, 1266, 1478, 1479, 1483, 1488, 1497, 1505, 1516, 1553, 1554, 1573, 1579, 1581, 1582, 1713, 1715, 1716, 1728, 1729, 1730, 1736, 1743, 1744, 1748, 1750, 1761, 1762, 1770, 1787, 1791, 1792, 1798, 1799, 1800, 1801, 1812, 1902, 1903, 1905, 1906, 1907, 1908, 1909, 1910, 1911, 1912, 1913, 1914, 1915, 1917, 1920, 1922, 1923, 1924, 1925, 1926, 1927, 1930, 1931, 1932, 1933, 1935, 1937, 1938, 1939, 1940, 1968, 1969, 1971, 1973, 1974, 1975, 1979, 1980, 1981, 1982, 1983, 1984, 1985, 1988, 1989, 1990, 1991, 1992, 1993, 1994, 1995, 1996, 1997, 1998, 2002, 2017, 2018, 2020, 2022, 2023, 2024, 2025, 2026, 2027, 2028, 2029, 2030, 2031, 2032, 2033, 2034, 2035, 2039, 2040, 2041, 2042, 2043, 2044, 2081, 2082, 2083, 2084, 2089, 2090, 2091, 2095, 2096, 2097, 2098, 2099, 2100, 2101, 2104, 2105, 2106, 2107, 2109, 2110, 2111, 2112, 2113, 2114, 2115, 2116, 2118, 2119, 2123, 2148, 2149, 2150, 2152, 2154, 2155, 2159, 2160, 2161, 2162, 2163, 2164, 2165, 2168, 2169, 2170, 2171, 2175, 2176, 2177, 2179, 2180, 2181, 2182, 2197, 2198, 2199, 2201, 2203, 2204, 2208, 2209, 2210, 2211, 2212, 2213, 2214, 2215, 2216, 2217, 2218, 2222, 2223, 2224, 2225, 2227, 2228, 2229, 2230], "excluded_lines": [], "functions": {"_print_help_banner": {"executed_lines": [33, 34, 36, 37, 38, 39], "summary": {"covered_lines": 6, "num_statements": 6, "percent_covered": 100.0, "percent_covered_display": "100", "missing_lines": 0, "excluded_lines": 0, "percent_statements_covered": 100.0, "percent_statements_covered_display": "100"}, "missing_lines": [], "excluded_lines": [], "start_line": 32}, "_validate_output_dir": {"executed_lines": [43, 44, 46], "summary": {"covered_lines": 3, "num_statements": 7, "percent_covered": 42.857142857142854, "percent_covered_display": "43", "missing_lines": 4, "excluded_lines": 0, "percent_statements_covered": 42.857142857142854, "percent_statements_covered_display": "43"}, "missing_lines": [45, 47, 48, 50], "excluded_lines": [], "start_line": 42}, "_validate_input_dir": {"exec
[...]
cent_covered": 0.0, "percent_covered_display": "0", "missing_lines": 1, "excluded_lines": 0, "percent_statements_covered": 0.0, "percent_statements_covered_display": "0"}, "missing_lines": [179], "excluded_lines": [], "start_line": 173}, "jt_isim_radius": {"executed_lines": [], "summary": {"covered_lines": 0, "num_statements": 1, "percent_covered": 0.0, "percent_covered_display": "0", "missing_lines": 1, "excluded_lines": 0, "percent_statements_covered": 0.0, "percent_statements_covered_display": "0"}, "missing_lines": [199], "excluded_lines": [], "start_line": 193}, "jt_isim_radius_compl": {"executed_lines": [], "summary": {"covered_lines": 0, "num_statements": 1, "percent_covered": 0.0, "percent_covered_display": "0", "missing_lines": 1, "excluded_lines": 0, "percent_statements_covered": 0.0, "percent_statements_covered_display": "0"}, "missing_lines": [219], "excluded_lines": [], "start_line": 213}, "jt_isim_radius_compl_from_sum": {"executed_lines": [238, 239, 240, 241, 242, 243], "summary": {"covered_lines": 6, "num_statements": 6, "percent_covered": 100.0, "percent_covered_display": "100", "missing_lines": 0, "excluded_lines": 0, "percent_statements_covered": 100.0, "percent_statements_covered_display": "100"}, "missing_lines": [], "excluded_lines": [], "start_line": 233}, "jt_isim_radius_from_sum": {"executed_lines": [], "summary": {"covered_lines": 0, "num_statements": 1, "percent_covered": 0.0, "percent_covered_display": "0", "missing_lines": 1, "excluded_lines": 0, "percent_statements_covered": 0.0, "percent_statements_covered_display": "0"}, "missing_lines": [248], "excluded_lines": [], "start_line": 246}, "jt_isim_diameter_from_sum": {"executed_lines": [], "summary": {"covered_lines": 0, "num_statements": 1, "percent_covered": 0.0, "percent_covered_display": "0", "missing_lines": 1, "excluded_lines": 0, "percent_statements_covered": 0.0, "percent_statements_covered_display": "0"}, "missing_lines": [255], "excluded_lines": [], "start_line": 251}, "jt_sim_packed": {"executed_lines": [269, 270, 271, 272, 273, 274], "summary": {"covered_lines": 6, "num_statements": 7, "percent_covered": 85.71428571428571, "percent_covered_display": "86", "missing_lines": 1, "excluded_lines": 0, "percent_statements_covered": 85.71428571428571, "percent_statements_covered_display": "86"}, "missing_lines": [275], "excluded_lines": [], "start_line": 259}, "jt_sim_matrix_packed": {"executed_lines": [282, 283, 285, 287, 288], "summary": {"covered_lines": 5, "num_statements": 5, "percent_covered": 100.0, "percent_covered_display": "100", "missing_lines": 0, "excluded_lines": 0, "percent_statements_covered": 100.0, "percent_statements_covered_display": "100"}, "missing_lines": [], "excluded_lines": [], "start_line": 280}, "estimate_jt_std": {"executed_lines": [305, 306, 311, 315, 316, 319, 322, 323, 324, 327, 328, 329, 330, 331, 332], "summary": {"covered_lines": 15, "num_statements": 20, "percent_covered": 75.0, "percent_covered_display": "75", "missing_lines": 5, "excluded_lines": 0, "percent_statements_covered": 75.0, "percent_statements_covered_display": "75"}, "missing_lines": [307, 308, 309, 310, 318], "excluded_lines": [], "start_line": 291}, "jt_stratified_sampling": {"executed_lines": [354, 355, 356, 357, 359, 361, 363], "summary": {"covered_lines": 7, "num_statements": 7, "percent_covered": 100.0, "percent_covered_display": "100", "missing_lines": 0, "excluded_lines": 0, "percent_statements_covered": 100.0, "percent_statements_covered_display": "100"}, "missing_lines": [], "excluded_lines": [], "start_line": 335}, "": {"executed_lines": [3, 4, 6, 7, 12, 37, 38, 43, 53, 54, 90, 91, 100, 106, 135, 173, 193, 213, 233, 246, 251, 259, 280, 291, 335], "summary": {"covered_lines": 25, "num_statements": 34, "percent_covered": 73.52941176470588, "percent_covered_display": "74", "missing_lines": 9, "excluded_lines": 0, "percent_statements_covered": 73.52941176470588, "percent_statements_covered_display": "74"}, "missing_lines": [44, 66, 68, 69, 72, 75, 79, 80, 88], "excluded_lines": [], "start_line": 1}}, "classes": {"": {"executed_lines": [3, 4, 6, 7, 12, 37, 38, 43, 53, 54, 90, 91, 100, 106, 121, 123, 125, 126, 128, 129, 130, 132, 135, 168, 169, 173, 193, 213, 233, 238, 239, 240, 241, 242, 243, 246, 251, 259, 269, 270, 271, 272, 273, 274, 280, 282, 283, 285, 287, 288, 291, 305, 306, 311, 315, 316, 319, 322, 323, 324, 327, 328, 329, 330, 331, 332, 335, 354, 355, 356, 357, 359, 361, 363], "summary": {"covered_lines": 74, "num_statements": 98, "percent_covered": 75.51020408163265, "percent_covered_display": "76", "missing_lines": 24, "excluded_lines": 0, "percent_statements_covered": 75.51020408163265, "percent_statements_covered_display": "76"}, "missing_lines": [44, 66, 68, 69, 72, 75, 79, 80, 88, 122, 124, 131, 170, 179, 199, 219, 248, 255, 275, 307, 308, 309, 310, 318], "excluded_lines": [], "start_line": 1}}}, "bblean/sklearn.py": {"executed_lines": [8, 9, 10, 11, 13, 14, 15, 23, 24, 25, 27, 51, 65, 67, 76, 82, 84, 85, 88, 89, 92, 93, 94, 95, 96, 97, 99, 100, 107, 109, 110, 111, 112, 115, 118, 119, 121, 123, 127, 128, 129, 135, 136, 137, 139, 145, 146, 147, 152, 153, 155, 156, 157, 158, 161, 168, 171, 173, 176, 180, 183, 187, 193, 197, 200], "summary": {"covered_lines": 65, "num_statements": 67, "percent_covered": 97.01492537313433, "percent_covered_display": "97", "missing_lines": 2, "excluded_lines": 0, "percent_statements_covered": 97.01492537313433, "percent_statements_covered_display": "97"}, "missing_lines": [108, 120], "excluded_lines": [], "functions": {"BitBirch.__init__": {"executed_lines": [76, 82], "summary": {"covered_lines": 2, "num_statements": 2, "percent_covered": 100.0, "percent_covered_display": "100", "missing_lines": 0, "excluded_lines": 0, "percent_statements_covered": 100.0, "percent_statements_covered_display": "100"}, "missing_lines": [], "excluded_lines": [], "start_line": 67}, "BitBirch.fit": {"executed_lines": [88, 89, 92, 93, 94, 95, 96, 97], "summary": {"covered_lines": 8, "num_statements": 8, "percent_covered": 100.0, "percent_covered_display": "100", "missing_lines": 0, "excluded_lines": 0, "percent_statements_covered": 100.0, "percent_statements_covered_display": "100"}, "missing_lines": [], "excluded_lines": [], "start_line": 85}, "BitBirch.partial_fit": {"executed_lines": [107, 109, 110, 111, 112], "summary": {"covered_lines": 5, "num_statements": 6, "percent_covered": 83.33333333333333, "percent_covered_display": "83", "missing_lines": 1, "excluded_lines": 0, "percent_statements_covered": 83.33333333333333, "percent_statements_covered_display": "83"}, "missing_lines": [108], "excluded_lines": [], "start_line": 100}, "BitBirch.fit_predict": {"executed_lines": [118, 119, 121], "summary": {"covered_lines": 3, "num_statements": 4, "percent_covered": 75.0, "percent_covered_display": "75", "missing_lines": 1, "excluded_lines": 0, "percent_statements_covered": 75.0, "percent_statements_covered_display": "75"}, "missing_lines": [120], "excluded_lines": [], "start_line": 115}, "BitBirch.predict": {"executed_lines": [127, 128, 129, 135, 136, 137], "summary": {"covered_lines": 6, "num_statements": 6, "percent_covered": 100.0, "percent_covered_display": "100", "missing_lines": 0, "excluded_lines": 0, "percent_statements_covered": 100.0, "percent_statements_covered_display": "100"}, "missing_lines": [], "excluded_lines": [], "start_line": 123}, "BitBirch.transform": {"executed_lines": [145, 146, 147, 152, 153], "summary": {"covered_lines": 5, "num_statements": 5, "percent_covered": 100.0, "percent_covered_display": "100", "missing_lines": 0, "excluded_lines": 0, "percent_statements_covered": 100.0, "percent_statements_covered_display": "100"}, "missing_lines": [], "excluded_lines": [], "start_line": 139}, "BitBirch.__sklearn_tags__": {"executed_lines": [156, 157, 158], "summary": {"covered_lines": 3, "num_statements": 3, "percent_covered": 100.0, "percent_covered_display": "100", "missing_lines": 0, "excluded_lines": 0, "percent_statements_covered": 100.0, "percent_statements_covered_display": "100"}, "missing_lines": [], "excluded_lines": [], "start_line": 155}, "UnpackedBitBirch.fit": {"executed_lines": [171], "summary": {"covered_lines": 1, "num_statements": 1, "percent_covered": 100.0, "percent_covered_display": "100", "missing_lines": 0, "excluded_lines": 0, "percent_statements_covered": 100.0, "percent_statements_covered_display": "100"}, "missing_lines": [], "excluded_lines": [], "start_line": 168}, "UnpackedBitBirch.partial_fit": {"executed_lines": [176], "summary": {"covered_lines": 1, "num_statements": 1, "percent_covered": 100.0, "percent_covered_display": "100", "missing_lines": 0, "excluded_lines": 0, "percent_statements_covered": 100.0, "percent_statements_covered_display": "100"}, "missing_lines": [], "excluded_lines": [], "start_line": 173}, "UnpackedBitBirch.fit_predict": {"executed_lines": [183], "summary": {"covered_lines": 1, "num_statements": 1, "percent_covered": 100.0, "percent_covered_display": "100", "missing_lines": 0, "excluded_lines": 0, "percent_statements_covered": 100.0, "percent_statements_covered_display": "100"}, "missing_lines": [], "excluded_lines": [], "start_line": 180}, "UnpackedBitBirch.predict": {"executed_lines": [193], "summary": {"covered_lines": 1, "num_statements": 1, "percent_covered": 100.0, "percent_covered_display": "100", "missing_lines": 0, "excluded_lines": 0, "percent_statements_covered": 100.0, "percent_statements_covered_display": "100"}, "missing_lines": [], "excluded_lines": [], "start_line": 187}, "UnpackedBitBirch.transform": {"executed_lines": [200], "summary": {"covered_lines": 1, "num_statements": 1, "percent_covered": 100.0, "percent_covered_display": "100", "missing_lines": 0, "excluded_lines": 0, "percent_statements_covered": 100.0, "percent_statements_covered_display": "100"}, "missing_lines": [], "excluded_lines": [], "start_line": 197}, "": {"executed_lines": [8, 9, 10, 11, 13, 14, 15, 23, 24, 25, 27, 51, 65, 67, 84, 85, 99, 100, 115, 123, 139, 155, 161, 168, 173, 180, 187, 197], "summary": {"covered_lines": 28, "num_statements": 28, "percent_covered": 100.0, "percent_covered_display": "100", "missing_lines": 0, "excluded_lines": 0, "percent_statements_covered": 100.0, "percent_statements_covered_display": "100"}, "missing_lines": [], "excluded_lines": [], "start_line": 1}}, "classes": {"BitBirch": {"executed_lines": [76, 82, 88, 89, 92, 93, 94, 95, 96, 97, 107, 109, 110, 111, 112, 118, 119, 121, 127, 128, 129, 135, 136, 137, 145, 146, 147, 152, 153, 156, 157, 158], "summary": {"covered_lines": 32, "num_statements": 34, "percent_covered": 94.11764705882354, "percent_covered_display": "94", "missing_lines": 2, "excluded_lines": 0, "percent_statements_covered": 94.11764705882354, "percent_statements_covered_display": "94"}, "missing_lines": [108, 120], "excluded_lines": [], "start_line": 51}, "UnpackedBitBirch": {"executed_lines": [171, 176, 183, 193, 200], "summary": {"covered_lines": 5, "num_statements": 5, "percent_covered": 100.0, "percent_covered_display": "100", "missing_lines": 0, "excluded_lines": 0, "percent_statements_covered": 100.0, "percent_statements_covered_display": "100"}, "missing_lines": [], "excluded_lines": [], "start_line": 161}, "": {"executed_lines": [8, 9, 10, 11, 13, 14, 15, 23, 24, 25, 27, 51, 65, 67, 84, 85, 99, 100, 115, 123, 139, 155, 161, 168, 173, 180, 187, 197], "summary": {"covered_lines": 28, "num_statements": 28, "percent_covered": 100.0, "percent_covered_display": "100", "missing_lines": 0, "excluded_lines": 0, "percent_statements_covered": 100.0, "percent_statements_covered_display": "100"}, "missing_lines": [], "excluded_lines": [], "start_line": 1}}}, "bblean/smiles.py": {"executed_lines": [3, 4, 5, 6, 8, 10, 16, 19, 21, 22, 23, 25, 26, 29, 31, 36, 46, 47, 48, 49, 50, 51, 55, 59, 66, 69, 76, 77, 80, 81, 82, 83, 84, 85, 88], "summary": {"covered_lines": 35, "num_statements": 41, "percent_covered": 85.36585365853658, "percent_covered_display": "85", "missing_lines": 6, "excluded_lines": 0, "percent_statements_covered": 85.36585365853658, "percent_statements_covered_display": "85"}, "missing_lines": [24, 52, 56, 60, 79, 94], "excluded_lines": [], "functions": {"load_smiles": {"executed_lines": [21, 22, 23, 25, 26], "summary": {"covered_lines": 5, "num_statements": 6, "percent_covered": 83.33333333333333, "percent_covered_display": "83", "missing_lines": 1, "excluded_lines": 0, "percent_statements_covered": 83.33333333333333, "percent_statements_covered_display": "83"}, "missing_lines": [24], "excluded_lines": [], "start_line": 19}, "calc_num_smiles": {"executed_lines": [31], "summary": {"covered_lines": 1, "num_statements": 1, "percent_covered": 100.0, "percent_covered_display": "100", "missing_lines": 0, "excluded_lines": 0, "percent_statements_covered": 100.0, "percent_statements_covered_display": "100"}, "missing_lines": [], "excluded_lines": [], "start_line": 29}, "iter_smiles_from_paths": {"executed_lines": [46, 47, 48, 49, 50, 51, 55, 59, 66], "summary": {"covered_lines": 9, "num_statements": 12, "percent_covered": 75.0, "percent_covered_display": "75", "missing_lines": 3, "excluded_lines": 0, "percent_statements_covered": 75.0, "percent_statements_covered_display": "75"}, "missing_lines": [52, 56, 60], "excluded_lines": [], "start_line": 36}, "_iter_ranges_and_smiles_batches": {"executed_lines": [76, 77, 80, 81, 82, 83, 84, 85], "summary": {"covered_lines": 8, "num_statements": 9, "percent_covered": 88.88888888888889, "percent_covered_display": "89", "missing_lines": 1, "excluded_lines": 0, "percent_statements_covered": 88.88888888888889, "percent_statements_covered_display": "89"}, "missing_lines": [79], "excluded_lines": [], "start_line": 69}, "_iter_idxs_and_smiles_batches": {"executed_lines": [], "summary": {"covered_lines": 0, "num_statements": 1, "percent_covered": 0.0, "percent_covered_display": "0", "missing_lines": 1, "excluded_lines": 0, "percent_statements_covered": 0.0, "percent_statements_covered_display": "0"}, "missing_lines": [94], "excluded_lines": [], "start_line": 88}, "": {"executed_lines": [3, 4, 5, 6, 8, 10, 16, 19, 29, 36, 69, 88], "summary": {"covered_lines": 12, "num_statements": 12, "percent_covered": 100.0, "percent_covered_display": "100", "missing_lines": 0, "excluded_lines": 0, "percent_statements_covered": 100.0, "percent_statements_covered_display": "100"}, "missing_lines": [], "excluded_lines": [], "start_line": 1}}, "classes": {"": {"executed_lines": [3, 4, 5, 6, 8, 10, 16, 19, 21, 22, 23, 25, 26, 29, 31, 36, 46, 47, 48, 49, 50, 51, 55, 59, 66, 69, 76, 77, 80, 81, 82, 83, 84, 85, 88], "summary": {"covered_lines": 35, "num_statements": 41, "percent_covered": 85.36585365853658, "percent_covered_display": "85", "missing_lines": 6, "excluded_lines": 0, "percent_statements_covered": 85.36585365853658, "percent_statements_covered_display": "85"}, "missing_lines": [24, 52, 56, 60, 79, 94], "excluded_lines": [], "start_line": 1}}}, "bblean/utils.py": {"executed_lines": [3, 4, 5, 6, 7, 8, 9, 10, 12, 13, 15, 22, 25, 30, 32, 33, 34, 38, 44, 46, 47, 48, 51, 54, 56, 58, 66, 67, 68, 71, 72, 75, 78, 79, 90, 91, 92, 93, 94, 100, 111, 113, 115, 116, 119, 120, 123, 125, 126, 129, 130], "summary": {"covered_lines": 51, "num_statements": 73, "percent_covered": 69.86301369863014, "percent_covered_display": "70", "missing_lines": 22, "excluded_lines": 0, "percent_statements_covered": 69.86301369863014, "percent_statements_covered_display": "70"}, "missing_lines": [45, 55, 59, 61, 62, 64, 74, 80, 81, 87, 88, 97, 101, 102, 103, 104, 106, 107, 108, 114, 118, 128], "excluded_lines": [], "functions": {"min_safe_uint": {"executed_lines": [30, 32, 33, 34], "summary": {"covered_lines": 4, "num_statements": 4, "percent_covered": 100.0, "percent_covered_display": "100", "missing_lines": 0, "excluded_lines": 0, "percent_statements_covered": 100.0, "percent_statements_covered_display": "100"}, "missing_lines": [], "excluded_lines": [], "start_line": 25}, "batched": {"executed_lines": [44, 46, 47, 48], "summary": {"covered_lines": 4, "num_statements": 5, "percent_covered": 80.0, "percent_covered_display": "80", "missing_lines": 1, "excluded_lines": 0, "percent_statements_covered": 80.0, "percent_statements_covered_display": "80"}, "missing_lines": [45], "excluded_lines": [], "start_line": 38}, "_import_bitbirch_variant": {"executed_lines": [54, 56, 58, 66, 67, 68], "summary": {"covered_lines": 6, "num_statements": 11, "percent_covered": 54.54545454545455, "percent_covered_display": "55", "missing_lines": 5, "excluded_lines": 0, "percent_statements_covered": 54.54545454545455, "percent_statements_covered_display": "55"}, "missing_lines": [55, 59, 61, 62, 64], "excluded_lines": [], "start_line": 51}, "_num_avail_cpus": {"executed_lines": [72, 75], "summary": {"covered_lines": 2, "num_statements": 3, "percent_covered": 66.66666666666667, "percent_covered_display": "67", "missing_lines": 1, "excluded_lines": 0, "percent_statements_covered": 66.66666666666667, "percent_statements_covered_display": "67"}, "missing_lines": [74], "excluded_lines": [], "start_line": 71}, "_cpu_name": {"executed_lines": [79, 90, 91, 92, 93, 94], "summary": {"covered_lines": 6, "num_statements": 11, "percent_covered": 54.54545454545455, "percent_covered_display": "55", "missing_lines": 5, "excluded_lines": 0, "percent_statements_covered": 54.54545454545455, "percent_statements_covered_display": "55"}, "missing_lines": [80, 81, 87, 88, 97], "excluded_lines": [], "start_line": 78}, "_has_files_or_valid_symlinks": {"executed_lines": [], "summary": {"covered_lines": 0, "num_statements": 7, "percent_covered": 0.0, "percent_covered_display": "0", "missing_lines": 7, "excluded_lines": 0, "percent_statements_covered": 0.0, "percent_statements_covered_display": "0"}, "missing_lines": [101, 102, 103, 104, 106, 107, 108], "excluded_lines": [], "start_line": 100}, "cpp_extensions_are_enabled": {"executed_lines": [113, 115, 116, 119, 120], "summary": {"covered_lines": 5, "num_statements": 7, "percent_covered": 71.42857142857143, "percent_covered_display": "71", "missing_lines": 2, "excluded_lines": 0, "percent_statements_covered": 71.42857142857143, "percent_statements_covered_display": "71"}, "missing_lines": [114, 118], "excluded_lines": [], "start_line": 111}, "cpp_extensions_are_installed": {"executed_lines": [125, 126, 129, 130], "summary": {"covered_lines": 4, "num_statements": 5, "percent_covered": 80.0, "percent_covered_display": "80", "missing_lines": 1, "excluded_lines": 0, "percent_statements_covered": 80.0, "percent_statements_covered_display": "80"}, "missing_lines": [128], "excluded_lines": [], "start_line": 123}, "": {"executed_lines": [3, 4, 5, 6, 7, 8, 9, 10, 12, 13, 15, 22, 25, 38, 51, 71, 78, 100, 111, 123], "summary": {"covered_lines": 20, "num_statements": 20, "percent_covered": 100.0, "percent_covered_display": "100", "missing_lines": 0, "excluded_lines": 0, "percent_statements_covered": 100.0, "percent_statements_covered_display": "100"}, "missing_lines": [], "excluded_lines": [], "start_line": 1}}, "classes": {"": {"executed_lines": [3, 4, 5, 6, 7, 8, 9, 10, 12, 13, 15, 22, 25, 30, 32, 33, 34, 38, 44, 46, 47, 48, 51, 54, 56, 58, 66, 67, 68, 71, 72, 75, 78, 79, 90, 91, 92, 93, 94, 100, 111, 113, 115, 116, 119, 120, 123, 125, 126, 129, 130], "summary": {"covered_lines": 51, "num_statements": 73, "percent_covered": 69.86301369863014, "percent_covered_display": "70", "missing_lines": 22, "excluded_lines": 0, "percent_statements_covered": 69.86301369863014, "percent_statements_covered_display": "70"}, "missing_lines": [45, 55, 59, 61, 62, 64, 74, 80, 81, 87, 88, 97, 101, 102, 103, 104, 106, 107, 108, 114, 118, 128], "excluded_lines": [], "start_line": 1}}}}, "totals": {"covered_lines": 2110, "num_statements": 3055, "percent_covered": 69.0671031096563, "percent_covered_display": "69", "missing_lines": 945, "excluded_lines": 5, "percent_statements_covered": 69.0671031096563, "percent_statements_covered_display": "69"}}